Log file open, 06/26/20 01:00:25
LogInit: Display: Running engine for game: ToonTanks
LogPlatformFile: Not using cached read wrapper
LogTaskGraph: Started task graph with 5 named threads and 14 total threads with 3 sets of task threads.
LogStats: Stats thread started at 1.296695
LogD3D11RHI: Loaded GFSDK_Aftermath_Lib.x64.dll
LogICUInternationalization: ICU TimeZone Detection - Raw Offset: -8:00, Platform Override: ''
LogPluginManager: Mounting plugin Paper2D
LogPluginManager: Mounting plugin AISupport
LogPluginManager: Mounting plugin LightPropagationVolume
LogPluginManager: Mounting plugin CameraShakePreviewer
LogPluginManager: Mounting plugin ActorLayerUtilities
LogPluginManager: Mounting plugin AnimationSharing
LogPluginManager: Mounting plugin CLionSourceCodeAccess
LogPluginManager: Mounting plugin CodeLiteSourceCodeAccess
LogPluginManager: Mounting plugin GitSourceControl
LogPluginManager: Mounting plugin KDevelopSourceCodeAccess
LogPluginManager: Mounting plugin NullSourceCodeAccess
LogPluginManager: Mounting plugin PerforceSourceControl
LogPluginManager: Mounting plugin PlasticSourceControl
LogPluginManager: Mounting plugin RiderSourceCodeAccess
LogPluginManager: Mounting plugin SubversionSourceControl
LogPluginManager: Mounting plugin UObjectPlugin
LogPluginManager: Mounting plugin VisualStudioCodeSourceCodeAccess
LogPluginManager: Mounting plugin VisualStudioSourceCodeAccess
LogPluginManager: Mounting plugin XCodeSourceCodeAccess
LogPluginManager: Mounting plugin AssetManagerEditor
LogPluginManager: Mounting plugin CryptoKeys
LogPluginManager: Mounting plugin CurveEditorTools
LogPluginManager: Mounting plugin DataValidation
LogPluginManager: Mounting plugin EditorScriptingUtilities
LogPluginManager: Mounting plugin FacialAnimation
LogPluginManager: Mounting plugin GameplayTagsEditor
LogPluginManager: Mounting plugin GeometryMode
LogPluginManager: Mounting plugin MacGraphicsSwitching
LogPluginManager: Mounting plugin MaterialAnalyzer
LogPluginManager: Mounting plugin MobileLauncherProfileWizard
LogPluginManager: Mounting plugin PluginBrowser
LogPluginManager: Mounting plugin SpeedTreeImporter
LogPluginManager: Mounting plugin DatasmithContent
LogPluginManager: Mounting plugin VariantManagerContent
LogPluginManager: Mounting plugin AlembicImporter
LogPluginManager: Mounting plugin AutomationUtils
LogPluginManager: Mounting plugin BackChannel
LogPluginManager: Mounting plugin ChaosCloth
LogPluginManager: Mounting plugin ChaosClothEditor
LogPluginManager: Mounting plugin ChaosEditor
LogPluginManager: Mounting plugin ChaosNiagara
LogPluginManager: Mounting plugin ChaosSolverPlugin
LogPluginManager: Mounting plugin CharacterAI
LogPluginManager: Mounting plugin GeometryCache
LogPluginManager: Mounting plugin GeometryCollectionPlugin
LogPluginManager: Mounting plugin GeometryProcessing
LogPluginManager: Mounting plugin PlanarCut
LogPluginManager: Mounting plugin PlatformCrypto
LogPluginManager: Mounting plugin ProxyLODPlugin
LogPluginManager: Mounting plugin SkeletalReduction
LogPluginManager: Mounting plugin Niagara
LogPluginManager: Mounting plugin MagicLeap
LogPluginManager: Mounting plugin MagicLeapLightEstimation
LogPluginManager: Mounting plugin MagicLeapMedia
LogPluginManager: Mounting plugin MagicLeapPassableWorld
LogPluginManager: Mounting plugin MLSDK
LogPluginManager: Mounting plugin AndroidMedia
LogPluginManager: Mounting plugin AvfMedia
LogPluginManager: Mounting plugin ImgMedia
LogPluginManager: Mounting plugin MediaCompositing
LogPluginManager: Mounting plugin MediaPlayerEditor
LogPluginManager: Mounting plugin WebMMedia
LogPluginManager: Mounting plugin WmfMedia
LogPluginManager: Mounting plugin MeshPainting
LogPluginManager: Mounting plugin TcpMessaging
LogPluginManager: Mounting plugin UdpMessaging
LogPluginManager: Mounting plugin ActorSequence
LogPluginManager: Mounting plugin LevelSequenceEditor
LogPluginManager: Mounting plugin MatineeToLevelSequence
LogPluginManager: Mounting plugin MovieRenderPipeline
LogPluginManager: Mounting plugin TemplateSequence
LogPluginManager: Mounting plugin NetcodeUnitTest
LogPluginManager: Mounting plugin NUTUnrealEngine4
LogPluginManager: Mounting plugin OnlineSubsystemGooglePlay
LogPluginManager: Mounting plugin OnlineSubsystemIOS
LogPluginManager: Mounting plugin OnlineSubsystem
LogPluginManager: Mounting plugin OnlineSubsystemNull
LogPluginManager: Mounting plugin OnlineSubsystemUtils
LogPluginManager: Mounting plugin LauncherChunkInstaller
LogPluginManager: Mounting plugin AndroidDeviceProfileSelector
LogPluginManager: Mounting plugin AndroidMoviePlayer
LogPluginManager: Mounting plugin AndroidPermission
LogPluginManager: Mounting plugin AppleImageUtils
LogPluginManager: Mounting plugin AppleMoviePlayer
LogPluginManager: Mounting plugin ArchVisCharacter
LogPluginManager: Mounting plugin AssetTags
LogPluginManager: Mounting plugin AudioCapture
LogPluginManager: Mounting plugin CableComponent
LogPluginManager: Mounting plugin CustomMeshComponent
LogPluginManager: Mounting plugin EditableMesh
LogPluginManager: Mounting plugin ExampleDeviceProfileSelector
LogPluginManager: Mounting plugin GoogleCloudMessaging
LogPluginManager: Mounting plugin GooglePAD
LogPluginManager: Mounting plugin IOSDeviceProfileSelector
LogPluginManager: Mounting plugin LinuxDeviceProfileSelector
LogPluginManager: Mounting plugin LocationServicesBPLibrary
LogPluginManager: Mounting plugin MobilePatchingUtils
LogPluginManager: Mounting plugin OculusVR
LogPluginManager: Mounting plugin PhysXVehicles
LogPluginManager: Mounting plugin PostSplashScreen
LogPluginManager: Mounting plugin ProceduralMeshComponent
LogPluginManager: Mounting plugin RuntimePhysXCooking
LogPluginManager: Mounting plugin SignificanceManager
LogPluginManager: Mounting plugin SoundFields
LogPluginManager: Mounting plugin SteamVR
LogPluginManager: Mounting plugin Synthesis
LogPluginManager: Mounting plugin WebMMoviePlayer
LogPluginManager: Mounting plugin WindowsMoviePlayer
LogPluginManager: Mounting plugin ScreenshotTools
LogInit: Using libcurl 7.55.1-DEV
LogInit:  - built for x86_64-pc-win32
LogInit:  - supports SSL with OpenSSL/1.1.1
LogInit:  - supports HTTP deflate (compression) using libz 1.2.8
LogInit:  - other features:
LogInit:      CURL_VERSION_SSL
LogInit:      CURL_VERSION_LIBZ
LogInit:      CURL_VERSION_IPV6
LogInit:      CURL_VERSION_ASYNCHDNS
LogInit:      CURL_VERSION_LARGEFILE
LogInit:      CURL_VERSION_IDN
LogInit:  CurlRequestOptions (configurable via config and command line):
LogInit:  - bVerifyPeer = true  - Libcurl will verify peer certificate
LogInit:  - bUseHttpProxy = false  - Libcurl will NOT use HTTP proxy
LogInit:  - bDontReuseConnections = false  - Libcurl will reuse connections
LogInit:  - MaxHostConnections = 16  - Libcurl will limit the number of connections to a host
LogInit:  - LocalHostAddr = Default
LogInit:  - BufferSize = 65536
LogOnline: OSS: Creating online subsystem instance for: NULL
LogInit: WinSock: version 1.1 (2.2), MaxSocks=32767, MaxUdp=65467
LogOnline: OSS: TryLoadSubsystemAndSetDefault: Loaded subsystem for module [NULL]
LogInit: Build: ++UE4+Release-4.25-CL-13144385
LogInit: Engine Version: 4.25.0-13144385+++UE4+Release-4.25
LogInit: Compatible Engine Version: 4.25.0-13144385+++UE4+Release-4.25
LogInit: Net CL: 13144385
LogInit: OS: Windows 10 (Release 1903) (), CPU: Intel(R) Core(TM) i5-6300HQ CPU @ 2.30GHz, GPU: Intel(R) HD Graphics 530
LogInit: Compiled (64-bit): May  2 2020 02:12:11
LogInit: Compiled with Visual C++: 19.24.28315.00
LogInit: Build Configuration: Development
LogInit: Branch Name: ++UE4+Release-4.25
LogInit: Command Line: 
LogInit: Base Directory: C:/Program Files/Epic Games/UE_4.25/Engine/Binaries/Win64/
LogInit: Allocator: TBB
LogInit: Installed Engine Build: 1
LogDevObjectVersion: Number of dev versions registered: 26
LogDevObjectVersion:   Dev-Blueprints (B0D832E4-1F89-4F0D-ACCF-7EB736FD4AA2): 10
LogDevObjectVersion:   Dev-Build (E1C64328-A22C-4D53-A36C-8E866417BD8C): 0
LogDevObjectVersion:   Dev-Core (375EC13C-06E4-48FB-B500-84F0262A717E): 4
LogDevObjectVersion:   Dev-Editor (E4B068ED-F494-42E9-A231-DA0B2E46BB41): 38
LogDevObjectVersion:   Dev-Framework (CFFC743F-43B0-4480-9391-14DF171D2073): 37
LogDevObjectVersion:   Dev-Mobile (B02B49B5-BB20-44E9-A304-32B752E40360): 2
LogDevObjectVersion:   Dev-Networking (A4E4105C-59A1-49B5-A7C5-40C4547EDFEE): 0
LogDevObjectVersion:   Dev-Online (39C831C9-5AE6-47DC-9A44-9C173E1C8E7C): 0
LogDevObjectVersion:   Dev-Physics (78F01B33-EBEA-4F98-B9B4-84EACCB95AA2): 4
LogDevObjectVersion:   Dev-Platform (6631380F-2D4D-43E0-8009-CF276956A95A): 0
LogDevObjectVersion:   Dev-Rendering (12F88B9F-8875-4AFC-A67C-D90C383ABD29): 43
LogDevObjectVersion:   Dev-Sequencer (7B5AE74C-D270-4C10-A958-57980B212A5A): 12
LogDevObjectVersion:   Dev-VR (D7296918-1DD6-4BDD-9DE2-64A83CC13884): 3
LogDevObjectVersion:   Dev-LoadTimes (C2A15278-BFE7-4AFE-6C17-90FF531DF755): 1
LogDevObjectVersion:   Private-Geometry (6EACA3D4-40EC-4CC1-B786-8BED09428FC5): 3
LogDevObjectVersion:   Dev-AnimPhys (29E575DD-E0A3-4627-9D10-D276232CDCEA): 17
LogDevObjectVersion:   Dev-Anim (AF43A65D-7FD3-4947-9873-3E8ED9C1BB05): 7
LogDevObjectVersion:   Dev-ReflectionCapture (6B266CEC-1EC7-4B8F-A30B-E4D90942FC07): 1
LogDevObjectVersion:   Dev-Automation (0DF73D61-A23F-47EA-B727-89E90C41499A): 1
LogDevObjectVersion:   FortniteMain (601D1886-AC64-4F84-AA16-D3DE0DEAC7D6): 31
LogDevObjectVersion:   Dev-Enterprise (9DFFBCD6-494F-0158-E221-12823C92A888): 10
LogDevObjectVersion:   Dev-Niagara (F2AED0AC-9AFE-416F-8664-AA7FFA26D6FC): 1
LogDevObjectVersion:   Dev-Destruction (174F1F0B-B4C6-45A5-B13F-2EE8D0FB917D): 10
LogDevObjectVersion:   Dev-Physics-Ext (35F94A83-E258-406C-A318-09F59610247C): 37
LogDevObjectVersion:   Dev-PhysicsMaterial-Chaos (B68FC16E-8B1B-42E2-B453-215C058844FE): 1
LogDevObjectVersion:   Dev-CineCamera (B2E18506-4273-CFC2-A54E-F4BB758BBA07): 1
LogInit: Presizing for max 25165824 objects, including 0 objects not considered by GC, pre-allocating 0 bytes for permanent pool.
LogConfig: Applying CVar settings from Section [/Script/Engine.StreamingSettings] File [C:/Users/TheK-B1000/Desktop/The K-B Folder/Unreal/repos/TankGame/ToonTanks/Saved/Config/Windows/Engine.ini]
LogConfig: Setting CVar [[s.MinBulkDataSizeForAsyncLoading:131072]]
LogConfig: Setting CVar [[s.AsyncLoadingThreadEnabled:0]]
LogConfig: Setting CVar [[s.EventDrivenLoaderEnabled:1]]
LogConfig: Setting CVar [[s.WarnIfTimeLimitExceeded:0]]
LogConfig: Setting CVar [[s.TimeLimitExceededMultiplier:1.5]]
LogConfig: Setting CVar [[s.TimeLimitExceededMinTime:0.005]]
LogConfig: Setting CVar [[s.UseBackgroundLevelStreaming:1]]
LogConfig: Setting CVar [[s.PriorityAsyncLoadingExtraTime:15.0]]
LogConfig: Setting CVar [[s.LevelStreamingActorsUpdateTimeLimit:5.0]]
LogConfig: Setting CVar [[s.PriorityLevelStreamingActorsUpdateExtraTime:5.0]]
LogConfig: Setting CVar [[s.LevelStreamingComponentsRegistrationGranularity:10]]
LogConfig: Setting CVar [[s.UnregisterComponentsTimeLimit:1.0]]
LogConfig: Setting CVar [[s.LevelStreamingComponentsUnregistrationGranularity:5]]
LogConfig: Setting CVar [[s.FlushStreamingOnExit:1]]
LogInit: Object subsystem initialized
LogConfig: Setting CVar [[con.DebugEarlyDefault:1]]
LogConfig: Setting CVar [[r.setres:1280x720]]
[2020.06.26-08.00.26:317][  0]LogConfig: Setting CVar [[r.VSync:0]]
[2020.06.26-08.00.26:317][  0]LogConfig: Setting CVar [[r.RHICmdBypass:0]]
[2020.06.26-08.00.26:317][  0]LogConfig: Applying CVar settings from Section [/Script/Engine.RendererSettings] File [C:/Users/TheK-B1000/Desktop/The K-B Folder/Unreal/repos/TankGame/ToonTanks/Saved/Config/Windows/Engine.ini]
[2020.06.26-08.00.26:318][  0]LogConfig: Setting CVar [[r.GPUCrashDebugging:0]]
[2020.06.26-08.00.26:318][  0]LogConfig: Applying CVar settings from Section [/Script/Engine.RendererOverrideSettings] File [C:/Users/TheK-B1000/Desktop/The K-B Folder/Unreal/repos/TankGame/ToonTanks/Saved/Config/Windows/Engine.ini]
[2020.06.26-08.00.26:318][  0]LogConfig: Applying CVar settings from Section [/Script/Engine.StreamingSettings] File [C:/Users/TheK-B1000/Desktop/The K-B Folder/Unreal/repos/TankGame/ToonTanks/Saved/Config/Windows/Engine.ini]
[2020.06.26-08.00.26:318][  0]LogConfig: Setting CVar [[s.MinBulkDataSizeForAsyncLoading:131072]]
[2020.06.26-08.00.26:318][  0]LogConfig: Setting CVar [[s.AsyncLoadingThreadEnabled:0]]
[2020.06.26-08.00.26:318][  0]LogConfig: Setting CVar [[s.EventDrivenLoaderEnabled:1]]
[2020.06.26-08.00.26:318][  0]LogConfig: Setting CVar [[s.WarnIfTimeLimitExceeded:0]]
[2020.06.26-08.00.26:318][  0]LogConfig: Setting CVar [[s.TimeLimitExceededMultiplier:1.5]]
[2020.06.26-08.00.26:318][  0]LogConfig: Setting CVar [[s.TimeLimitExceededMinTime:0.005]]
[2020.06.26-08.00.26:318][  0]LogConfig: Setting CVar [[s.UseBackgroundLevelStreaming:1]]
[2020.06.26-08.00.26:318][  0]LogConfig: Setting CVar [[s.PriorityAsyncLoadingExtraTime:15.0]]
[2020.06.26-08.00.26:318][  0]LogConfig: Setting CVar [[s.LevelStreamingActorsUpdateTimeLimit:5.0]]
[2020.06.26-08.00.26:318][  0]LogConfig: Setting CVar [[s.PriorityLevelStreamingActorsUpdateExtraTime:5.0]]
[2020.06.26-08.00.26:318][  0]LogConfig: Setting CVar [[s.LevelStreamingComponentsRegistrationGranularity:10]]
[2020.06.26-08.00.26:318][  0]LogConfig: Setting CVar [[s.UnregisterComponentsTimeLimit:1.0]]
[2020.06.26-08.00.26:318][  0]LogConfig: Setting CVar [[s.LevelStreamingComponentsUnregistrationGranularity:5]]
[2020.06.26-08.00.26:318][  0]LogConfig: Setting CVar [[s.FlushStreamingOnExit:1]]
[2020.06.26-08.00.26:318][  0]LogConfig: Applying CVar settings from Section [/Script/Engine.GarbageCollectionSettings] File [C:/Users/TheK-B1000/Desktop/The K-B Folder/Unreal/repos/TankGame/ToonTanks/Saved/Config/Windows/Engine.ini]
[2020.06.26-08.00.26:318][  0]LogConfig: Setting CVar [[gc.MaxObjectsNotConsideredByGC:1]]
[2020.06.26-08.00.26:318][  0]LogConfig: Setting CVar [[gc.SizeOfPermanentObjectPool:0]]
[2020.06.26-08.00.26:318][  0]LogConfig: Setting CVar [[gc.FlushStreamingOnGC:0]]
[2020.06.26-08.00.26:318][  0]LogConfig: Setting CVar [[gc.NumRetriesBeforeForcingGC:10]]
[2020.06.26-08.00.26:318][  0]LogConfig: Setting CVar [[gc.AllowParallelGC:1]]
[2020.06.26-08.00.26:318][  0]LogConfig: Setting CVar [[gc.TimeBetweenPurgingPendingKillObjects:61.1]]
[2020.06.26-08.00.26:318][  0]LogConfig: Setting CVar [[gc.MaxObjectsInEditor:25165824]]
[2020.06.26-08.00.26:318][  0]LogConfig: Setting CVar [[gc.IncrementalBeginDestroyEnabled:1]]
[2020.06.26-08.00.26:318][  0]LogConfig: Setting CVar [[gc.CreateGCClusters:1]]
[2020.06.26-08.00.26:318][  0]LogConfig: Setting CVar [[gc.MinGCClusterSize:5]]
[2020.06.26-08.00.26:318][  0]LogConfig: Setting CVar [[gc.ActorClusteringEnabled:0]]
[2020.06.26-08.00.26:318][  0]LogConfig: Setting CVar [[gc.BlueprintClusteringEnabled:0]]
[2020.06.26-08.00.26:318][  0]LogConfig: Setting CVar [[gc.UseDisregardForGCOnDedicatedServers:0]]
[2020.06.26-08.00.26:318][  0]LogConfig: Applying CVar settings from Section [/Script/Engine.NetworkSettings] File [C:/Users/TheK-B1000/Desktop/The K-B Folder/Unreal/repos/TankGame/ToonTanks/Saved/Config/Windows/Engine.ini]
[2020.06.26-08.00.26:318][  0]LogConfig: Applying CVar settings from Section [/Script/UnrealEd.CookerSettings] File [C:/Users/TheK-B1000/Desktop/The K-B Folder/Unreal/repos/TankGame/ToonTanks/Saved/Config/Windows/Engine.ini]
[2020.06.26-08.00.26:333][  0]LogConfig: Applying CVar settings from Section [ViewDistanceQuality@3] File [C:/Users/TheK-B1000/Desktop/The K-B Folder/Unreal/repos/TankGame/ToonTanks/Saved/Config/Windows/Scalability.ini]
[2020.06.26-08.00.26:333][  0]LogConfig: Setting CVar [[r.SkeletalMeshLODBias:0]]
[2020.06.26-08.00.26:333][  0]LogConfig: Setting CVar [[r.ViewDistanceScale:1.0]]
[2020.06.26-08.00.26:333][  0]LogConfig: Applying CVar settings from Section [AntiAliasingQuality@3] File [C:/Users/TheK-B1000/Desktop/The K-B Folder/Unreal/repos/TankGame/ToonTanks/Saved/Config/Windows/Scalability.ini]
[2020.06.26-08.00.26:333][  0]LogConfig: Setting CVar [[r.PostProcessAAQuality:4]]
[2020.06.26-08.00.26:333][  0]LogConfig: Applying CVar settings from Section [ShadowQuality@3] File [C:/Users/TheK-B1000/Desktop/The K-B Folder/Unreal/repos/TankGame/ToonTanks/Saved/Config/Windows/Scalability.ini]
[2020.06.26-08.00.26:333][  0]LogConfig: Setting CVar [[r.LightFunctionQuality:1]]
[2020.06.26-08.00.26:333][  0]LogConfig: Setting CVar [[r.ShadowQuality:5]]
[2020.06.26-08.00.26:333][  0]LogConfig: Setting CVar [[r.Shadow.CSM.MaxCascades:10]]
[2020.06.26-08.00.26:333][  0]LogConfig: Setting CVar [[r.Shadow.MaxResolution:2048]]
[2020.06.26-08.00.26:333][  0]LogConfig: Setting CVar [[r.Shadow.MaxCSMResolution:2048]]
[2020.06.26-08.00.26:333][  0]LogConfig: Setting CVar [[r.Shadow.RadiusThreshold:0.01]]
[2020.06.26-08.00.26:333][  0]LogConfig: Setting CVar [[r.Shadow.DistanceScale:1.0]]
[2020.06.26-08.00.26:333][  0]LogConfig: Setting CVar [[r.Shadow.CSM.TransitionScale:1.0]]
[2020.06.26-08.00.26:333][  0]LogConfig: Setting CVar [[r.Shadow.PreShadowResolutionFactor:1.0]]
[2020.06.26-08.00.26:333][  0]LogConfig: Setting CVar [[r.DistanceFieldShadowing:1]]
[2020.06.26-08.00.26:333][  0]LogConfig: Setting CVar [[r.DistanceFieldAO:1]]
[2020.06.26-08.00.26:333][  0]LogConfig: Setting CVar [[r.AOQuality:2]]
[2020.06.26-08.00.26:333][  0]LogConfig: Setting CVar [[r.VolumetricFog:1]]
[2020.06.26-08.00.26:333][  0]LogConfig: Setting CVar [[r.VolumetricFog.GridPixelSize:8]]
[2020.06.26-08.00.26:333][  0]LogConfig: Setting CVar [[r.VolumetricFog.GridSizeZ:128]]
[2020.06.26-08.00.26:333][  0]LogConfig: Setting CVar [[r.VolumetricFog.HistoryMissSupersampleCount:4]]
[2020.06.26-08.00.26:334][  0]LogConfig: Setting CVar [[r.LightMaxDrawDistanceScale:1]]
[2020.06.26-08.00.26:334][  0]LogConfig: Setting CVar [[r.CapsuleShadows:1]]
[2020.06.26-08.00.26:334][  0]LogConfig: Applying CVar settings from Section [PostProcessQuality@3] File [C:/Users/TheK-B1000/Desktop/The K-B Folder/Unreal/repos/TankGame/ToonTanks/Saved/Config/Windows/Scalability.ini]
[2020.06.26-08.00.26:334][  0]LogConfig: Setting CVar [[r.MotionBlurQuality:4]]
[2020.06.26-08.00.26:334][  0]LogConfig: Setting CVar [[r.AmbientOcclusionMipLevelFactor:0.4]]
[2020.06.26-08.00.26:334][  0]LogConfig: Setting CVar [[r.AmbientOcclusionMaxQuality:100]]
[2020.06.26-08.00.26:334][  0]LogConfig: Setting CVar [[r.AmbientOcclusionLevels:-1]]
[2020.06.26-08.00.26:334][  0]LogConfig: Setting CVar [[r.AmbientOcclusionRadiusScale:1.0]]
[2020.06.26-08.00.26:334][  0]LogConfig: Setting CVar [[r.DepthOfFieldQuality:2]]
[2020.06.26-08.00.26:334][  0]LogConfig: Setting CVar [[r.RenderTargetPoolMin:400]]
[2020.06.26-08.00.26:334][  0]LogConfig: Setting CVar [[r.LensFlareQuality:2]]
[2020.06.26-08.00.26:334][  0]LogConfig: Setting CVar [[r.SceneColorFringeQuality:1]]
[2020.06.26-08.00.26:334][  0]LogConfig: Setting CVar [[r.EyeAdaptationQuality:2]]
[2020.06.26-08.00.26:334][  0]LogConfig: Setting CVar [[r.BloomQuality:5]]
[2020.06.26-08.00.26:334][  0]LogConfig: Setting CVar [[r.FastBlurThreshold:100]]
[2020.06.26-08.00.26:334][  0]LogConfig: Setting CVar [[r.Upscale.Quality:3]]
[2020.06.26-08.00.26:334][  0]LogConfig: Setting CVar [[r.Tonemapper.GrainQuantization:1]]
[2020.06.26-08.00.26:334][  0]LogConfig: Setting CVar [[r.LightShaftQuality:1]]
[2020.06.26-08.00.26:334][  0]LogConfig: Setting CVar [[r.Filter.SizeScale:1]]
[2020.06.26-08.00.26:334][  0]LogConfig: Setting CVar [[r.Tonemapper.Quality:5]]
[2020.06.26-08.00.26:334][  0]LogConfig: Setting CVar [[r.DOF.Gather.AccumulatorQuality:1        ; higher gathering accumulator quality]]
[2020.06.26-08.00.26:334][  0]LogConfig: Setting CVar [[r.DOF.Gather.PostfilterMethod:1          ; Median3x3 postfilering method]]
[2020.06.26-08.00.26:334][  0]LogConfig: Setting CVar [[r.DOF.Gather.EnableBokehSettings:0       ; no bokeh simulation when gathering]]
[2020.06.26-08.00.26:334][  0]LogConfig: Setting CVar [[r.DOF.Gather.RingCount:4                 ; medium number of samples when gathering]]
[2020.06.26-08.00.26:334][  0]LogConfig: Setting CVar [[r.DOF.Scatter.ForegroundCompositing:1    ; additive foreground scattering]]
[2020.06.26-08.00.26:334][  0]LogConfig: Setting CVar [[r.DOF.Scatter.BackgroundCompositing:2    ; additive background scattering]]
[2020.06.26-08.00.26:334][  0]LogConfig: Setting CVar [[r.DOF.Scatter.EnableBokehSettings:1      ; bokeh simulation when scattering]]
[2020.06.26-08.00.26:334][  0]LogConfig: Setting CVar [[r.DOF.Scatter.MaxSpriteRatio:0.1         ; only a maximum of 10% of scattered bokeh]]
[2020.06.26-08.00.26:334][  0]LogConfig: Setting CVar [[r.DOF.Recombine.Quality:1                ; cheap slight out of focus]]
[2020.06.26-08.00.26:334][  0]LogConfig: Setting CVar [[r.DOF.Recombine.EnableBokehSettings:0    ; no bokeh simulation on slight out of focus]]
[2020.06.26-08.00.26:334][  0]LogConfig: Setting CVar [[r.DOF.TemporalAAQuality:1                ; more stable temporal accumulation]]
[2020.06.26-08.00.26:334][  0]LogConfig: Setting CVar [[r.DOF.Kernel.MaxForegroundRadius:0.025]]
[2020.06.26-08.00.26:334][  0]LogConfig: Setting CVar [[r.DOF.Kernel.MaxBackgroundRadius:0.025]]
[2020.06.26-08.00.26:334][  0]LogConfig: Applying CVar settings from Section [TextureQuality@3] File [C:/Users/TheK-B1000/Desktop/The K-B Folder/Unreal/repos/TankGame/ToonTanks/Saved/Config/Windows/Scalability.ini]
[2020.06.26-08.00.26:334][  0]LogConfig: Setting CVar [[r.Streaming.MipBias:0]]
[2020.06.26-08.00.26:334][  0]LogConfig: Setting CVar [[r.Streaming.AmortizeCPUToGPUCopy:0]]
[2020.06.26-08.00.26:334][  0]LogConfig: Setting CVar [[r.Streaming.MaxNumTexturesToStreamPerFrame:0]]
[2020.06.26-08.00.26:334][  0]LogConfig: Setting CVar [[r.Streaming.Boost:1]]
[2020.06.26-08.00.26:334][  0]LogConfig: Setting CVar [[r.MaxAnisotropy:8]]
[2020.06.26-08.00.26:334][  0]LogConfig: Setting CVar [[r.VT.MaxAnisotropy:8]]
[2020.06.26-08.00.26:334][  0]LogConfig: Setting CVar [[r.Streaming.LimitPoolSizeToVRAM:0]]
[2020.06.26-08.00.26:334][  0]LogConfig: Setting CVar [[r.Streaming.PoolSize:1000]]
[2020.06.26-08.00.26:334][  0]LogConfig: Setting CVar [[r.Streaming.MaxEffectiveScreenSize:0]]
[2020.06.26-08.00.26:334][  0]LogConfig: Applying CVar settings from Section [EffectsQuality@3] File [C:/Users/TheK-B1000/Desktop/The K-B Folder/Unreal/repos/TankGame/ToonTanks/Saved/Config/Windows/Scalability.ini]
[2020.06.26-08.00.26:334][  0]LogConfig: Setting CVar [[r.TranslucencyLightingVolumeDim:64]]
[2020.06.26-08.00.26:334][  0]LogConfig: Setting CVar [[r.RefractionQuality:2]]
[2020.06.26-08.00.26:334][  0]LogConfig: Setting CVar [[r.SSR.Quality:3]]
[2020.06.26-08.00.26:334][  0]LogConfig: Setting CVar [[r.SSR.HalfResSceneColor:0]]
[2020.06.26-08.00.26:334][  0]LogConfig: Setting CVar [[r.SceneColorFormat:4]]
[2020.06.26-08.00.26:335][  0]LogConfig: Setting CVar [[r.DetailMode:2]]
[2020.06.26-08.00.26:335][  0]LogConfig: Setting CVar [[r.TranslucencyVolumeBlur:1]]
[2020.06.26-08.00.26:335][  0]LogConfig: Setting CVar [[r.MaterialQualityLevel:1 ; High quality]]
[2020.06.26-08.00.26:335][  0]LogConfig: Setting CVar [[r.SSS.Scale:1]]
[2020.06.26-08.00.26:335][  0]LogConfig: Setting CVar [[r.SSS.SampleSet:2]]
[2020.06.26-08.00.26:335][  0]LogConfig: Setting CVar [[r.SSS.Quality:1]]
[2020.06.26-08.00.26:335][  0]LogConfig: Setting CVar [[r.SSS.HalfRes:0]]
[2020.06.26-08.00.26:335][  0]LogConfig: Setting CVar [[r.SSGI.Quality:3]]
[2020.06.26-08.00.26:335][  0]LogConfig: Setting CVar [[r.EmitterSpawnRateScale:1.0]]
[2020.06.26-08.00.26:335][  0]LogConfig: Setting CVar [[r.ParticleLightQuality:2]]
[2020.06.26-08.00.26:335][  0]LogConfig: Setting CVar [[r.SkyAtmosphere.AerialPerspectiveLUT.FastApplyOnOpaque:1 ; Always have FastSkyLUT 1 in this case to avoid wrong sky]]
[2020.06.26-08.00.26:335][  0]LogConfig: Setting CVar [[r.SkyAtmosphere.AerialPerspectiveLUT.SampleCountPerSlice:1]]
[2020.06.26-08.00.26:335][  0]LogConfig: Setting CVar [[r.SkyAtmosphere.AerialPerspectiveLUT.DepthResolution:16.0]]
[2020.06.26-08.00.26:335][  0]LogConfig: Setting CVar [[r.SkyAtmosphere.FastSkyLUT:1]]
[2020.06.26-08.00.26:335][  0]LogConfig: Setting CVar [[r.SkyAtmosphere.FastSkyLUT.SampleCountMin:4.0]]
[2020.06.26-08.00.26:335][  0]LogConfig: Setting CVar [[r.SkyAtmosphere.FastSkyLUT.SampleCountMax:32.0]]
[2020.06.26-08.00.26:335][  0]LogConfig: Setting CVar [[r.SkyAtmosphere.SampleCountMin:4.0]]
[2020.06.26-08.00.26:335][  0]LogConfig: Setting CVar [[r.SkyAtmosphere.SampleCountMax:32.0]]
[2020.06.26-08.00.26:335][  0]LogConfig: Setting CVar [[r.SkyAtmosphere.TransmittanceLUT.UseSmallFormat:0]]
[2020.06.26-08.00.26:335][  0]LogConfig: Setting CVar [[r.SkyAtmosphere.TransmittanceLUT.SampleCount:10.0]]
[2020.06.26-08.00.26:335][  0]LogConfig: Setting CVar [[r.SkyAtmosphere.MultiScatteringLUT.SampleCount:15.0]]
[2020.06.26-08.00.26:335][  0]LogConfig: Applying CVar settings from Section [FoliageQuality@3] File [C:/Users/TheK-B1000/Desktop/The K-B Folder/Unreal/repos/TankGame/ToonTanks/Saved/Config/Windows/Scalability.ini]
[2020.06.26-08.00.26:335][  0]LogConfig: Setting CVar [[foliage.DensityScale:1.0]]
[2020.06.26-08.00.26:335][  0]LogConfig: Setting CVar [[grass.DensityScale:1.0]]
[2020.06.26-08.00.26:335][  0]LogConfig: Applying CVar settings from Section [ShadingQuality@3] File [C:/Users/TheK-B1000/Desktop/The K-B Folder/Unreal/repos/TankGame/ToonTanks/Saved/Config/Windows/Scalability.ini]
[2020.06.26-08.00.26:335][  0]LogConfig: Setting CVar [[r.HairStrands.SkyLighting.SampleCount:16]]
[2020.06.26-08.00.26:335][  0]LogConfig: Setting CVar [[r.HairStrands.SkyLighting.JitterIntegration:0]]
[2020.06.26-08.00.26:336][  0]LogConfig: Setting CVar [[r.HairStrands.SkyAO.SampleCount:16]]
[2020.06.26-08.00.26:336][  0]LogConfig: Setting CVar [[r.HairStrands.DeepShadow.SuperSampling:0]]
[2020.06.26-08.00.26:336][  0]LogConfig: Setting CVar [[r.HairStrands.VisibilityPPLL:0]]
[2020.06.26-08.00.26:336][  0]LogConfig: Setting CVar [[r.HairStrands.RasterizationScale:0.5]]
[2020.06.26-08.00.26:337][  0]LogConfig: Setting CVar [[r.HairStrands.VelocityRasterizationScale:1]]
[2020.06.26-08.00.26:338][  0]LogInit: Selected Device Profile: [Windows]
[2020.06.26-08.00.26:338][  0]LogInit: Applying CVar settings loaded from the selected device profile: [Windows]
[2020.06.26-08.00.26:340][  0]LogHAL: Display: Platform has ~ 8 GB [8462237696 / 8589934592 / 8], which maps to Default [LargestMinGB=32, LargerMinGB=12, DefaultMinGB=8, SmallerMinGB=6, SmallestMinGB=0)
[2020.06.26-08.00.26:340][  0]LogInit: Going up to parent DeviceProfile []
[2020.06.26-08.00.26:340][  0]LogConfig: Applying CVar settings from Section [ViewDistanceQuality@3] File [C:/Users/TheK-B1000/Desktop/The K-B Folder/Unreal/repos/TankGame/ToonTanks/Saved/Config/Windows/Scalability.ini]
[2020.06.26-08.00.26:340][  0]LogConfig: Setting CVar [[r.SkeletalMeshLODBias:0]]
[2020.06.26-08.00.26:340][  0]LogConfig: Setting CVar [[r.ViewDistanceScale:1.0]]
[2020.06.26-08.00.26:340][  0]LogConfig: Applying CVar settings from Section [AntiAliasingQuality@3] File [C:/Users/TheK-B1000/Desktop/The K-B Folder/Unreal/repos/TankGame/ToonTanks/Saved/Config/Windows/Scalability.ini]
[2020.06.26-08.00.26:340][  0]LogConfig: Setting CVar [[r.PostProcessAAQuality:4]]
[2020.06.26-08.00.26:340][  0]LogConfig: Applying CVar settings from Section [ShadowQuality@3] File [C:/Users/TheK-B1000/Desktop/The K-B Folder/Unreal/repos/TankGame/ToonTanks/Saved/Config/Windows/Scalability.ini]
[2020.06.26-08.00.26:340][  0]LogConfig: Setting CVar [[r.LightFunctionQuality:1]]
[2020.06.26-08.00.26:341][  0]LogConfig: Setting CVar [[r.ShadowQuality:5]]
[2020.06.26-08.00.26:341][  0]LogConfig: Setting CVar [[r.Shadow.CSM.MaxCascades:10]]
[2020.06.26-08.00.26:341][  0]LogConfig: Setting CVar [[r.Shadow.MaxResolution:2048]]
[2020.06.26-08.00.26:341][  0]LogConfig: Setting CVar [[r.Shadow.MaxCSMResolution:2048]]
[2020.06.26-08.00.26:341][  0]LogConfig: Setting CVar [[r.Shadow.RadiusThreshold:0.01]]
[2020.06.26-08.00.26:341][  0]LogConfig: Setting CVar [[r.Shadow.DistanceScale:1.0]]
[2020.06.26-08.00.26:341][  0]LogConfig: Setting CVar [[r.Shadow.CSM.TransitionScale:1.0]]
[2020.06.26-08.00.26:341][  0]LogConfig: Setting CVar [[r.Shadow.PreShadowResolutionFactor:1.0]]
[2020.06.26-08.00.26:341][  0]LogConfig: Setting CVar [[r.DistanceFieldShadowing:1]]
[2020.06.26-08.00.26:341][  0]LogConfig: Setting CVar [[r.DistanceFieldAO:1]]
[2020.06.26-08.00.26:341][  0]LogConfig: Setting CVar [[r.AOQuality:2]]
[2020.06.26-08.00.26:341][  0]LogConfig: Setting CVar [[r.VolumetricFog:1]]
[2020.06.26-08.00.26:341][  0]LogConfig: Setting CVar [[r.VolumetricFog.GridPixelSize:8]]
[2020.06.26-08.00.26:341][  0]LogConfig: Setting CVar [[r.VolumetricFog.GridSizeZ:128]]
[2020.06.26-08.00.26:341][  0]LogConfig: Setting CVar [[r.VolumetricFog.HistoryMissSupersampleCount:4]]
[2020.06.26-08.00.26:341][  0]LogConfig: Setting CVar [[r.LightMaxDrawDistanceScale:1]]
[2020.06.26-08.00.26:341][  0]LogConfig: Setting CVar [[r.CapsuleShadows:1]]
[2020.06.26-08.00.26:341][  0]LogConfig: Applying CVar settings from Section [PostProcessQuality@3] File [C:/Users/TheK-B1000/Desktop/The K-B Folder/Unreal/repos/TankGame/ToonTanks/Saved/Config/Windows/Scalability.ini]
[2020.06.26-08.00.26:341][  0]LogConfig: Setting CVar [[r.MotionBlurQuality:4]]
[2020.06.26-08.00.26:341][  0]LogConfig: Setting CVar [[r.AmbientOcclusionMipLevelFactor:0.4]]
[2020.06.26-08.00.26:341][  0]LogConfig: Setting CVar [[r.AmbientOcclusionMaxQuality:100]]
[2020.06.26-08.00.26:341][  0]LogConfig: Setting CVar [[r.AmbientOcclusionLevels:-1]]
[2020.06.26-08.00.26:341][  0]LogConfig: Setting CVar [[r.AmbientOcclusionRadiusScale:1.0]]
[2020.06.26-08.00.26:341][  0]LogConfig: Setting CVar [[r.DepthOfFieldQuality:2]]
[2020.06.26-08.00.26:341][  0]LogConfig: Setting CVar [[r.RenderTargetPoolMin:400]]
[2020.06.26-08.00.26:341][  0]LogConfig: Setting CVar [[r.LensFlareQuality:2]]
[2020.06.26-08.00.26:341][  0]LogConfig: Setting CVar [[r.SceneColorFringeQuality:1]]
[2020.06.26-08.00.26:341][  0]LogConfig: Setting CVar [[r.EyeAdaptationQuality:2]]
[2020.06.26-08.00.26:341][  0]LogConfig: Setting CVar [[r.BloomQuality:5]]
[2020.06.26-08.00.26:341][  0]LogConfig: Setting CVar [[r.FastBlurThreshold:100]]
[2020.06.26-08.00.26:341][  0]LogConfig: Setting CVar [[r.Upscale.Quality:3]]
[2020.06.26-08.00.26:341][  0]LogConfig: Setting CVar [[r.Tonemapper.GrainQuantization:1]]
[2020.06.26-08.00.26:341][  0]LogConfig: Setting CVar [[r.LightShaftQuality:1]]
[2020.06.26-08.00.26:341][  0]LogConfig: Setting CVar [[r.Filter.SizeScale:1]]
[2020.06.26-08.00.26:341][  0]LogConfig: Setting CVar [[r.Tonemapper.Quality:5]]
[2020.06.26-08.00.26:341][  0]LogConfig: Setting CVar [[r.DOF.Gather.AccumulatorQuality:1        ; higher gathering accumulator quality]]
[2020.06.26-08.00.26:341][  0]LogConfig: Setting CVar [[r.DOF.Gather.PostfilterMethod:1          ; Median3x3 postfilering method]]
[2020.06.26-08.00.26:341][  0]LogConfig: Setting CVar [[r.DOF.Gather.EnableBokehSettings:0       ; no bokeh simulation when gathering]]
[2020.06.26-08.00.26:341][  0]LogConfig: Setting CVar [[r.DOF.Gather.RingCount:4                 ; medium number of samples when gathering]]
[2020.06.26-08.00.26:341][  0]LogConfig: Setting CVar [[r.DOF.Scatter.ForegroundCompositing:1    ; additive foreground scattering]]
[2020.06.26-08.00.26:341][  0]LogConfig: Setting CVar [[r.DOF.Scatter.BackgroundCompositing:2    ; additive background scattering]]
[2020.06.26-08.00.26:341][  0]LogConfig: Setting CVar [[r.DOF.Scatter.EnableBokehSettings:1      ; bokeh simulation when scattering]]
[2020.06.26-08.00.26:341][  0]LogConfig: Setting CVar [[r.DOF.Scatter.MaxSpriteRatio:0.1         ; only a maximum of 10% of scattered bokeh]]
[2020.06.26-08.00.26:341][  0]LogConfig: Setting CVar [[r.DOF.Recombine.Quality:1                ; cheap slight out of focus]]
[2020.06.26-08.00.26:342][  0]LogConfig: Setting CVar [[r.DOF.Recombine.EnableBokehSettings:0    ; no bokeh simulation on slight out of focus]]
[2020.06.26-08.00.26:342][  0]LogConfig: Setting CVar [[r.DOF.TemporalAAQuality:1                ; more stable temporal accumulation]]
[2020.06.26-08.00.26:342][  0]LogConfig: Setting CVar [[r.DOF.Kernel.MaxForegroundRadius:0.025]]
[2020.06.26-08.00.26:342][  0]LogConfig: Setting CVar [[r.DOF.Kernel.MaxBackgroundRadius:0.025]]
[2020.06.26-08.00.26:342][  0]LogConfig: Applying CVar settings from Section [TextureQuality@3] File [C:/Users/TheK-B1000/Desktop/The K-B Folder/Unreal/repos/TankGame/ToonTanks/Saved/Config/Windows/Scalability.ini]
[2020.06.26-08.00.26:342][  0]LogConfig: Setting CVar [[r.Streaming.MipBias:0]]
[2020.06.26-08.00.26:342][  0]LogConfig: Setting CVar [[r.Streaming.AmortizeCPUToGPUCopy:0]]
[2020.06.26-08.00.26:342][  0]LogConfig: Setting CVar [[r.Streaming.MaxNumTexturesToStreamPerFrame:0]]
[2020.06.26-08.00.26:342][  0]LogConfig: Setting CVar [[r.Streaming.Boost:1]]
[2020.06.26-08.00.26:342][  0]LogConfig: Setting CVar [[r.MaxAnisotropy:8]]
[2020.06.26-08.00.26:342][  0]LogConfig: Setting CVar [[r.VT.MaxAnisotropy:8]]
[2020.06.26-08.00.26:342][  0]LogConfig: Setting CVar [[r.Streaming.LimitPoolSizeToVRAM:0]]
[2020.06.26-08.00.26:342][  0]LogConfig: Setting CVar [[r.Streaming.PoolSize:1000]]
[2020.06.26-08.00.26:342][  0]LogConfig: Setting CVar [[r.Streaming.MaxEffectiveScreenSize:0]]
[2020.06.26-08.00.26:342][  0]LogConfig: Applying CVar settings from Section [EffectsQuality@3] File [C:/Users/TheK-B1000/Desktop/The K-B Folder/Unreal/repos/TankGame/ToonTanks/Saved/Config/Windows/Scalability.ini]
[2020.06.26-08.00.26:342][  0]LogConfig: Setting CVar [[r.TranslucencyLightingVolumeDim:64]]
[2020.06.26-08.00.26:342][  0]LogConfig: Setting CVar [[r.RefractionQuality:2]]
[2020.06.26-08.00.26:342][  0]LogConfig: Setting CVar [[r.SSR.Quality:3]]
[2020.06.26-08.00.26:342][  0]LogConfig: Setting CVar [[r.SSR.HalfResSceneColor:0]]
[2020.06.26-08.00.26:342][  0]LogConfig: Setting CVar [[r.SceneColorFormat:4]]
[2020.06.26-08.00.26:342][  0]LogConfig: Setting CVar [[r.DetailMode:2]]
[2020.06.26-08.00.26:342][  0]LogConfig: Setting CVar [[r.TranslucencyVolumeBlur:1]]
[2020.06.26-08.00.26:342][  0]LogConfig: Setting CVar [[r.MaterialQualityLevel:1 ; High quality]]
[2020.06.26-08.00.26:342][  0]LogConfig: Setting CVar [[r.SSS.Scale:1]]
[2020.06.26-08.00.26:342][  0]LogConfig: Setting CVar [[r.SSS.SampleSet:2]]
[2020.06.26-08.00.26:342][  0]LogConfig: Setting CVar [[r.SSS.Quality:1]]
[2020.06.26-08.00.26:342][  0]LogConfig: Setting CVar [[r.SSS.HalfRes:0]]
[2020.06.26-08.00.26:342][  0]LogConfig: Setting CVar [[r.SSGI.Quality:3]]
[2020.06.26-08.00.26:342][  0]LogConfig: Setting CVar [[r.EmitterSpawnRateScale:1.0]]
[2020.06.26-08.00.26:342][  0]LogConfig: Setting CVar [[r.ParticleLightQuality:2]]
[2020.06.26-08.00.26:342][  0]LogConfig: Setting CVar [[r.SkyAtmosphere.AerialPerspectiveLUT.FastApplyOnOpaque:1 ; Always have FastSkyLUT 1 in this case to avoid wrong sky]]
[2020.06.26-08.00.26:342][  0]LogConfig: Setting CVar [[r.SkyAtmosphere.AerialPerspectiveLUT.SampleCountPerSlice:1]]
[2020.06.26-08.00.26:342][  0]LogConfig: Setting CVar [[r.SkyAtmosphere.AerialPerspectiveLUT.DepthResolution:16.0]]
[2020.06.26-08.00.26:342][  0]LogConfig: Setting CVar [[r.SkyAtmosphere.FastSkyLUT:1]]
[2020.06.26-08.00.26:342][  0]LogConfig: Setting CVar [[r.SkyAtmosphere.FastSkyLUT.SampleCountMin:4.0]]
[2020.06.26-08.00.26:342][  0]LogConfig: Setting CVar [[r.SkyAtmosphere.FastSkyLUT.SampleCountMax:32.0]]
[2020.06.26-08.00.26:342][  0]LogConfig: Setting CVar [[r.SkyAtmosphere.SampleCountMin:4.0]]
[2020.06.26-08.00.26:342][  0]LogConfig: Setting CVar [[r.SkyAtmosphere.SampleCountMax:32.0]]
[2020.06.26-08.00.26:342][  0]LogConfig: Setting CVar [[r.SkyAtmosphere.TransmittanceLUT.UseSmallFormat:0]]
[2020.06.26-08.00.26:342][  0]LogConfig: Setting CVar [[r.SkyAtmosphere.TransmittanceLUT.SampleCount:10.0]]
[2020.06.26-08.00.26:342][  0]LogConfig: Setting CVar [[r.SkyAtmosphere.MultiScatteringLUT.SampleCount:15.0]]
[2020.06.26-08.00.26:342][  0]LogConfig: Applying CVar settings from Section [FoliageQuality@3] File [C:/Users/TheK-B1000/Desktop/The K-B Folder/Unreal/repos/TankGame/ToonTanks/Saved/Config/Windows/Scalability.ini]
[2020.06.26-08.00.26:342][  0]LogConfig: Setting CVar [[foliage.DensityScale:1.0]]
[2020.06.26-08.00.26:342][  0]LogConfig: Setting CVar [[grass.DensityScale:1.0]]
[2020.06.26-08.00.26:342][  0]LogConfig: Applying CVar settings from Section [ShadingQuality@3] File [C:/Users/TheK-B1000/Desktop/The K-B Folder/Unreal/repos/TankGame/ToonTanks/Saved/Config/Windows/Scalability.ini]
[2020.06.26-08.00.26:342][  0]LogConfig: Setting CVar [[r.HairStrands.SkyLighting.SampleCount:16]]
[2020.06.26-08.00.26:342][  0]LogConfig: Setting CVar [[r.HairStrands.SkyLighting.JitterIntegration:0]]
[2020.06.26-08.00.26:342][  0]LogConfig: Setting CVar [[r.HairStrands.SkyAO.SampleCount:16]]
[2020.06.26-08.00.26:343][  0]LogConfig: Setting CVar [[r.HairStrands.DeepShadow.SuperSampling:0]]
[2020.06.26-08.00.26:343][  0]LogConfig: Setting CVar [[r.HairStrands.VisibilityPPLL:0]]
[2020.06.26-08.00.26:343][  0]LogConfig: Setting CVar [[r.HairStrands.RasterizationScale:0.5]]
[2020.06.26-08.00.26:343][  0]LogConfig: Setting CVar [[r.HairStrands.VelocityRasterizationScale:1]]
[2020.06.26-08.00.26:343][  0]LogConfig: Applying CVar settings from Section [Startup] File [../../../Engine/Config/ConsoleVariables.ini]
[2020.06.26-08.00.26:343][  0]LogConfig: Setting CVar [[net.UseAdaptiveNetUpdateFrequency:0]]
[2020.06.26-08.00.26:343][  0]LogConfig: Setting CVar [[p.chaos.AllowCreatePhysxBodies:1]]
[2020.06.26-08.00.26:343][  0]LogConfig: Setting CVar [[fx.SkipVectorVMBackendOptimizations:1]]
[2020.06.26-08.00.26:343][  0]LogConfig: Applying CVar settings from Section [ConsoleVariables] File [C:/Users/TheK-B1000/Desktop/The K-B Folder/Unreal/repos/TankGame/ToonTanks/Saved/Config/Windows/Engine.ini]
[2020.06.26-08.00.26:344][  0]LogInit: Computer: LAPTOP-7TARG8CR
[2020.06.26-08.00.26:344][  0]LogInit: User: TheKB1000
[2020.06.26-08.00.26:344][  0]LogInit: CPU Page size=4096, Cores=4
[2020.06.26-08.00.26:344][  0]LogInit: High frequency timer resolution =10.000000 MHz
[2020.06.26-08.00.26:344][  0]LogMemory: Memory total: Physical=7.9GB (8GB approx)
[2020.06.26-08.00.26:344][  0]LogMemory: Platform Memory Stats for Windows
[2020.06.26-08.00.26:344][  0]LogMemory: Process Physical Memory: 114.33 MB used, 114.33 MB peak
[2020.06.26-08.00.26:344][  0]LogMemory: Process Virtual Memory: 103.84 MB used, 103.84 MB peak
[2020.06.26-08.00.26:344][  0]LogMemory: Physical Memory: 7391.73 MB used,  678.49 MB free, 8070.22 MB total
[2020.06.26-08.00.26:344][  0]LogMemory: Virtual Memory: 5136.00 MB used,  134212592.00 MB free, 134217728.00 MB total
[2020.06.26-08.00.26:358][  0]LogWindows: WindowsPlatformFeatures enabled
[2020.06.26-08.00.26:560][  0]LogInit: Physics initialised using underlying interface: PhysX
[2020.06.26-08.00.26:564][  0]LogInit: Using OS detected language (en-US).
[2020.06.26-08.00.26:564][  0]LogInit: Using OS detected locale (en-US).
[2020.06.26-08.00.26:570][  0]LogTextLocalizationManager: No specific localization for 'en-US' exists, so the 'en' localization will be used.
[2020.06.26-08.00.27:070][  0]LogInit: Setting process to per monitor DPI aware
[2020.06.26-08.00.27:153][  0]LogSlate: New Slate User Created.  User Index 0, Is Virtual User: 0
[2020.06.26-08.00.27:154][  0]LogSlate: Slate User Registered.  User Index 0, Is Virtual User: 0
[2020.06.26-08.00.27:596][  0]LogHMD: Failed to initialize OpenVR with code 110
[2020.06.26-08.00.27:596][  0]LogD3D11RHI: D3D11 min allowed feature level: 11_0
[2020.06.26-08.00.27:596][  0]LogD3D11RHI: D3D11 max allowed feature level: 11_0
[2020.06.26-08.00.27:596][  0]LogD3D11RHI: D3D11 adapters:
[2020.06.26-08.00.27:784][  0]LogD3D11RHI:    0. 'NVIDIA GeForce GTX 960M' (Feature Level 11_0)
[2020.06.26-08.00.27:784][  0]LogD3D11RHI:       4055/0/4035 MB DedicatedVideo/DedicatedSystem/SharedSystem, Outputs:1, VendorId:0x10de
[2020.06.26-08.00.27:821][  0]LogD3D11RHI:    1. 'Intel(R) HD Graphics 530' (Feature Level 11_0)
[2020.06.26-08.00.27:821][  0]LogD3D11RHI:       128/0/4035 MB DedicatedVideo/DedicatedSystem/SharedSystem, Outputs:0, VendorId:0x8086
[2020.06.26-08.00.27:844][  0]LogD3D11RHI:    2. 'Microsoft Basic Render Driver' (Feature Level 11_0)
[2020.06.26-08.00.27:844][  0]LogD3D11RHI:       0/0/4035 MB DedicatedVideo/DedicatedSystem/SharedSystem, Outputs:0, VendorId:0x1414
[2020.06.26-08.00.27:844][  0]LogD3D11RHI: Chosen D3D11 Adapter: 0
[2020.06.26-08.00.27:933][  0]LogD3D11RHI: Creating new Direct3DDevice
[2020.06.26-08.00.27:934][  0]LogD3D11RHI:     GPU DeviceId: 0x139b (for the marketing name, search the web for "GPU Device Id")
[2020.06.26-08.00.27:934][  0]LogWindows: EnumDisplayDevices:
[2020.06.26-08.00.27:935][  0]LogWindows:    0. 'Intel(R) HD Graphics 530' (P:1 D:1)
[2020.06.26-08.00.27:936][  0]LogWindows:    1. 'Intel(R) HD Graphics 530' (P:0 D:0)
[2020.06.26-08.00.27:938][  0]LogWindows:    2. 'Intel(R) HD Graphics 530' (P:0 D:0)
[2020.06.26-08.00.27:939][  0]LogWindows: DebugString: PrimaryIsNotTheChoosenAdapter PrimaryIsNotTheChoosenAdapter PrimaryIsNotTheChoosenAdapter FoundDriverCount:0 
[2020.06.26-08.00.27:940][  0]LogD3D11RHI:     Adapter Name: NVIDIA GeForce GTX 960M
[2020.06.26-08.00.27:940][  0]LogD3D11RHI:   Driver Version: Unknown (internal:Unknown, unified:Unknown)
[2020.06.26-08.00.27:940][  0]LogD3D11RHI:      Driver Date: Unknown
[2020.06.26-08.00.27:940][  0]LogRHI: Texture pool is 2839 MB (70% of 4055 MB)
[2020.06.26-08.00.28:020][  0]LogD3D11RHI: RHI has support for 64 bit atomics
[2020.06.26-08.00.28:027][  0]LogD3D11RHI: [Aftermath] Enabled and primed
[2020.06.26-08.00.28:027][  0]LogD3D11RHI: Async texture creation enabled
[2020.06.26-08.00.28:058][  0]LogD3D11RHI: GPU Timing Frequency: 1000.000000 (Debug: 2 2)
[2020.06.26-08.00.28:908][  0]LogTargetPlatformManager: Display: Loaded TargetPlatform 'AllDesktop'
[2020.06.26-08.00.28:952][  0]LogTargetPlatformManager: Display: Loaded TargetPlatform 'Android'
[2020.06.26-08.00.28:952][  0]LogTargetPlatformManager: Display: Loaded TargetPlatform 'Android_ASTC'
[2020.06.26-08.00.28:953][  0]LogTargetPlatformManager: Display: Loaded TargetPlatform 'Android_DXT'
[2020.06.26-08.00.28:953][  0]LogTargetPlatformManager: Display: Loaded TargetPlatform 'Android_ETC2'
[2020.06.26-08.00.28:953][  0]LogTargetPlatformManager: Display: Loaded TargetPlatform 'AndroidClient'
[2020.06.26-08.00.28:953][  0]LogTargetPlatformManager: Display: Loaded TargetPlatform 'Android_ASTCClient'
[2020.06.26-08.00.28:953][  0]LogTargetPlatformManager: Display: Loaded TargetPlatform 'Android_DXTClient'
[2020.06.26-08.00.28:953][  0]LogTargetPlatformManager: Display: Loaded TargetPlatform 'Android_ETC2Client'
[2020.06.26-08.00.28:953][  0]LogTargetPlatformManager: Display: Loaded TargetPlatform 'Android_Multi'
[2020.06.26-08.00.28:953][  0]LogTargetPlatformManager: Display: Loaded TargetPlatform 'Android_MultiClient'
[2020.06.26-08.00.29:026][  0]LogTargetPlatformManager: Display: Loaded TargetPlatform 'IOSClient'
[2020.06.26-08.00.29:026][  0]LogTargetPlatformManager: Display: Loaded TargetPlatform 'IOS'
[2020.06.26-08.00.29:051][  0]LogTargetPlatformManager: Display: Loaded TargetPlatform 'Linux'
[2020.06.26-08.00.29:074][  0]LogTargetPlatformManager: Display: Loaded TargetPlatform 'LinuxNoEditor'
[2020.06.26-08.00.29:102][  0]LogTargetPlatformManager: Display: Loaded TargetPlatform 'LinuxClient'
[2020.06.26-08.00.29:128][  0]LogTargetPlatformManager: Display: Loaded TargetPlatform 'LinuxServer'
[2020.06.26-08.00.29:154][  0]LogTargetPlatformManager: Display: Loaded TargetPlatform 'LinuxAArch64NoEditor'
[2020.06.26-08.00.29:179][  0]LogTargetPlatformManager: Display: Loaded TargetPlatform 'LinuxAArch64Client'
[2020.06.26-08.00.29:199][  0]LogTargetPlatformManager: Display: Loaded TargetPlatform 'LinuxAArch64Server'
[2020.06.26-08.00.29:246][  0]LogTargetPlatformManager: Display: Loaded TargetPlatform 'Lumin'
[2020.06.26-08.00.29:246][  0]LogTargetPlatformManager: Display: Loaded TargetPlatform 'LuminClient'
[2020.06.26-08.00.29:276][  0]LogTargetPlatformManager: Display: Loaded TargetPlatform 'TVOSClient'
[2020.06.26-08.00.29:276][  0]LogTargetPlatformManager: Display: Loaded TargetPlatform 'TVOS'
[2020.06.26-08.00.29:301][  0]LogTargetPlatformManager: Display: Loaded TargetPlatform 'WindowsNoEditor'
[2020.06.26-08.00.29:323][  0]LogTargetPlatformManager: Display: Loaded TargetPlatform 'Windows'
[2020.06.26-08.00.29:341][  0]LogTargetPlatformManager: Display: Loaded TargetPlatform 'WindowsClient'
[2020.06.26-08.00.29:366][  0]LogTargetPlatformManager: Display: Loaded TargetPlatform 'WindowsServer'
[2020.06.26-08.00.29:366][  0]LogTargetPlatformManager: Display: Building Assets For Windows
[2020.06.26-08.00.29:406][  0]LogAudioDebug: Display: Lib vorbis DLL was dynamically loaded.
[2020.06.26-08.00.29:673][  0]LogShaderCompilers: Guid format shader working directory is -39 characters bigger than the processId version (../../../../../../Users/TheK-B1000/Desktop/The K-B Folder/Unreal/repos/TankGame/ToonTanks/Intermediate/Shaders/WorkingDirectory/27316/).
[2020.06.26-08.00.29:673][  0]LogShaderCompilers: Cleaned the shader compiler working directory 'C:/Users/TheK-B1000/AppData/Local/Temp/UnrealShaderWorkingDir/BC6C1423418B3640E8AF1CBB014AB7CD/'.
[2020.06.26-08.00.29:675][  0]LogXGEController: Cannot use XGE Controller as Incredibuild is not installed on this machine.
[2020.06.26-08.00.29:675][  0]LogShaderCompilers: Cannot use XGE Shader Compiler as Incredibuild is not installed on this machine.
[2020.06.26-08.00.29:675][  0]LogShaderCompilers: Display: Using Local Shader Compiler.
[2020.06.26-08.00.31:228][  0]LogDerivedDataCache: Display: Max Cache Size: 512 MB
[2020.06.26-08.00.31:569][  0]LogDerivedDataCache: Loaded boot cache 0.34s 104MB C:/Users/TheK-B1000/AppData/Local/UnrealEngine/4.25/DerivedDataCache/Boot.ddc.
[2020.06.26-08.00.31:569][  0]LogDerivedDataCache: Display: Loaded Boot cache: C:/Users/TheK-B1000/AppData/Local/UnrealEngine/4.25/DerivedDataCache/Boot.ddc
[2020.06.26-08.00.31:569][  0]LogDerivedDataCache: FDerivedDataBackendGraph:  Pak pak cache file ../../../../../../Users/TheK-B1000/Desktop/The K-B Folder/Unreal/repos/TankGame/ToonTanks/DerivedDataCache/DDC.ddp not found, will not use a pak cache.
[2020.06.26-08.00.31:569][  0]LogDerivedDataCache: Unable to find inner node Pak for hierarchical cache Hierarchy.
[2020.06.26-08.00.31:569][  0]LogDerivedDataCache: FDerivedDataBackendGraph:  CompressedPak pak cache file ../../../../../../Users/TheK-B1000/Desktop/The K-B Folder/Unreal/repos/TankGame/ToonTanks/DerivedDataCache/Compressed.ddp not found, will not use a pak cache.
[2020.06.26-08.00.31:569][  0]LogDerivedDataCache: Unable to find inner node CompressedPak for hierarchical cache Hierarchy.
[2020.06.26-08.00.31:588][  0]LogDerivedDataCache: Display: Pak cache opened for reading ../../../Engine/DerivedDataCache/Compressed.ddp.
[2020.06.26-08.00.31:588][  0]LogDerivedDataCache: FDerivedDataBackendGraph:  EnterprisePak pak cache file ../../../Enterprise/DerivedDataCache/Compressed.ddp not found, will not use a pak cache.
[2020.06.26-08.00.31:588][  0]LogDerivedDataCache: Unable to find inner node EnterprisePak for hierarchical cache Hierarchy.
[2020.06.26-08.00.31:591][  0]LogDerivedDataCache: Using Local data cache path C:/Users/TheK-B1000/AppData/Local/UnrealEngine/Common/DerivedDataCache: Writable
[2020.06.26-08.00.31:591][  0]LogDerivedDataCache: Shared data cache path not found in *engine.ini, will not use an Shared cache.
[2020.06.26-08.00.31:591][  0]LogDerivedDataCache: Unable to find inner node Shared for hierarchical cache Hierarchy.
[2020.06.26-08.00.31:699][  0]LogSlate: Using FreeType 2.10.0
[2020.06.26-08.00.31:701][  0]LogSlate: SlateFontServices - WITH_FREETYPE: 1, WITH_HARFBUZZ: 1
[2020.06.26-08.00.31:778][  0]LogAssetRegistry: FAssetRegistry took 0.0042 seconds to start up
[2020.06.26-08.00.32:681][  0]LogInit: Selected Device Profile: [Windows]
[2020.06.26-08.00.33:481][  0]LogMeshReduction: Using QuadricMeshReduction for automatic static mesh reduction
[2020.06.26-08.00.33:481][  0]LogMeshReduction: Using SimplygonMeshReduction for automatic skeletal mesh reduction
[2020.06.26-08.00.33:481][  0]LogMeshReduction: Using ProxyLODMeshReduction for automatic mesh merging
[2020.06.26-08.00.33:481][  0]LogMeshReduction: No distributed automatic mesh merging module available
[2020.06.26-08.00.33:481][  0]LogMeshMerging: No distributed automatic mesh merging module available
[2020.06.26-08.00.33:510][  0]LogNetVersion: ToonTanks 1.0.0, NetCL: 13144385, EngineNetVer: 14, GameNetVer: 0 (Checksum: 281104731)
[2020.06.26-08.00.34:319][  0]LogAISub: UAISubsystem::UAISubsystem AISubsystem (000001F9814D1840), frame # 0
[2020.06.26-08.00.34:319][  0]LogAISub: UAISubsystem::UAISubsystem AIPerceptionSystem (000001F9813B20C0), frame # 0
[2020.06.26-08.00.34:321][  0]LogAISub: UAISubsystem::UAISubsystem EnvQueryManager (000001F9814FE200), frame # 0
[2020.06.26-08.00.34:411][  0]LogPackageLocalizationCache: Processed 19 localized package path(s) for 1 prioritized culture(s) in 0.073841 seconds
[2020.06.26-08.00.34:420][  0]LogUObjectArray: 15917 objects as part of root set at end of initial load.
[2020.06.26-08.00.34:420][  0]LogUObjectAllocator: 3965568 out of 0 bytes used by permanent object pool.
[2020.06.26-08.00.34:420][  0]LogUObjectArray: CloseDisregardForGC: 0/0 objects in disregard for GC pool
[2020.06.26-08.00.36:275][  0]LogTcpMessaging: Initializing TcpMessaging bridge
[2020.06.26-08.00.36:290][  0]LogUdpMessaging: Initializing bridge on interface 0.0.0.0:0 to multicast group 230.0.0.1:6666.
[2020.06.26-08.00.36:686][  0]SourceControl: Source control is disabled
[2020.06.26-08.00.36:686][  0]SourceControl: Source control is disabled
[2020.06.26-08.00.36:702][  0]SourceControl: Source control is disabled
[2020.06.26-08.00.36:714][  0]SourceControl: Source control is disabled
[2020.06.26-08.00.36:750][  0]SourceControl: Source control is disabled
[2020.06.26-08.00.37:600][  0]LogAndroidPermission: UAndroidPermissionCallbackProxy::GetInstance
[2020.06.26-08.00.37:676][  0]LogAudioCaptureCore: Display: No Audio Capture implementations found. Audio input will be silent.
[2020.06.26-08.00.37:676][  0]LogAudioCaptureCore: Display: No Audio Capture implementations found. Audio input will be silent.
[2020.06.26-08.00.37:866][  0]LogOcInput: OculusInput pre-init called
[2020.06.26-08.00.37:895][  0]LogWindows: Failed to load 'OVRPlugin.dll' (GetLastError=126)
[2020.06.26-08.00.37:895][  0]LogWindows: File 'OVRPlugin.dll' does not exist
[2020.06.26-08.00.38:044][  0]LogEngine: Initializing Engine...
[2020.06.26-08.00.38:047][  0]LogHMD: Failed to initialize OpenVR with code 110
[2020.06.26-08.00.38:048][  0]LogMagicLeap: Warning: VR disabled because ZI is not enabled.  To enable, in the editor, Edit -> Project Settings -> Plugins -> Magic Leap Plugin -> Enable Zero Iteration
[2020.06.26-08.00.38:049][  0]LogStats: UGameplayTagsManager::InitializeManager -  0.000 s
[2020.06.26-08.00.38:330][  0]LogInit: Initializing FReadOnlyCVARCache
[2020.06.26-08.00.38:412][  0]LogAIModule: Creating AISystem for world Untitled
[2020.06.26-08.00.38:412][  0]LogAISub: UAISubsystem::UAISubsystem EnvQueryManager (000001F98ACCBC00), frame # 0
[2020.06.26-08.00.38:412][  0]LogAISub: UAISubsystem::UAISubsystem AIPerceptionSystem (000001F98AD2BB00), frame # 0
[2020.06.26-08.00.38:443][  0]LogAudioMixer: Display: Audio Mixer Platform Settings:
[2020.06.26-08.00.38:443][  0]LogAudioMixer: Display: 	Sample Rate:						  48000
[2020.06.26-08.00.38:443][  0]LogAudioMixer: Display: 	Callback Buffer Frame Size Requested: 1024
[2020.06.26-08.00.38:443][  0]LogAudioMixer: Display: 	Callback Buffer Frame Size To Use:	  1024
[2020.06.26-08.00.38:443][  0]LogAudioMixer: Display: 	Number of buffers to queue:			  2
[2020.06.26-08.00.38:443][  0]LogAudioMixer: Display: 	Max Channels (voices):				  32
[2020.06.26-08.00.38:443][  0]LogAudioMixer: Display: 	Number of Async Source Workers:		  0
[2020.06.26-08.00.38:443][  0]LogAudio: Display: AudioDevice MaxSources: 32
[2020.06.26-08.00.38:444][  0]LogAudio: Display: Using built-in audio occlusion.
[2020.06.26-08.00.38:444][  0]LogAudioMixer: Display: Initializing audio mixer.
[2020.06.26-08.00.38:500][  0]LogAudioMixer: Display: 0: FrontLeft
[2020.06.26-08.00.38:500][  0]LogAudioMixer: Display: 1: FrontRight
[2020.06.26-08.00.38:630][  0]LogAudioMixer: Display: Using Audio Device Speakers (Yeti Stereo Microphone)
[2020.06.26-08.00.38:637][  0]LogAudioMixer: Display: Initializing Sound Submixes...
[2020.06.26-08.00.38:641][  0]LogAudioMixer: Display: Creating Master Submix 'MasterSubmixDefault'
[2020.06.26-08.00.38:641][  0]LogAudioMixer: Display: Creating Master Submix 'MasterReverbSubmixDefault'
[2020.06.26-08.00.38:643][  0]LogAudioMixer: Display: Creating Master Submix 'MasterEQSubmixDefault'
[2020.06.26-08.00.38:646][  0]LogInit: FAudioDevice initialized.
[2020.06.26-08.00.38:646][  0]LogNetVersion: Set ProjectVersion to 1.0.0.0. Version Checksum will be recalculated on next use.
[2020.06.26-08.00.40:617][  0]LogDerivedDataCache: Saved boot cache 1.97s 104MB C:/Users/TheK-B1000/AppData/Local/UnrealEngine/4.25/DerivedDataCache/Boot.ddc.
[2020.06.26-08.00.40:618][  0]LogInit: Texture streaming: Enabled
[2020.06.26-08.00.40:683][  0]LogEngineSessionManager: EngineSessionManager initialized
[2020.06.26-08.00.40:683][  0]LogEditorSessionSummary: Verbose: Initializing EditorSessionSummaryWriter for editor session tracking
[2020.06.26-08.00.40:695][  0]LogEditorSessionSummary: EditorSessionSummaryWriter initialized
[2020.06.26-08.00.40:782][  0]LogInit: Transaction tracking system initialized
[2020.06.26-08.00.40:856][  0]BlueprintLog: New page: Editor Load
[2020.06.26-08.00.41:406][  0]LocalizationService: Localization service is disabled
[2020.06.26-08.00.41:946][  0]LogSlate: Took 0.001417 seconds to synchronously load lazily loaded font '../../../Engine/Content/Slate/Fonts/Roboto-Regular.ttf' (155K)
[2020.06.26-08.00.50:546][  0]LogSlate: Window 'Low drive space warning' being destroyed
[2020.06.26-08.00.50:548][  0]LogWindowsTextInputMethodSystem: Display: IME system now deactivated.
[2020.06.26-08.00.50:557][  0]Message dialog closed, result: Ok, title: Low drive space warning, text: The following drive locations have limited free space.
It is recommended that you free some space to avoid issues such as crashed and data loss due to files not being able to be written and saved.

  1,013 MB Free 		 C:/Program Files/Epic Games/UE_4.25/Engine/Binaries/Win64/
 				 The base engine directory. 

  1,013 MB Free 		 C:/Users/TheK-B1000/Desktop/The K-B Folder/Unreal/repos/TankGame/ToonTanks/
 				 The project directory. 

  1,013 MB Free 		 C:/Users/TheK-B1000/Documents/
 				 User directory where user specific settings are stored. 

[2020.06.26-08.00.51:243][  0]LogCook: Display: Max memory allowance for cook 16384mb min free memory 0mb
[2020.06.26-08.00.51:243][  0]LogCook: Display: Mobile HDR setting 1
[2020.06.26-08.00.51:692][  0]LogFileCache: Scanning file cache for directory 'C:/Users/TheK-B1000/Desktop/The K-B Folder/Unreal/repos/TankGame/ToonTanks/Content/' took 0.02s
[2020.06.26-08.00.53:353][  0]SourceControl: Source control is disabled
[2020.06.26-08.00.53:354][  0]LogUnrealEdMisc: Loading editor; pre map load, took 32.316
[2020.06.26-08.00.53:354][  0]Cmd: MAP LOAD FILE="../../../../../../Users/TheK-B1000/Desktop/The K-B Folder/Unreal/repos/TankGame/ToonTanks/Content/Maps/Main.umap" TEMPLATE=0 SHOWPROGRESS=1 FEATURELEVEL=3
[2020.06.26-08.00.53:354][  0]LightingResults: New page: Lighting Build
[2020.06.26-08.00.53:356][  0]LogWorld: UWorld::CleanupWorld for Untitled, bSessionEnded=true, bCleanupResources=true
[2020.06.26-08.00.53:356][  0]LogSlate: InvalidateAllWidgets triggered.  All widgets were invalidated
[2020.06.26-08.00.53:357][  0]MapCheck: New page: Map Check
[2020.06.26-08.00.53:357][  0]LightingResults: New page: Lighting Build
[2020.06.26-08.00.54:903][  0]LogAISub: UAISubsystem::~UAISubsystem EnvQueryManager (000001F98ACCBC00), frame # 0
[2020.06.26-08.00.54:903][  0]LogAISub: UAISubsystem::~UAISubsystem AIPerceptionSystem (000001F98AD2BB00), frame # 0
[2020.06.26-08.00.54:904][  0]LogUObjectHash: Compacting FUObjectHashTables data took   0.86ms
[2020.06.26-08.00.55:325][  0]LogAIModule: Creating AISystem for world Main
[2020.06.26-08.00.55:325][  0]LogAISub: UAISubsystem::UAISubsystem EnvQueryManager (000001F994593E00), frame # 0
[2020.06.26-08.00.55:325][  0]LogAISub: UAISubsystem::UAISubsystem AIPerceptionSystem (000001F980C3B740), frame # 0
[2020.06.26-08.00.55:335][  0]LogEditorServer: Finished looking for orphan Actors (0.000 secs)
[2020.06.26-08.01.00:873][  0]LogUObjectHash: Compacting FUObjectHashTables data took   0.91ms
[2020.06.26-08.01.00:873][  0]Cmd: MAP CHECKDEP NOCLEARLOG
[2020.06.26-08.01.00:874][  0]MapCheck: Map check complete: 0 Error(s), 0 Warning(s), took 0.385ms to complete.
[2020.06.26-08.01.00:874][  0]LogFileHelpers: Loading map 'Main' took 7.520
[2020.06.26-08.01.00:880][  0]LogUnrealEdMisc: Total Editor Startup Time, took 39.843
[2020.06.26-08.01.00:992][  0]LogWindowsTextInputMethodSystem: Display: IME system now deactivated.
[2020.06.26-08.01.02:493][  0]LogSlate: Updating window title bar state: overlay mode, drag disabled, window buttons hidden, title bar hidden
[2020.06.26-08.01.02:520][  0]LogSlate: Updating window title bar state: overlay mode, drag disabled, window buttons hidden, title bar hidden
[2020.06.26-08.01.02:532][  0]LogSlate: Updating window title bar state: overlay mode, drag disabled, window buttons hidden, title bar hidden
[2020.06.26-08.01.02:544][  0]LogSlate: Updating window title bar state: overlay mode, drag disabled, window buttons hidden, title bar hidden
[2020.06.26-08.01.02:622][  0]LogCollectionManager: Loaded 0 collections in 0.006149 seconds
[2020.06.26-08.01.02:663][  0]LogFileCache: Scanning file cache for directory 'C:/Users/TheK-B1000/Desktop/The K-B Folder/Unreal/repos/TankGame/ToonTanks/Saved/Collections/' took 0.00s
[2020.06.26-08.01.02:663][  0]LogFileCache: Scanning file cache for directory 'C:/Users/TheK-B1000/Desktop/The K-B Folder/Unreal/repos/TankGame/ToonTanks/Content/Developers/TheKB1000/Collections/' took 0.00s
[2020.06.26-08.01.02:663][  0]LogFileCache: Scanning file cache for directory 'C:/Users/TheK-B1000/Desktop/The K-B Folder/Unreal/repos/TankGame/ToonTanks/Content/Collections/' took 0.00s
[2020.06.26-08.01.02:663][  0]LogContentBrowser: Native class hierarchy populated in 0.0166 seconds. Added 3432 classes and 826 folders.
[2020.06.26-08.01.02:688][  0]LogContentBrowser: Native class hierarchy updated for 'WidgetCarousel' in 0.0008 seconds. Added 0 classes and 0 folders.
[2020.06.26-08.01.03:015][  0]LogContentBrowser: Native class hierarchy updated for 'AddContentDialog' in 0.0012 seconds. Added 0 classes and 0 folders.
[2020.06.26-08.01.03:025][  0]LogContentBrowser: Native class hierarchy updated for 'SceneOutliner' in 0.0006 seconds. Added 2 classes and 0 folders.
[2020.06.26-08.01.03:224][  0]LogContentBrowser: Native class hierarchy updated for 'HierarchicalLODOutliner' in 0.0008 seconds. Added 0 classes and 0 folders.
[2020.06.26-08.01.03:225][  0]LogLoad: (Engine Initialization) Total time: 42.19 seconds
[2020.06.26-08.01.03:225][  0]LogLoad: (Engine Initialization) Total Blueprint compile time: 0.00 seconds
[2020.06.26-08.01.03:518][  0]LogRenderer: Reallocating scene render targets to support 64x64 Format 10 NumSamples 1 (Frame:1).
[2020.06.26-08.01.03:518][  0]LogAssetRegistry: Asset discovery search completed in 31.7415 seconds
[2020.06.26-08.01.03:528][  0]LogCollectionManager: Fixed up redirectors for 0 collections in 0.000004 seconds (updated 0 objects)
[2020.06.26-08.01.03:535][  0]LogContentStreaming: Texture pool size now 1000 MB
[2020.06.26-08.01.03:549][  0]LogSlate: Took 0.001198 seconds to synchronously load lazily loaded font '../../../Engine/Content/Slate/Fonts/Roboto-Bold.ttf' (160K)
[2020.06.26-08.01.03:566][  0]LogSlate: Took 0.001602 seconds to synchronously load lazily loaded font '../../../Engine/Content/Editor/Slate/Fonts/FontAwesome.ttf' (139K)
[2020.06.26-08.01.08:279][  0]LogRenderer: Reallocating scene render targets to support 800x376 Format 10 NumSamples 1 (Frame:1).
[2020.06.26-08.01.08:279][  0]LogSlate: Took 0.001583 seconds to synchronously load lazily loaded font '../../../Engine/Content/Slate/Fonts/Roboto-Light.ttf' (167K)
[2020.06.26-08.01.13:676][  2]LogEditorViewport: Clicking on Actor (LMB): StaticMeshActor (Floor)
[2020.06.26-08.01.14:674][  2]LogSlate: Took 0.000199 seconds to synchronously load lazily loaded font '../../../Engine/Content/Slate/Fonts/Roboto-Light.ttf' (167K)
[2020.06.26-08.01.15:908][ 36]LogTemp: IOS device listing is disabled (too many failed attempts)!
[2020.06.26-08.01.17:911][ 83]LogRenderer: Reallocating scene render targets to support 960x452 Format 10 NumSamples 1 (Frame:64).
[2020.06.26-08.05.53:741][238]LogK2Compiler: Warning: ValidateVariableNames name StartDelay (used in /Game/Blueprints/GameModes/BP_GameModeBase.BP_GameModeBase) is already taken by /Script/ToonTanks.TankGameModeBase:StartDelay
[2020.06.26-08.05.53:741][238]LogBlueprint: Warning: [Compiler BP_GameModeBase] Found a member variable with a conflicting name (StartDelay) - changed to StartDelay_0.
[2020.06.26-08.05.58:965][370]LogAssetEditorSubsystem: Opening Asset editor for Blueprint /Game/Blueprints/GameModes/BP_GameModeBase.BP_GameModeBase
[2020.06.26-08.05.59:404][370]LogContentBrowser: Native class hierarchy updated for 'BlueprintGraph' in 0.0009 seconds. Added 125 classes and 0 folders.
[2020.06.26-08.06.00:799][370]LogSlate: Took 0.000969 seconds to synchronously load lazily loaded font '../../../Engine/Content/Slate/Fonts/Roboto-BoldCondensed.ttf' (158K)
[2020.06.26-08.06.00:883][370]LogSlate: Took 0.001194 seconds to synchronously load lazily loaded font '../../../Engine/Content/Slate/Fonts/DroidSansMono.ttf' (77K)
[2020.06.26-08.06.00:922][371]LogSlate: Took 0.001357 seconds to synchronously load lazily loaded font '../../../Engine/Content/Slate/Fonts/Roboto-Italic.ttf' (157K)
[2020.06.26-08.07.05:372][179]LogTemp: IOS device listing is disabled (too many failed attempts)!
[2020.06.26-08.07.44:529][421]BlueprintLog: New page: Compile BP_GameModeBase
[2020.06.26-08.07.44:620][421]LogUObjectHash: Compacting FUObjectHashTables data took   2.83ms
[2020.06.26-08.07.45:096][430]LogSavePackage: Moving '../../../../../../Users/TheK-B1000/Desktop/The K-B Folder/Unreal/repos/TankGame/ToonTanks/Saved/BP_GameModeBase0A559742429DA02CB263BE8ACF7D9016.tmp' to '../../../../../../Users/TheK-B1000/Desktop/The K-B Folder/Unreal/repos/TankGame/ToonTanks/Content/Blueprints/GameModes/BP_GameModeBase.uasset'
[2020.06.26-08.07.45:128][430]AssetCheck: New page: Asset Save: BP_GameModeBase
[2020.06.26-08.07.45:128][430]LogContentValidation: Display: Validating Blueprint /Game/Blueprints/GameModes/BP_GameModeBase.BP_GameModeBase
[2020.06.26-08.08.13:030][943]LogTemp: IOS device listing is disabled (too many failed attempts)!
[2020.06.26-08.08.28:934][162]LogSlate: Window 'Delete Variable' being destroyed
[2020.06.26-08.08.42:888][773]LogEditorTransaction: Undo Move Node
[2020.06.26-08.08.43:141][777]LogEditorTransaction: Undo Promote To Variable
[2020.06.26-08.08.43:338][779]LogEditorTransaction: Undo Remove Variable
[2020.06.26-08.08.43:658][789]LogEditorTransaction: Undo Move Node
[2020.06.26-08.08.44:945][839]LogEditorTransaction: Redo Move Node
[2020.06.26-08.08.45:776][869]LogSavePackage: Moving '../../../../../../Users/TheK-B1000/Desktop/The K-B Folder/Unreal/repos/TankGame/ToonTanks/Saved/BP_GameModeBaseF8647942485595983E7F9FAC74B9C953.tmp' to '../../../../../../Users/TheK-B1000/Desktop/The K-B Folder/Unreal/repos/TankGame/ToonTanks/Content/Blueprints/GameModes/BP_GameModeBase.uasset'
[2020.06.26-08.08.45:798][869]AssetCheck: New page: Asset Save: BP_GameModeBase
[2020.06.26-08.08.45:798][869]LogContentValidation: Display: Validating Blueprint /Game/Blueprints/GameModes/BP_GameModeBase.BP_GameModeBase
[2020.06.26-08.08.59:153][969]BlueprintLog: New page: Compile BP_GameModeBase
[2020.06.26-08.08.59:230][969]LogUObjectHash: Compacting FUObjectHashTables data took   4.42ms
[2020.06.26-08.08.59:651][978]LogSavePackage: Moving '../../../../../../Users/TheK-B1000/Desktop/The K-B Folder/Unreal/repos/TankGame/ToonTanks/Saved/BP_GameModeBase2E5B29274F94DA8E0847D28B89D67CC6.tmp' to '../../../../../../Users/TheK-B1000/Desktop/The K-B Folder/Unreal/repos/TankGame/ToonTanks/Content/Blueprints/GameModes/BP_GameModeBase.uasset'
[2020.06.26-08.08.59:678][978]AssetCheck: New page: Asset Save: BP_GameModeBase
[2020.06.26-08.08.59:678][978]LogContentValidation: Display: Validating Blueprint /Game/Blueprints/GameModes/BP_GameModeBase.BP_GameModeBase
[2020.06.26-08.09.00:455][  1]LogSlate: Window 'BP_GameModeBase' being destroyed
[2020.06.26-08.09.03:041][103]LogTemp: Repeating last play command: Selected Viewport
[2020.06.26-08.09.03:070][103]LogPlayLevel: PlayLevel: No blueprints needed recompiling
[2020.06.26-08.09.03:080][103]PIE: New page: PIE session: Main (Jun 25, 2020, 6:09:03 PM)
[2020.06.26-08.09.03:085][103]LogOnline: OSS: Creating online subsystem instance for: NULL
[2020.06.26-08.09.03:090][103]LogOnline: OSS: TryLoadSubsystemAndSetDefault: Loaded subsystem for module [NULL]
[2020.06.26-08.09.03:091][103]LogPlayLevel: Creating play world package: /Game/Maps/UEDPIE_0_Main
[2020.06.26-08.09.03:098][103]LogPlayLevel: PIE: StaticDuplicateObject took: (0.006227s)
[2020.06.26-08.09.03:099][103]LogAIModule: Creating AISystem for world Main
[2020.06.26-08.09.03:099][103]LogAISub: UAISubsystem::UAISubsystem EnvQueryManager (000001FA0ACFD600), frame # 6103
[2020.06.26-08.09.03:099][103]LogAISub: UAISubsystem::UAISubsystem AIPerceptionSystem (000001F9B9CF6840), frame # 6103
[2020.06.26-08.09.03:100][103]LogPlayLevel: PIE: World Init took: (0.001924s)
[2020.06.26-08.09.03:100][103]LogPlayLevel: PIE: Created PIE world by copying editor world from /Game/Maps/Main.Main to /Game/Maps/UEDPIE_0_Main.Main (0.008373s)
[2020.06.26-08.09.03:134][103]LogUObjectHash: Compacting FUObjectHashTables data took   2.86ms
[2020.06.26-08.09.03:137][103]LogAudioMixer: Display: Audio Mixer Platform Settings:
[2020.06.26-08.09.03:137][103]LogAudioMixer: Display: 	Sample Rate:						  48000
[2020.06.26-08.09.03:137][103]LogAudioMixer: Display: 	Callback Buffer Frame Size Requested: 1024
[2020.06.26-08.09.03:137][103]LogAudioMixer: Display: 	Callback Buffer Frame Size To Use:	  1024
[2020.06.26-08.09.03:137][103]LogAudioMixer: Display: 	Number of buffers to queue:			  2
[2020.06.26-08.09.03:137][103]LogAudioMixer: Display: 	Max Channels (voices):				  32
[2020.06.26-08.09.03:137][103]LogAudioMixer: Display: 	Number of Async Source Workers:		  0
[2020.06.26-08.09.03:137][103]LogAudio: Display: AudioDevice MaxSources: 32
[2020.06.26-08.09.03:140][103]LogAudio: Display: Using built-in audio occlusion.
[2020.06.26-08.09.03:140][103]LogAudioMixer: Display: Initializing audio mixer.
[2020.06.26-08.09.03:153][103]LogAudioMixer: Display: 0: FrontLeft
[2020.06.26-08.09.03:153][103]LogAudioMixer: Display: 1: FrontRight
[2020.06.26-08.09.03:202][103]LogAudioMixer: Display: Using Audio Device Speakers (Yeti Stereo Microphone)
[2020.06.26-08.09.03:202][103]LogAudioMixer: Display: Initializing Sound Submixes...
[2020.06.26-08.09.03:202][103]LogAudioMixer: Display: Creating Master Submix 'MasterSubmixDefault'
[2020.06.26-08.09.03:202][103]LogAudioMixer: Display: Creating Master Submix 'MasterReverbSubmixDefault'
[2020.06.26-08.09.03:203][103]LogAudioMixer: Display: Creating Master Submix 'MasterEQSubmixDefault'
[2020.06.26-08.09.03:234][103]LogInit: FAudioDevice initialized.
[2020.06.26-08.09.03:261][103]LogLoad: Game class is 'BP_GameModeBase_C'
[2020.06.26-08.09.03:266][103]LogWorld: Bringing World /Game/Maps/UEDPIE_0_Main.Main up for play (max tick rate 60) at 2020.06.26-01.09.03
[2020.06.26-08.09.03:274][103]LogWorld: Bringing up level for play took: 0.008107
[2020.06.26-08.09.03:279][103]LogOnline: OSS: Creating online subsystem instance for: :Context_4
[2020.06.26-08.09.03:316][103]LogContentBrowser: Native class hierarchy updated for 'MovieSceneCapture' in 0.0011 seconds. Added 20 classes and 0 folders.
[2020.06.26-08.09.03:343][103]PIE: Server logged in
[2020.06.26-08.09.03:346][103]PIE: Play in editor total start time 0.281 seconds.
[2020.06.26-08.09.13:732][517]LogTemp: Warning: The Player has WON!!!
[2020.06.26-08.09.15:012][569]LogAudioMixer: Display: No commands were queued while flushing the source manager.
[2020.06.26-08.09.15:026][569]LogAudioMixer: Display: Flush succeeded in the source manager command queue (1).
[2020.06.26-08.09.15:046][569]LogAudioMixer: Display: Flush succeeded the source manager command queue (2).
[2020.06.26-08.09.15:053][569]LogSlate: Updating window title bar state: overlay mode, drag disabled, window buttons hidden, title bar hidden
[2020.06.26-08.09.15:053][569]LogWorld: BeginTearingDown for /Game/Maps/UEDPIE_0_Main
[2020.06.26-08.09.15:054][569]LogAudioMixer: Display: No commands were queued while flushing the source manager.
[2020.06.26-08.09.15:054][569]LogWorld: UWorld::CleanupWorld for Main, bSessionEnded=true, bCleanupResources=true
[2020.06.26-08.09.15:054][569]LogSlate: InvalidateAllWidgets triggered.  All widgets were invalidated
[2020.06.26-08.09.15:068][569]LogPlayLevel: Display: Shutting down PIE online subsystems
[2020.06.26-08.09.15:077][569]LogSlate: InvalidateAllWidgets triggered.  All widgets were invalidated
[2020.06.26-08.09.15:122][569]LogSlate: Updating window title bar state: overlay mode, drag disabled, window buttons hidden, title bar hidden
[2020.06.26-08.09.15:131][569]LogAudioMixer: Display: No commands were queued while flushing the source manager.
[2020.06.26-08.09.15:176][569]LogAISub: UAISubsystem::~UAISubsystem AIPerceptionSystem (000001F9B9CF6840), frame # 6569
[2020.06.26-08.09.15:177][569]LogAISub: UAISubsystem::~UAISubsystem EnvQueryManager (000001FA0ACFD600), frame # 6569
[2020.06.26-08.09.15:211][569]LogUObjectHash: Compacting FUObjectHashTables data took   7.19ms
[2020.06.26-08.09.15:262][570]LogPlayLevel: Display: Destroying online subsystem :Context_4
[2020.06.26-08.09.21:929][711]LogTemp: IOS device listing is disabled (too many failed attempts)!
[2020.06.26-08.10.00:792][389]LogAssetEditorSubsystem: Opening Asset editor for Blueprint /Game/Blueprints/Pawns/BP_PawnTurret.BP_PawnTurret
[2020.06.26-08.10.15:379][ 46]LogAssetEditorSubsystem: Opening Asset editor for Blueprint /Game/Blueprints/Pawns/BP_PawnTank.BP_PawnTank
[2020.06.26-08.10.28:992][677]LogTemp: IOS device listing is disabled (too many failed attempts)!
[2020.06.26-08.10.37:921][116]LogRenderer: Reallocating scene render targets to support 960x520 Format 10 NumSamples 1 (Frame:1).
[2020.06.26-08.10.59:824][195]BlueprintLog: New page: Compile BP_PawnTurret
[2020.06.26-08.10.59:913][195]LogUObjectHash: Compacting FUObjectHashTables data took   4.19ms
[2020.06.26-08.11.00:369][212]LogSavePackage: Moving '../../../../../../Users/TheK-B1000/Desktop/The K-B Folder/Unreal/repos/TankGame/ToonTanks/Saved/BP_PawnTurret60931FDF4C1361D74B439DB50A148E78.tmp' to '../../../../../../Users/TheK-B1000/Desktop/The K-B Folder/Unreal/repos/TankGame/ToonTanks/Content/Blueprints/Pawns/BP_PawnTurret.uasset'
[2020.06.26-08.11.00:391][212]AssetCheck: New page: Asset Save: BP_PawnTurret
[2020.06.26-08.11.00:391][212]LogContentValidation: Display: Validating Blueprint /Game/Blueprints/Pawns/BP_PawnTurret.BP_PawnTurret
[2020.06.26-08.11.01:640][272]LogTemp: Repeating last play command: Selected Viewport
[2020.06.26-08.11.01:663][272]LogPlayLevel: PlayLevel: No blueprints needed recompiling
[2020.06.26-08.11.01:663][272]PIE: New page: PIE session: Main (Jun 25, 2020, 6:11:01 PM)
[2020.06.26-08.11.01:663][272]LogPlayLevel: Creating play world package: /Game/Maps/UEDPIE_0_Main
[2020.06.26-08.11.01:668][272]LogPlayLevel: PIE: StaticDuplicateObject took: (0.004883s)
[2020.06.26-08.11.01:669][272]LogAIModule: Creating AISystem for world Main
[2020.06.26-08.11.01:669][272]LogAISub: UAISubsystem::UAISubsystem EnvQueryManager (000001FA0A327A00), frame # 10272
[2020.06.26-08.11.01:669][272]LogAISub: UAISubsystem::UAISubsystem AIPerceptionSystem (000001FA01B72980), frame # 10272
[2020.06.26-08.11.01:670][272]LogPlayLevel: PIE: World Init took: (0.001563s)
[2020.06.26-08.11.01:670][272]LogPlayLevel: PIE: Created PIE world by copying editor world from /Game/Maps/Main.Main to /Game/Maps/UEDPIE_0_Main.Main (0.006617s)
[2020.06.26-08.11.01:715][272]LogUObjectHash: Compacting FUObjectHashTables data took   4.76ms
[2020.06.26-08.11.01:718][272]LogAudioMixer: Display: Audio Mixer Platform Settings:
[2020.06.26-08.11.01:718][272]LogAudioMixer: Display: 	Sample Rate:						  48000
[2020.06.26-08.11.01:718][272]LogAudioMixer: Display: 	Callback Buffer Frame Size Requested: 1024
[2020.06.26-08.11.01:718][272]LogAudioMixer: Display: 	Callback Buffer Frame Size To Use:	  1024
[2020.06.26-08.11.01:718][272]LogAudioMixer: Display: 	Number of buffers to queue:			  2
[2020.06.26-08.11.01:718][272]LogAudioMixer: Display: 	Max Channels (voices):				  32
[2020.06.26-08.11.01:718][272]LogAudioMixer: Display: 	Number of Async Source Workers:		  0
[2020.06.26-08.11.01:718][272]LogAudio: Display: AudioDevice MaxSources: 32
[2020.06.26-08.11.01:719][272]LogAudio: Display: Using built-in audio occlusion.
[2020.06.26-08.11.01:719][272]LogAudioMixer: Display: Initializing audio mixer.
[2020.06.26-08.11.01:726][272]LogAudioMixer: Display: 0: FrontLeft
[2020.06.26-08.11.01:726][272]LogAudioMixer: Display: 1: FrontRight
[2020.06.26-08.11.01:767][272]LogAudioMixer: Display: Using Audio Device Speakers (Yeti Stereo Microphone)
[2020.06.26-08.11.01:767][272]LogAudioMixer: Display: Initializing Sound Submixes...
[2020.06.26-08.11.01:767][272]LogAudioMixer: Display: Creating Master Submix 'MasterSubmixDefault'
[2020.06.26-08.11.01:767][272]LogAudioMixer: Display: Creating Master Submix 'MasterReverbSubmixDefault'
[2020.06.26-08.11.01:768][272]LogAudioMixer: Display: Creating Master Submix 'MasterEQSubmixDefault'
[2020.06.26-08.11.01:796][272]LogInit: FAudioDevice initialized.
[2020.06.26-08.11.01:809][272]LogLoad: Game class is 'BP_GameModeBase_C'
[2020.06.26-08.11.01:812][272]LogWorld: Bringing World /Game/Maps/UEDPIE_0_Main.Main up for play (max tick rate 60) at 2020.06.26-01.11.01
[2020.06.26-08.11.01:812][272]LogWorld: Bringing up level for play took: 0.001247
[2020.06.26-08.11.01:812][272]LogOnline: OSS: Creating online subsystem instance for: :Context_10
[2020.06.26-08.11.01:817][272]PIE: Server logged in
[2020.06.26-08.11.01:819][272]PIE: Play in editor total start time 0.161 seconds.
[2020.06.26-08.11.12:085][854]LogAudioMixer: Display: No commands were queued while flushing the source manager.
[2020.06.26-08.11.12:096][854]LogAudioMixer: Display: Flush succeeded in the source manager command queue (1).
[2020.06.26-08.11.12:116][854]LogAudioMixer: Display: Flush succeeded the source manager command queue (2).
[2020.06.26-08.11.12:118][854]LogSlate: Updating window title bar state: overlay mode, drag disabled, window buttons hidden, title bar hidden
[2020.06.26-08.11.12:119][854]LogWorld: BeginTearingDown for /Game/Maps/UEDPIE_0_Main
[2020.06.26-08.11.12:119][854]LogAudioMixer: Display: No commands were queued while flushing the source manager.
[2020.06.26-08.11.12:119][854]LogWorld: UWorld::CleanupWorld for Main, bSessionEnded=true, bCleanupResources=true
[2020.06.26-08.11.12:119][854]LogSlate: InvalidateAllWidgets triggered.  All widgets were invalidated
[2020.06.26-08.11.12:128][854]LogPlayLevel: Display: Shutting down PIE online subsystems
[2020.06.26-08.11.12:133][854]LogSlate: InvalidateAllWidgets triggered.  All widgets were invalidated
[2020.06.26-08.11.12:170][854]LogAudioMixer: Display: No commands were queued while flushing the source manager.
[2020.06.26-08.11.12:194][854]LogSlate: Updating window title bar state: overlay mode, drag disabled, window buttons hidden, title bar hidden
[2020.06.26-08.11.12:195][854]LogAISub: UAISubsystem::~UAISubsystem AIPerceptionSystem (000001FA01B72980), frame # 10854
[2020.06.26-08.11.12:195][854]LogAISub: UAISubsystem::~UAISubsystem EnvQueryManager (000001FA0A327A00), frame # 10854
[2020.06.26-08.11.12:198][854]LogUObjectHash: Compacting FUObjectHashTables data took   2.92ms
[2020.06.26-08.11.12:233][855]LogPlayLevel: Display: Destroying online subsystem :Context_10
[2020.06.26-08.11.38:233][608]LogTemp: IOS device listing is disabled (too many failed attempts)!
[2020.06.26-08.12.45:723][997]LogTemp: IOS device listing is disabled (too many failed attempts)!
[2020.06.26-08.12.46:014][997]LogUObjectHash: Compacting FUObjectHashTables data took   7.82ms
[2020.06.26-08.12.46:828][997]LogSavePackage: Moving '../../../../../../Users/TheK-B1000/Desktop/The K-B Folder/Unreal/repos/TankGame/ToonTanks/Saved/Main_Auto124C3CA6942881310197B56AE8A0EC2E7.tmp' to '../../../../../../Users/TheK-B1000/Desktop/The K-B Folder/Unreal/repos/TankGame/ToonTanks/Saved/Autosaves/Game/Maps/Main_Auto1.umap'
[2020.06.26-08.12.48:140][997]LogFileHelpers: Editor autosave (incl. sublevels) for '/Game/Maps/Main' took 2.398
[2020.06.26-08.12.48:140][997]LogFileHelpers: Editor autosave (incl. sublevels) for all levels took 2.398
[2020.06.26-08.13.52:080][181]LogTemp: IOS device listing is disabled (too many failed attempts)!
[2020.06.26-08.14.58:133][378]LogTemp: IOS device listing is disabled (too many failed attempts)!
[2020.06.26-08.16.11:072][595]LogTemp: IOS device listing is disabled (too many failed attempts)!
[2020.06.26-08.17.17:683][793]LogTemp: IOS device listing is disabled (too many failed attempts)!
[2020.06.26-08.18.24:044][990]LogTemp: IOS device listing is disabled (too many failed attempts)!
[2020.06.26-08.19.29:858][186]LogTemp: IOS device listing is disabled (too many failed attempts)!
[2020.06.26-08.20.36:693][385]LogTemp: IOS device listing is disabled (too many failed attempts)!
[2020.06.26-08.21.49:735][602]LogTemp: IOS device listing is disabled (too many failed attempts)!
[2020.06.26-08.22.55:935][799]LogTemp: IOS device listing is disabled (too many failed attempts)!
[2020.06.26-08.24.01:862][995]LogTemp: IOS device listing is disabled (too many failed attempts)!
[2020.06.26-08.25.08:122][192]LogTemp: IOS device listing is disabled (too many failed attempts)!
[2020.06.26-08.26.14:402][389]LogTemp: IOS device listing is disabled (too many failed attempts)!
[2020.06.26-08.34.44:508][962]Candidate modules for hot reload:
[2020.06.26-08.34.44:508][962]  ToonTanks
[2020.06.26-08.34.44:509][962]Launching UnrealBuildTool... [C:/Program Files/Epic Games/UE_4.25/Engine/Binaries/DotNET/UnrealBuildTool.exe  -ModuleWithSuffix=ToonTanks,3272 ToonTanksEditor Win64 Development -Project="C:/Users/TheK-B1000/Desktop/The K-B Folder/Unreal/repos/TankGame/ToonTanks/ToonTanks.uproject" "C:/Users/TheK-B1000/Desktop/The K-B Folder/Unreal/repos/TankGame/ToonTanks/ToonTanks.uproject"  -IgnoreJunk]
[2020.06.26-08.34.44:557][962]Warning: Starting HotReload took  0.2s.
[2020.06.26-08.34.59:173][977]LogTemp: IOS device listing is disabled (too many failed attempts)!
[2020.06.26-08.36.10:540][178]CompilerResultsLog: New page: Compilation - Jun 25, 2020, 6:36:10 PM
[2020.06.26-08.36.10:553][178]CompilerResultsLog: Using 'git status' to determine working set for adaptive non-unity build (C:\Users\TheK-B1000\Desktop\The K-B Folder\Unreal\repos\TankGame).
[2020.06.26-08.36.10:555][178]CompilerResultsLog: Building ToonTanksEditor...
[2020.06.26-08.36.10:555][178]CompilerResultsLog: Using Visual Studio 2019 14.25.28614 toolchain (C:\Program Files (x86)\Microsoft Visual Studio\2019\Community\VC\Tools\MSVC\14.25.28610) and Windows 10.0.18362.0 SDK (C:\Program Files (x86)\Windows Kits\10).
[2020.06.26-08.36.10:556][178]CompilerResultsLog: Building 4 actions with 4 processes...
[2020.06.26-08.36.10:556][178]CompilerResultsLog:   [1/4] HealthComponent.cpp
[2020.06.26-08.36.10:556][178]CompilerResultsLog:   [2/4] UE4Editor-ToonTanks-3272.lib
[2020.06.26-08.36.10:556][178]CompilerResultsLog:      Creating library C:\Users\TheK-B1000\Desktop\The K-B Folder\Unreal\repos\TankGame\ToonTanks\Intermediate\Build\Win64\UE4Editor\Development\ToonTanks\UE4Editor-ToonTanks-3272.lib and object C:\Users\TheK-B1000\Desktop\The K-B Folder\Unreal\repos\TankGame\ToonTanks\Intermediate\Build\Win64\UE4Editor\Development\ToonTanks\UE4Editor-ToonTanks-3272.exp
[2020.06.26-08.36.10:557][178]CompilerResultsLog:   [3/4] UE4Editor-ToonTanks-3272.dll
[2020.06.26-08.36.10:557][178]CompilerResultsLog:      Creating library C:\Users\TheK-B1000\Desktop\The K-B Folder\Unreal\repos\TankGame\ToonTanks\Intermediate\Build\Win64\UE4Editor\Development\ToonTanks\UE4Editor-ToonTanks-3272.suppressed.lib and object C:\Users\TheK-B1000\Desktop\The K-B Folder\Unreal\repos\TankGame\ToonTanks\Intermediate\Build\Win64\UE4Editor\Development\ToonTanks\UE4Editor-ToonTanks-3272.suppressed.exp
[2020.06.26-08.36.10:557][178]CompilerResultsLog:   [4/4] ToonTanksEditor.target
[2020.06.26-08.36.10:557][178]CompilerResultsLog: Total time in Parallel executor: 76.80 seconds
[2020.06.26-08.36.10:557][178]CompilerResultsLog: Total execution time: 84.42 seconds
[2020.06.26-08.36.10:559][178]LogMainFrame: MainFrame: Module compiling took 86.082 seconds
[2020.06.26-08.36.12:327][178]LogContentBrowser: Native class hierarchy updated for 'ToonTanks' in 0.0134 seconds. Added 6 classes and 6 folders.
[2020.06.26-08.36.12:336][178]Display: HotReload successful (2 functions remapped  0 scriptstructs remapped)
[2020.06.26-08.36.13:163][178]LogContentBrowser: Native class hierarchy populated in 0.0446 seconds. Added 3432 classes and 826 folders.
[2020.06.26-08.36.13:170][178]Display: HotReload took 88.8s.
[2020.06.26-08.36.16:857][223]Candidate modules for hot reload:
[2020.06.26-08.36.16:857][223]  ToonTanks
[2020.06.26-08.36.16:857][223]Launching UnrealBuildTool... [C:/Program Files/Epic Games/UE_4.25/Engine/Binaries/DotNET/UnrealBuildTool.exe  -ModuleWithSuffix=ToonTanks,4426 ToonTanksEditor Win64 Development -Project="C:/Users/TheK-B1000/Desktop/The K-B Folder/Unreal/repos/TankGame/ToonTanks/ToonTanks.uproject" "C:/Users/TheK-B1000/Desktop/The K-B Folder/Unreal/repos/TankGame/ToonTanks/ToonTanks.uproject"  -IgnoreJunk]
[2020.06.26-08.36.16:952][223]Warning: Starting HotReload took  0.2s.
[2020.06.26-08.36.27:811][248]CompilerResultsLog: New page: Compilation - Jun 25, 2020, 6:36:27 PM
[2020.06.26-08.36.27:814][248]CompilerResultsLog: Using 'git status' to determine working set for adaptive non-unity build (C:\Users\TheK-B1000\Desktop\The K-B Folder\Unreal\repos\TankGame).
[2020.06.26-08.36.27:814][248]CompilerResultsLog: Building ToonTanksEditor...
[2020.06.26-08.36.27:814][248]CompilerResultsLog: Using Visual Studio 2019 14.25.28614 toolchain (C:\Program Files (x86)\Microsoft Visual Studio\2019\Community\VC\Tools\MSVC\14.25.28610) and Windows 10.0.18362.0 SDK (C:\Program Files (x86)\Windows Kits\10).
[2020.06.26-08.36.27:814][248]CompilerResultsLog: Building 4 actions with 4 processes...
[2020.06.26-08.36.27:814][248]LogMainFrame: MainFrame: Module compiling took 10.982 seconds
[2020.06.26-08.36.27:816][248]Warning: HotReload failed, recompile failed
[2020.06.26-08.36.28:681][275]Candidate modules for hot reload:
[2020.06.26-08.36.28:681][275]  ToonTanks
[2020.06.26-08.36.28:681][275]Launching UnrealBuildTool... [C:/Program Files/Epic Games/UE_4.25/Engine/Binaries/DotNET/UnrealBuildTool.exe  -ModuleWithSuffix=ToonTanks,8403 ToonTanksEditor Win64 Development -Project="C:/Users/TheK-B1000/Desktop/The K-B Folder/Unreal/repos/TankGame/ToonTanks/ToonTanks.uproject" "C:/Users/TheK-B1000/Desktop/The K-B Folder/Unreal/repos/TankGame/ToonTanks/ToonTanks.uproject"  -IgnoreJunk]
[2020.06.26-08.36.28:731][275]Warning: Starting HotReload took  0.1s.
[2020.06.26-08.37.46:931][840]CompilerResultsLog: New page: Compilation - Jun 25, 2020, 6:37:46 PM
[2020.06.26-08.37.46:931][840]CompilerResultsLog: Using 'git status' to determine working set for adaptive non-unity build (C:\Users\TheK-B1000\Desktop\The K-B Folder\Unreal\repos\TankGame).
[2020.06.26-08.37.46:931][840]CompilerResultsLog: Building ToonTanksEditor...
[2020.06.26-08.37.46:931][840]CompilerResultsLog: Using Visual Studio 2019 14.25.28614 toolchain (C:\Program Files (x86)\Microsoft Visual Studio\2019\Community\VC\Tools\MSVC\14.25.28610) and Windows 10.0.18362.0 SDK (C:\Program Files (x86)\Windows Kits\10).
[2020.06.26-08.37.46:931][840]CompilerResultsLog: Building 4 actions with 4 processes...
[2020.06.26-08.37.46:931][840]CompilerResultsLog:   [1/4] HealthComponent.cpp
[2020.06.26-08.37.46:932][840]CompilerResultsLog:   [2/4] UE4Editor-ToonTanks-8403.lib
[2020.06.26-08.37.46:932][840]CompilerResultsLog:      Creating library C:\Users\TheK-B1000\Desktop\The K-B Folder\Unreal\repos\TankGame\ToonTanks\Intermediate\Build\Win64\UE4Editor\Development\ToonTanks\UE4Editor-ToonTanks-8403.lib and object C:\Users\TheK-B1000\Desktop\The K-B Folder\Unreal\repos\TankGame\ToonTanks\Intermediate\Build\Win64\UE4Editor\Development\ToonTanks\UE4Editor-ToonTanks-8403.exp
[2020.06.26-08.37.46:932][840]CompilerResultsLog:   [3/4] UE4Editor-ToonTanks-8403.dll
[2020.06.26-08.37.46:932][840]CompilerResultsLog:      Creating library C:\Users\TheK-B1000\Desktop\The K-B Folder\Unreal\repos\TankGame\ToonTanks\Intermediate\Build\Win64\UE4Editor\Development\ToonTanks\UE4Editor-ToonTanks-8403.suppressed.lib and object C:\Users\TheK-B1000\Desktop\The K-B Folder\Unreal\repos\TankGame\ToonTanks\Intermediate\Build\Win64\UE4Editor\Development\ToonTanks\UE4Editor-ToonTanks-8403.suppressed.exp
[2020.06.26-08.37.46:932][840]CompilerResultsLog:   [4/4] ToonTanksEditor.target
[2020.06.26-08.37.46:932][840]CompilerResultsLog: Total time in Parallel executor: 71.84 seconds
[2020.06.26-08.37.46:932][840]CompilerResultsLog: Total execution time: 76.23 seconds
[2020.06.26-08.37.46:932][840]LogMainFrame: MainFrame: Module compiling took 78.270 seconds
[2020.06.26-08.37.47:919][840]LogContentBrowser: Native class hierarchy updated for 'ToonTanks' in 0.0012 seconds. Added 6 classes and 6 folders.
[2020.06.26-08.37.47:932][840]Display: HotReload successful (2 functions remapped  0 scriptstructs remapped)
[2020.06.26-08.37.48:218][840]LogContentBrowser: Native class hierarchy populated in 0.0211 seconds. Added 3432 classes and 826 folders.
[2020.06.26-08.37.48:218][840]Display: HotReload took 79.6s.
[2020.06.26-08.40.01:968][259]LogRenderer: Reallocating scene render targets to support 1188x564 Format 10 NumSamples 1 (Frame:4798).
