Log file open, 06/25/20 21:37:25
LogInit: Display: Running engine for game: ToonTanks
LogPlatformFile: Not using cached read wrapper
LogTaskGraph: Started task graph with 5 named threads and 14 total threads with 3 sets of task threads.
LogStats: Stats thread started at 0.353692
LogD3D11RHI: Loaded GFSDK_Aftermath_Lib.x64.dll
LogICUInternationalization: ICU TimeZone Detection - Raw Offset: -8:00, Platform Override: ''
LogPluginManager: Mounting plugin Paper2D
LogPluginManager: Mounting plugin AISupport
LogPluginManager: Mounting plugin LightPropagationVolume
LogPluginManager: Mounting plugin CameraShakePreviewer
LogPluginManager: Mounting plugin ActorLayerUtilities
LogPluginManager: Mounting plugin AnimationSharing
LogPluginManager: Mounting plugin CLionSourceCodeAccess
LogPluginManager: Mounting plugin CodeLiteSourceCodeAccess
LogPluginManager: Mounting plugin GitSourceControl
LogPluginManager: Mounting plugin KDevelopSourceCodeAccess
LogPluginManager: Mounting plugin NullSourceCodeAccess
LogPluginManager: Mounting plugin PerforceSourceControl
LogPluginManager: Mounting plugin PlasticSourceControl
LogPluginManager: Mounting plugin RiderSourceCodeAccess
LogPluginManager: Mounting plugin SubversionSourceControl
LogPluginManager: Mounting plugin UObjectPlugin
LogPluginManager: Mounting plugin VisualStudioCodeSourceCodeAccess
LogPluginManager: Mounting plugin VisualStudioSourceCodeAccess
LogPluginManager: Mounting plugin XCodeSourceCodeAccess
LogPluginManager: Mounting plugin AssetManagerEditor
LogPluginManager: Mounting plugin CryptoKeys
LogPluginManager: Mounting plugin CurveEditorTools
LogPluginManager: Mounting plugin DataValidation
LogPluginManager: Mounting plugin EditorScriptingUtilities
LogPluginManager: Mounting plugin FacialAnimation
LogPluginManager: Mounting plugin GameplayTagsEditor
LogPluginManager: Mounting plugin GeometryMode
LogPluginManager: Mounting plugin MacGraphicsSwitching
LogPluginManager: Mounting plugin MaterialAnalyzer
LogPluginManager: Mounting plugin MobileLauncherProfileWizard
LogPluginManager: Mounting plugin PluginBrowser
LogPluginManager: Mounting plugin SpeedTreeImporter
LogPluginManager: Mounting plugin DatasmithContent
LogPluginManager: Mounting plugin VariantManagerContent
LogPluginManager: Mounting plugin AlembicImporter
LogPluginManager: Mounting plugin AutomationUtils
LogPluginManager: Mounting plugin BackChannel
LogPluginManager: Mounting plugin ChaosCloth
LogPluginManager: Mounting plugin ChaosClothEditor
LogPluginManager: Mounting plugin ChaosEditor
LogPluginManager: Mounting plugin ChaosNiagara
LogPluginManager: Mounting plugin ChaosSolverPlugin
LogPluginManager: Mounting plugin CharacterAI
LogPluginManager: Mounting plugin GeometryCache
LogPluginManager: Mounting plugin GeometryCollectionPlugin
LogPluginManager: Mounting plugin GeometryProcessing
LogPluginManager: Mounting plugin PlanarCut
LogPluginManager: Mounting plugin PlatformCrypto
LogPluginManager: Mounting plugin ProxyLODPlugin
LogPluginManager: Mounting plugin SkeletalReduction
LogPluginManager: Mounting plugin Niagara
LogPluginManager: Mounting plugin MagicLeap
LogPluginManager: Mounting plugin MagicLeapLightEstimation
LogPluginManager: Mounting plugin MagicLeapMedia
LogPluginManager: Mounting plugin MagicLeapPassableWorld
LogPluginManager: Mounting plugin MLSDK
LogPluginManager: Mounting plugin AndroidMedia
LogPluginManager: Mounting plugin AvfMedia
LogPluginManager: Mounting plugin ImgMedia
LogPluginManager: Mounting plugin MediaCompositing
LogPluginManager: Mounting plugin MediaPlayerEditor
LogPluginManager: Mounting plugin WebMMedia
LogPluginManager: Mounting plugin WmfMedia
LogPluginManager: Mounting plugin MeshPainting
LogPluginManager: Mounting plugin TcpMessaging
LogPluginManager: Mounting plugin UdpMessaging
LogPluginManager: Mounting plugin ActorSequence
LogPluginManager: Mounting plugin LevelSequenceEditor
LogPluginManager: Mounting plugin MatineeToLevelSequence
LogPluginManager: Mounting plugin MovieRenderPipeline
LogPluginManager: Mounting plugin TemplateSequence
LogPluginManager: Mounting plugin NetcodeUnitTest
LogPluginManager: Mounting plugin NUTUnrealEngine4
LogPluginManager: Mounting plugin OnlineSubsystemGooglePlay
LogPluginManager: Mounting plugin OnlineSubsystemIOS
LogPluginManager: Mounting plugin OnlineSubsystem
LogPluginManager: Mounting plugin OnlineSubsystemNull
LogPluginManager: Mounting plugin OnlineSubsystemUtils
LogPluginManager: Mounting plugin LauncherChunkInstaller
LogPluginManager: Mounting plugin AndroidDeviceProfileSelector
LogPluginManager: Mounting plugin AndroidMoviePlayer
LogPluginManager: Mounting plugin AndroidPermission
LogPluginManager: Mounting plugin AppleImageUtils
LogPluginManager: Mounting plugin AppleMoviePlayer
LogPluginManager: Mounting plugin ArchVisCharacter
LogPluginManager: Mounting plugin AssetTags
LogPluginManager: Mounting plugin AudioCapture
LogPluginManager: Mounting plugin CableComponent
LogPluginManager: Mounting plugin CustomMeshComponent
LogPluginManager: Mounting plugin EditableMesh
LogPluginManager: Mounting plugin ExampleDeviceProfileSelector
LogPluginManager: Mounting plugin GoogleCloudMessaging
LogPluginManager: Mounting plugin GooglePAD
LogPluginManager: Mounting plugin IOSDeviceProfileSelector
LogPluginManager: Mounting plugin LinuxDeviceProfileSelector
LogPluginManager: Mounting plugin LocationServicesBPLibrary
LogPluginManager: Mounting plugin MobilePatchingUtils
LogPluginManager: Mounting plugin OculusVR
LogPluginManager: Mounting plugin PhysXVehicles
LogPluginManager: Mounting plugin PostSplashScreen
LogPluginManager: Mounting plugin ProceduralMeshComponent
LogPluginManager: Mounting plugin RuntimePhysXCooking
LogPluginManager: Mounting plugin SignificanceManager
LogPluginManager: Mounting plugin SoundFields
LogPluginManager: Mounting plugin SteamVR
LogPluginManager: Mounting plugin Synthesis
LogPluginManager: Mounting plugin WebMMoviePlayer
LogPluginManager: Mounting plugin WindowsMoviePlayer
LogPluginManager: Mounting plugin ScreenshotTools
Launching UnrealBuildTool... [C:/Program Files/Epic Games/UE_4.25/Engine/Binaries/DotNET/UnrealBuildTool.exe -Mode=QueryTargets -Project="C:/Users/TheK-B1000/Desktop/The K-B Folder/Unreal/repos/TankGame/ToonTanks/ToonTanks.uproject" -Output="C:/Users/TheK-B1000/Desktop/The K-B Folder/Unreal/repos/TankGame/ToonTanks/Intermediate/TargetInfo.json"]
Launching UnrealBuildTool... [C:/Program Files/Epic Games/UE_4.25/Engine/Binaries/DotNET/UnrealBuildTool.exe -Mode=QueryTargets -Project="C:/Users/TheK-B1000/Desktop/The K-B Folder/Unreal/repos/TankGame/ToonTanks/ToonTanks.uproject" -Output="C:/Users/TheK-B1000/Desktop/The K-B Folder/Unreal/repos/TankGame/ToonTanks/Intermediate/TargetInfo.json"]
LogInit: Warning: Incompatible or missing module: ToonTanks
Running C:/Program Files/Epic Games/UE_4.25/Engine/Binaries/DotNET/UnrealBuildTool.exe Development Win64 -Project="C:/Users/TheK-B1000/Desktop/The K-B Folder/Unreal/repos/TankGame/ToonTanks/ToonTanks.uproject" -TargetType=Editor -Progress -NoEngineChanges -NoHotReloadFromIDE
Using 'git status' to determine working set for adaptive non-unity build (C:\Users\TheK-B1000\Desktop\The K-B Folder\Unreal\repos\TankGame).
Creating makefile for ToonTanksEditor (no existing makefile)
@progress push 5%
Parsing headers for ToonTanksEditor
  Running UnrealHeaderTool "C:\Users\TheK-B1000\Desktop\The K-B Folder\Unreal\repos\TankGame\ToonTanks\ToonTanks.uproject" "C:\Users\TheK-B1000\Desktop\The K-B Folder\Unreal\repos\TankGame\ToonTanks\Intermediate\Build\Win64\ToonTanksEditor\Development\ToonTanksEditor.uhtmanifest" -LogCmds="loginit warning, logexit warning, logdatabase error" -Unattended -WarningsAsErrors -abslog="C:\Users\TheK-B1000\AppData\Local\UnrealBuildTool\Log_UHT.txt" -installed
Reflection code generated for ToonTanksEditor in 11.6264058 seconds
@progress pop
Building ToonTanksEditor...
Using Visual Studio 2019 14.25.28614 toolchain (C:\Program Files (x86)\Microsoft Visual Studio\2019\Community\VC\Tools\MSVC\14.25.28610) and Windows 10.0.18362.0 SDK (C:\Program Files (x86)\Windows Kits\10).
Building 17 actions with 4 processes...
  @progress 'Compiling C++ source code...' 0%
  @progress 'Compiling C++ source code...' 6%
  [1/17] Default.rc2
  @progress 'Compiling C++ source code...' 12%
  [2/17] SharedPCH.Engine.ShadowErrors.cpp
  @progress 'Compiling C++ source code...' 18%
  [3/17] TankGameModeBase.cpp
  @progress 'Compiling C++ source code...' 24%
  [4/17] PawnBase.cpp
  @progress 'Compiling C++ source code...' 29%
  [5/17] PawnTurret.cpp
  @progress 'Compiling C++ source code...' 35%
  [6/17] ProjectileBase.cpp
  @progress 'Compiling C++ source code...' 41%
  [7/17] PawnBase.gen.cpp
  @progress 'Compiling C++ source code...' 47%
  [8/17] PawnTank.cpp
  @progress 'Compiling C++ source code...' 53%
  [9/17] ProjectileBase.gen.cpp
  @progress 'Compiling C++ source code...' 59%
  [10/17] PawnTurret.gen.cpp
  @progress 'Compiling C++ source code...' 65%
  [11/17] ToonTanks.cpp
  @progress 'Compiling C++ source code...' 71%
  [12/17] ToonTanks.init.gen.cpp
  @progress 'Compiling C++ source code...' 76%
  [13/17] TankGameModeBase.gen.cpp
  @progress 'Compiling C++ source code...' 82%
  [14/17] PawnTank.gen.cpp
  @progress 'Compiling C++ source code...' 88%
  [15/17] UE4Editor-ToonTanks.lib
     Creating library C:\Users\TheK-B1000\Desktop\The K-B Folder\Unreal\repos\TankGame\ToonTanks\Intermediate\Build\Win64\UE4Editor\Development\ToonTanks\UE4Editor-ToonTanks.lib and object C:\Users\TheK-B1000\Desktop\The K-B Folder\Unreal\repos\TankGame\ToonTanks\Intermediate\Build\Win64\UE4Editor\Development\ToonTanks\UE4Editor-ToonTanks.exp
  @progress 'Compiling C++ source code...' 94%
  [16/17] UE4Editor-ToonTanks.dll
     Creating library C:\Users\TheK-B1000\Desktop\The K-B Folder\Unreal\repos\TankGame\ToonTanks\Intermediate\Build\Win64\UE4Editor\Development\ToonTanks\UE4Editor-ToonTanks.suppressed.lib and object C:\Users\TheK-B1000\Desktop\The K-B Folder\Unreal\repos\TankGame\ToonTanks\Intermediate\Build\Win64\UE4Editor\Development\ToonTanks\UE4Editor-ToonTanks.suppressed.exp
  @progress 'Compiling C++ source code...' 100%
  [17/17] ToonTanksEditor.target
Total time in Parallel executor: 101.04 seconds
Total execution time: 120.78 seconds
LogInit: Using libcurl 7.55.1-DEV
LogInit:  - built for x86_64-pc-win32
LogInit:  - supports SSL with OpenSSL/1.1.1
LogInit:  - supports HTTP deflate (compression) using libz 1.2.8
LogInit:  - other features:
LogInit:      CURL_VERSION_SSL
LogInit:      CURL_VERSION_LIBZ
LogInit:      CURL_VERSION_IPV6
LogInit:      CURL_VERSION_ASYNCHDNS
LogInit:      CURL_VERSION_LARGEFILE
LogInit:      CURL_VERSION_IDN
LogInit:  CurlRequestOptions (configurable via config and command line):
LogInit:  - bVerifyPeer = true  - Libcurl will verify peer certificate
LogInit:  - bUseHttpProxy = false  - Libcurl will NOT use HTTP proxy
LogInit:  - bDontReuseConnections = false  - Libcurl will reuse connections
LogInit:  - MaxHostConnections = 16  - Libcurl will limit the number of connections to a host
LogInit:  - LocalHostAddr = Default
LogInit:  - BufferSize = 65536
LogOnline: OSS: Creating online subsystem instance for: NULL
LogInit: WinSock: version 1.1 (2.2), MaxSocks=32767, MaxUdp=65467
LogOnline: OSS: TryLoadSubsystemAndSetDefault: Loaded subsystem for module [NULL]
LogInit: Build: ++UE4+Release-4.25-CL-13144385
LogInit: Engine Version: 4.25.0-13144385+++UE4+Release-4.25
LogInit: Compatible Engine Version: 4.25.0-13144385+++UE4+Release-4.25
LogInit: Net CL: 13144385
LogInit: OS: Windows 10 (Release 1903) (), CPU: Intel(R) Core(TM) i5-6300HQ CPU @ 2.30GHz, GPU: Intel(R) HD Graphics 530
LogInit: Compiled (64-bit): May  2 2020 02:12:11
LogInit: Compiled with Visual C++: 19.24.28315.00
LogInit: Build Configuration: Development
LogInit: Branch Name: ++UE4+Release-4.25
LogInit: Command Line: 
LogInit: Base Directory: C:/Program Files/Epic Games/UE_4.25/Engine/Binaries/Win64/
LogInit: Allocator: TBB
LogInit: Installed Engine Build: 1
LogDevObjectVersion: Number of dev versions registered: 26
LogDevObjectVersion:   Dev-Blueprints (B0D832E4-1F89-4F0D-ACCF-7EB736FD4AA2): 10
LogDevObjectVersion:   Dev-Build (E1C64328-A22C-4D53-A36C-8E866417BD8C): 0
LogDevObjectVersion:   Dev-Core (375EC13C-06E4-48FB-B500-84F0262A717E): 4
LogDevObjectVersion:   Dev-Editor (E4B068ED-F494-42E9-A231-DA0B2E46BB41): 38
LogDevObjectVersion:   Dev-Framework (CFFC743F-43B0-4480-9391-14DF171D2073): 37
LogDevObjectVersion:   Dev-Mobile (B02B49B5-BB20-44E9-A304-32B752E40360): 2
LogDevObjectVersion:   Dev-Networking (A4E4105C-59A1-49B5-A7C5-40C4547EDFEE): 0
LogDevObjectVersion:   Dev-Online (39C831C9-5AE6-47DC-9A44-9C173E1C8E7C): 0
LogDevObjectVersion:   Dev-Physics (78F01B33-EBEA-4F98-B9B4-84EACCB95AA2): 4
LogDevObjectVersion:   Dev-Platform (6631380F-2D4D-43E0-8009-CF276956A95A): 0
LogDevObjectVersion:   Dev-Rendering (12F88B9F-8875-4AFC-A67C-D90C383ABD29): 43
LogDevObjectVersion:   Dev-Sequencer (7B5AE74C-D270-4C10-A958-57980B212A5A): 12
LogDevObjectVersion:   Dev-VR (D7296918-1DD6-4BDD-9DE2-64A83CC13884): 3
LogDevObjectVersion:   Dev-LoadTimes (C2A15278-BFE7-4AFE-6C17-90FF531DF755): 1
LogDevObjectVersion:   Private-Geometry (6EACA3D4-40EC-4CC1-B786-8BED09428FC5): 3
LogDevObjectVersion:   Dev-AnimPhys (29E575DD-E0A3-4627-9D10-D276232CDCEA): 17
LogDevObjectVersion:   Dev-Anim (AF43A65D-7FD3-4947-9873-3E8ED9C1BB05): 7
LogDevObjectVersion:   Dev-ReflectionCapture (6B266CEC-1EC7-4B8F-A30B-E4D90942FC07): 1
LogDevObjectVersion:   Dev-Automation (0DF73D61-A23F-47EA-B727-89E90C41499A): 1
LogDevObjectVersion:   FortniteMain (601D1886-AC64-4F84-AA16-D3DE0DEAC7D6): 31
LogDevObjectVersion:   Dev-Enterprise (9DFFBCD6-494F-0158-E221-12823C92A888): 10
LogDevObjectVersion:   Dev-Niagara (F2AED0AC-9AFE-416F-8664-AA7FFA26D6FC): 1
LogDevObjectVersion:   Dev-Destruction (174F1F0B-B4C6-45A5-B13F-2EE8D0FB917D): 10
LogDevObjectVersion:   Dev-Physics-Ext (35F94A83-E258-406C-A318-09F59610247C): 37
LogDevObjectVersion:   Dev-PhysicsMaterial-Chaos (B68FC16E-8B1B-42E2-B453-215C058844FE): 1
LogDevObjectVersion:   Dev-CineCamera (B2E18506-4273-CFC2-A54E-F4BB758BBA07): 1
LogInit: Presizing for max 25165824 objects, including 0 objects not considered by GC, pre-allocating 0 bytes for permanent pool.
LogConfig: Applying CVar settings from Section [/Script/Engine.StreamingSettings] File [C:/Users/TheK-B1000/Desktop/The K-B Folder/Unreal/repos/TankGame/ToonTanks/Saved/Config/Windows/Engine.ini]
LogConfig: Setting CVar [[s.MinBulkDataSizeForAsyncLoading:131072]]
LogConfig: Setting CVar [[s.AsyncLoadingThreadEnabled:0]]
LogConfig: Setting CVar [[s.EventDrivenLoaderEnabled:1]]
LogConfig: Setting CVar [[s.WarnIfTimeLimitExceeded:0]]
LogConfig: Setting CVar [[s.TimeLimitExceededMultiplier:1.5]]
LogConfig: Setting CVar [[s.TimeLimitExceededMinTime:0.005]]
LogConfig: Setting CVar [[s.UseBackgroundLevelStreaming:1]]
LogConfig: Setting CVar [[s.PriorityAsyncLoadingExtraTime:15.0]]
LogConfig: Setting CVar [[s.LevelStreamingActorsUpdateTimeLimit:5.0]]
LogConfig: Setting CVar [[s.PriorityLevelStreamingActorsUpdateExtraTime:5.0]]
LogConfig: Setting CVar [[s.LevelStreamingComponentsRegistrationGranularity:10]]
LogConfig: Setting CVar [[s.UnregisterComponentsTimeLimit:1.0]]
LogConfig: Setting CVar [[s.LevelStreamingComponentsUnregistrationGranularity:5]]
LogConfig: Setting CVar [[s.FlushStreamingOnExit:1]]
LogInit: Object subsystem initialized
LogConfig: Setting CVar [[con.DebugEarlyDefault:1]]
LogConfig: Setting CVar [[r.setres:1280x720]]
[2020.06.26-04.39.36:952][  0]LogConfig: Setting CVar [[r.VSync:0]]
[2020.06.26-04.39.36:952][  0]LogConfig: Setting CVar [[r.RHICmdBypass:0]]
[2020.06.26-04.39.36:952][  0]LogConfig: Applying CVar settings from Section [/Script/Engine.RendererSettings] File [C:/Users/TheK-B1000/Desktop/The K-B Folder/Unreal/repos/TankGame/ToonTanks/Saved/Config/Windows/Engine.ini]
[2020.06.26-04.39.36:952][  0]LogConfig: Setting CVar [[r.GPUCrashDebugging:0]]
[2020.06.26-04.39.36:952][  0]LogConfig: Applying CVar settings from Section [/Script/Engine.RendererOverrideSettings] File [C:/Users/TheK-B1000/Desktop/The K-B Folder/Unreal/repos/TankGame/ToonTanks/Saved/Config/Windows/Engine.ini]
[2020.06.26-04.39.36:952][  0]LogConfig: Applying CVar settings from Section [/Script/Engine.StreamingSettings] File [C:/Users/TheK-B1000/Desktop/The K-B Folder/Unreal/repos/TankGame/ToonTanks/Saved/Config/Windows/Engine.ini]
[2020.06.26-04.39.36:952][  0]LogConfig: Setting CVar [[s.MinBulkDataSizeForAsyncLoading:131072]]
[2020.06.26-04.39.36:952][  0]LogConfig: Setting CVar [[s.AsyncLoadingThreadEnabled:0]]
[2020.06.26-04.39.36:952][  0]LogConfig: Setting CVar [[s.EventDrivenLoaderEnabled:1]]
[2020.06.26-04.39.36:953][  0]LogConfig: Setting CVar [[s.WarnIfTimeLimitExceeded:0]]
[2020.06.26-04.39.36:953][  0]LogConfig: Setting CVar [[s.TimeLimitExceededMultiplier:1.5]]
[2020.06.26-04.39.36:953][  0]LogConfig: Setting CVar [[s.TimeLimitExceededMinTime:0.005]]
[2020.06.26-04.39.36:953][  0]LogConfig: Setting CVar [[s.UseBackgroundLevelStreaming:1]]
[2020.06.26-04.39.36:953][  0]LogConfig: Setting CVar [[s.PriorityAsyncLoadingExtraTime:15.0]]
[2020.06.26-04.39.36:953][  0]LogConfig: Setting CVar [[s.LevelStreamingActorsUpdateTimeLimit:5.0]]
[2020.06.26-04.39.36:953][  0]LogConfig: Setting CVar [[s.PriorityLevelStreamingActorsUpdateExtraTime:5.0]]
[2020.06.26-04.39.36:953][  0]LogConfig: Setting CVar [[s.LevelStreamingComponentsRegistrationGranularity:10]]
[2020.06.26-04.39.36:953][  0]LogConfig: Setting CVar [[s.UnregisterComponentsTimeLimit:1.0]]
[2020.06.26-04.39.36:953][  0]LogConfig: Setting CVar [[s.LevelStreamingComponentsUnregistrationGranularity:5]]
[2020.06.26-04.39.36:953][  0]LogConfig: Setting CVar [[s.FlushStreamingOnExit:1]]
[2020.06.26-04.39.36:953][  0]LogConfig: Applying CVar settings from Section [/Script/Engine.GarbageCollectionSettings] File [C:/Users/TheK-B1000/Desktop/The K-B Folder/Unreal/repos/TankGame/ToonTanks/Saved/Config/Windows/Engine.ini]
[2020.06.26-04.39.36:953][  0]LogConfig: Setting CVar [[gc.MaxObjectsNotConsideredByGC:1]]
[2020.06.26-04.39.36:953][  0]LogConfig: Setting CVar [[gc.SizeOfPermanentObjectPool:0]]
[2020.06.26-04.39.36:953][  0]LogConfig: Setting CVar [[gc.FlushStreamingOnGC:0]]
[2020.06.26-04.39.36:953][  0]LogConfig: Setting CVar [[gc.NumRetriesBeforeForcingGC:10]]
[2020.06.26-04.39.36:953][  0]LogConfig: Setting CVar [[gc.AllowParallelGC:1]]
[2020.06.26-04.39.36:953][  0]LogConfig: Setting CVar [[gc.TimeBetweenPurgingPendingKillObjects:61.1]]
[2020.06.26-04.39.36:953][  0]LogConfig: Setting CVar [[gc.MaxObjectsInEditor:25165824]]
[2020.06.26-04.39.36:953][  0]LogConfig: Setting CVar [[gc.IncrementalBeginDestroyEnabled:1]]
[2020.06.26-04.39.36:953][  0]LogConfig: Setting CVar [[gc.CreateGCClusters:1]]
[2020.06.26-04.39.36:953][  0]LogConfig: Setting CVar [[gc.MinGCClusterSize:5]]
[2020.06.26-04.39.36:953][  0]LogConfig: Setting CVar [[gc.ActorClusteringEnabled:0]]
[2020.06.26-04.39.36:953][  0]LogConfig: Setting CVar [[gc.BlueprintClusteringEnabled:0]]
[2020.06.26-04.39.36:953][  0]LogConfig: Setting CVar [[gc.UseDisregardForGCOnDedicatedServers:0]]
[2020.06.26-04.39.36:953][  0]LogConfig: Applying CVar settings from Section [/Script/Engine.NetworkSettings] File [C:/Users/TheK-B1000/Desktop/The K-B Folder/Unreal/repos/TankGame/ToonTanks/Saved/Config/Windows/Engine.ini]
[2020.06.26-04.39.36:953][  0]LogConfig: Applying CVar settings from Section [/Script/UnrealEd.CookerSettings] File [C:/Users/TheK-B1000/Desktop/The K-B Folder/Unreal/repos/TankGame/ToonTanks/Saved/Config/Windows/Engine.ini]
[2020.06.26-04.39.36:963][  0]LogConfig: Applying CVar settings from Section [ViewDistanceQuality@3] File [C:/Users/TheK-B1000/Desktop/The K-B Folder/Unreal/repos/TankGame/ToonTanks/Saved/Config/Windows/Scalability.ini]
[2020.06.26-04.39.36:963][  0]LogConfig: Setting CVar [[r.SkeletalMeshLODBias:0]]
[2020.06.26-04.39.36:963][  0]LogConfig: Setting CVar [[r.ViewDistanceScale:1.0]]
[2020.06.26-04.39.36:963][  0]LogConfig: Applying CVar settings from Section [AntiAliasingQuality@3] File [C:/Users/TheK-B1000/Desktop/The K-B Folder/Unreal/repos/TankGame/ToonTanks/Saved/Config/Windows/Scalability.ini]
[2020.06.26-04.39.36:963][  0]LogConfig: Setting CVar [[r.PostProcessAAQuality:4]]
[2020.06.26-04.39.36:963][  0]LogConfig: Applying CVar settings from Section [ShadowQuality@3] File [C:/Users/TheK-B1000/Desktop/The K-B Folder/Unreal/repos/TankGame/ToonTanks/Saved/Config/Windows/Scalability.ini]
[2020.06.26-04.39.36:963][  0]LogConfig: Setting CVar [[r.LightFunctionQuality:1]]
[2020.06.26-04.39.36:963][  0]LogConfig: Setting CVar [[r.ShadowQuality:5]]
[2020.06.26-04.39.36:963][  0]LogConfig: Setting CVar [[r.Shadow.CSM.MaxCascades:10]]
[2020.06.26-04.39.36:963][  0]LogConfig: Setting CVar [[r.Shadow.MaxResolution:2048]]
[2020.06.26-04.39.36:963][  0]LogConfig: Setting CVar [[r.Shadow.MaxCSMResolution:2048]]
[2020.06.26-04.39.36:963][  0]LogConfig: Setting CVar [[r.Shadow.RadiusThreshold:0.01]]
[2020.06.26-04.39.36:963][  0]LogConfig: Setting CVar [[r.Shadow.DistanceScale:1.0]]
[2020.06.26-04.39.36:963][  0]LogConfig: Setting CVar [[r.Shadow.CSM.TransitionScale:1.0]]
[2020.06.26-04.39.36:963][  0]LogConfig: Setting CVar [[r.Shadow.PreShadowResolutionFactor:1.0]]
[2020.06.26-04.39.36:963][  0]LogConfig: Setting CVar [[r.DistanceFieldShadowing:1]]
[2020.06.26-04.39.36:963][  0]LogConfig: Setting CVar [[r.DistanceFieldAO:1]]
[2020.06.26-04.39.36:963][  0]LogConfig: Setting CVar [[r.AOQuality:2]]
[2020.06.26-04.39.36:963][  0]LogConfig: Setting CVar [[r.VolumetricFog:1]]
[2020.06.26-04.39.36:963][  0]LogConfig: Setting CVar [[r.VolumetricFog.GridPixelSize:8]]
[2020.06.26-04.39.36:963][  0]LogConfig: Setting CVar [[r.VolumetricFog.GridSizeZ:128]]
[2020.06.26-04.39.36:964][  0]LogConfig: Setting CVar [[r.VolumetricFog.HistoryMissSupersampleCount:4]]
[2020.06.26-04.39.36:964][  0]LogConfig: Setting CVar [[r.LightMaxDrawDistanceScale:1]]
[2020.06.26-04.39.36:964][  0]LogConfig: Setting CVar [[r.CapsuleShadows:1]]
[2020.06.26-04.39.36:964][  0]LogConfig: Applying CVar settings from Section [PostProcessQuality@3] File [C:/Users/TheK-B1000/Desktop/The K-B Folder/Unreal/repos/TankGame/ToonTanks/Saved/Config/Windows/Scalability.ini]
[2020.06.26-04.39.36:964][  0]LogConfig: Setting CVar [[r.MotionBlurQuality:4]]
[2020.06.26-04.39.36:964][  0]LogConfig: Setting CVar [[r.AmbientOcclusionMipLevelFactor:0.4]]
[2020.06.26-04.39.36:964][  0]LogConfig: Setting CVar [[r.AmbientOcclusionMaxQuality:100]]
[2020.06.26-04.39.36:964][  0]LogConfig: Setting CVar [[r.AmbientOcclusionLevels:-1]]
[2020.06.26-04.39.36:964][  0]LogConfig: Setting CVar [[r.AmbientOcclusionRadiusScale:1.0]]
[2020.06.26-04.39.36:964][  0]LogConfig: Setting CVar [[r.DepthOfFieldQuality:2]]
[2020.06.26-04.39.36:964][  0]LogConfig: Setting CVar [[r.RenderTargetPoolMin:400]]
[2020.06.26-04.39.36:964][  0]LogConfig: Setting CVar [[r.LensFlareQuality:2]]
[2020.06.26-04.39.36:964][  0]LogConfig: Setting CVar [[r.SceneColorFringeQuality:1]]
[2020.06.26-04.39.36:964][  0]LogConfig: Setting CVar [[r.EyeAdaptationQuality:2]]
[2020.06.26-04.39.36:964][  0]LogConfig: Setting CVar [[r.BloomQuality:5]]
[2020.06.26-04.39.36:964][  0]LogConfig: Setting CVar [[r.FastBlurThreshold:100]]
[2020.06.26-04.39.36:964][  0]LogConfig: Setting CVar [[r.Upscale.Quality:3]]
[2020.06.26-04.39.36:964][  0]LogConfig: Setting CVar [[r.Tonemapper.GrainQuantization:1]]
[2020.06.26-04.39.36:964][  0]LogConfig: Setting CVar [[r.LightShaftQuality:1]]
[2020.06.26-04.39.36:964][  0]LogConfig: Setting CVar [[r.Filter.SizeScale:1]]
[2020.06.26-04.39.36:964][  0]LogConfig: Setting CVar [[r.Tonemapper.Quality:5]]
[2020.06.26-04.39.36:964][  0]LogConfig: Setting CVar [[r.DOF.Gather.AccumulatorQuality:1        ; higher gathering accumulator quality]]
[2020.06.26-04.39.36:964][  0]LogConfig: Setting CVar [[r.DOF.Gather.PostfilterMethod:1          ; Median3x3 postfilering method]]
[2020.06.26-04.39.36:964][  0]LogConfig: Setting CVar [[r.DOF.Gather.EnableBokehSettings:0       ; no bokeh simulation when gathering]]
[2020.06.26-04.39.36:964][  0]LogConfig: Setting CVar [[r.DOF.Gather.RingCount:4                 ; medium number of samples when gathering]]
[2020.06.26-04.39.36:964][  0]LogConfig: Setting CVar [[r.DOF.Scatter.ForegroundCompositing:1    ; additive foreground scattering]]
[2020.06.26-04.39.36:964][  0]LogConfig: Setting CVar [[r.DOF.Scatter.BackgroundCompositing:2    ; additive background scattering]]
[2020.06.26-04.39.36:964][  0]LogConfig: Setting CVar [[r.DOF.Scatter.EnableBokehSettings:1      ; bokeh simulation when scattering]]
[2020.06.26-04.39.36:964][  0]LogConfig: Setting CVar [[r.DOF.Scatter.MaxSpriteRatio:0.1         ; only a maximum of 10% of scattered bokeh]]
[2020.06.26-04.39.36:964][  0]LogConfig: Setting CVar [[r.DOF.Recombine.Quality:1                ; cheap slight out of focus]]
[2020.06.26-04.39.36:964][  0]LogConfig: Setting CVar [[r.DOF.Recombine.EnableBokehSettings:0    ; no bokeh simulation on slight out of focus]]
[2020.06.26-04.39.36:964][  0]LogConfig: Setting CVar [[r.DOF.TemporalAAQuality:1                ; more stable temporal accumulation]]
[2020.06.26-04.39.36:964][  0]LogConfig: Setting CVar [[r.DOF.Kernel.MaxForegroundRadius:0.025]]
[2020.06.26-04.39.36:964][  0]LogConfig: Setting CVar [[r.DOF.Kernel.MaxBackgroundRadius:0.025]]
[2020.06.26-04.39.36:964][  0]LogConfig: Applying CVar settings from Section [TextureQuality@3] File [C:/Users/TheK-B1000/Desktop/The K-B Folder/Unreal/repos/TankGame/ToonTanks/Saved/Config/Windows/Scalability.ini]
[2020.06.26-04.39.36:964][  0]LogConfig: Setting CVar [[r.Streaming.MipBias:0]]
[2020.06.26-04.39.36:964][  0]LogConfig: Setting CVar [[r.Streaming.AmortizeCPUToGPUCopy:0]]
[2020.06.26-04.39.36:964][  0]LogConfig: Setting CVar [[r.Streaming.MaxNumTexturesToStreamPerFrame:0]]
[2020.06.26-04.39.36:964][  0]LogConfig: Setting CVar [[r.Streaming.Boost:1]]
[2020.06.26-04.39.36:964][  0]LogConfig: Setting CVar [[r.MaxAnisotropy:8]]
[2020.06.26-04.39.36:964][  0]LogConfig: Setting CVar [[r.VT.MaxAnisotropy:8]]
[2020.06.26-04.39.36:964][  0]LogConfig: Setting CVar [[r.Streaming.LimitPoolSizeToVRAM:0]]
[2020.06.26-04.39.36:964][  0]LogConfig: Setting CVar [[r.Streaming.PoolSize:1000]]
[2020.06.26-04.39.36:964][  0]LogConfig: Setting CVar [[r.Streaming.MaxEffectiveScreenSize:0]]
[2020.06.26-04.39.36:964][  0]LogConfig: Applying CVar settings from Section [EffectsQuality@3] File [C:/Users/TheK-B1000/Desktop/The K-B Folder/Unreal/repos/TankGame/ToonTanks/Saved/Config/Windows/Scalability.ini]
[2020.06.26-04.39.36:964][  0]LogConfig: Setting CVar [[r.TranslucencyLightingVolumeDim:64]]
[2020.06.26-04.39.36:964][  0]LogConfig: Setting CVar [[r.RefractionQuality:2]]
[2020.06.26-04.39.36:964][  0]LogConfig: Setting CVar [[r.SSR.Quality:3]]
[2020.06.26-04.39.36:964][  0]LogConfig: Setting CVar [[r.SSR.HalfResSceneColor:0]]
[2020.06.26-04.39.36:964][  0]LogConfig: Setting CVar [[r.SceneColorFormat:4]]
[2020.06.26-04.39.36:965][  0]LogConfig: Setting CVar [[r.DetailMode:2]]
[2020.06.26-04.39.36:965][  0]LogConfig: Setting CVar [[r.TranslucencyVolumeBlur:1]]
[2020.06.26-04.39.36:965][  0]LogConfig: Setting CVar [[r.MaterialQualityLevel:1 ; High quality]]
[2020.06.26-04.39.36:965][  0]LogConfig: Setting CVar [[r.SSS.Scale:1]]
[2020.06.26-04.39.36:965][  0]LogConfig: Setting CVar [[r.SSS.SampleSet:2]]
[2020.06.26-04.39.36:965][  0]LogConfig: Setting CVar [[r.SSS.Quality:1]]
[2020.06.26-04.39.36:965][  0]LogConfig: Setting CVar [[r.SSS.HalfRes:0]]
[2020.06.26-04.39.36:965][  0]LogConfig: Setting CVar [[r.SSGI.Quality:3]]
[2020.06.26-04.39.36:965][  0]LogConfig: Setting CVar [[r.EmitterSpawnRateScale:1.0]]
[2020.06.26-04.39.36:965][  0]LogConfig: Setting CVar [[r.ParticleLightQuality:2]]
[2020.06.26-04.39.36:965][  0]LogConfig: Setting CVar [[r.SkyAtmosphere.AerialPerspectiveLUT.FastApplyOnOpaque:1 ; Always have FastSkyLUT 1 in this case to avoid wrong sky]]
[2020.06.26-04.39.36:965][  0]LogConfig: Setting CVar [[r.SkyAtmosphere.AerialPerspectiveLUT.SampleCountPerSlice:1]]
[2020.06.26-04.39.36:965][  0]LogConfig: Setting CVar [[r.SkyAtmosphere.AerialPerspectiveLUT.DepthResolution:16.0]]
[2020.06.26-04.39.36:965][  0]LogConfig: Setting CVar [[r.SkyAtmosphere.FastSkyLUT:1]]
[2020.06.26-04.39.36:965][  0]LogConfig: Setting CVar [[r.SkyAtmosphere.FastSkyLUT.SampleCountMin:4.0]]
[2020.06.26-04.39.36:965][  0]LogConfig: Setting CVar [[r.SkyAtmosphere.FastSkyLUT.SampleCountMax:32.0]]
[2020.06.26-04.39.36:965][  0]LogConfig: Setting CVar [[r.SkyAtmosphere.SampleCountMin:4.0]]
[2020.06.26-04.39.36:965][  0]LogConfig: Setting CVar [[r.SkyAtmosphere.SampleCountMax:32.0]]
[2020.06.26-04.39.36:965][  0]LogConfig: Setting CVar [[r.SkyAtmosphere.TransmittanceLUT.UseSmallFormat:0]]
[2020.06.26-04.39.36:965][  0]LogConfig: Setting CVar [[r.SkyAtmosphere.TransmittanceLUT.SampleCount:10.0]]
[2020.06.26-04.39.36:965][  0]LogConfig: Setting CVar [[r.SkyAtmosphere.MultiScatteringLUT.SampleCount:15.0]]
[2020.06.26-04.39.36:965][  0]LogConfig: Applying CVar settings from Section [FoliageQuality@3] File [C:/Users/TheK-B1000/Desktop/The K-B Folder/Unreal/repos/TankGame/ToonTanks/Saved/Config/Windows/Scalability.ini]
[2020.06.26-04.39.36:965][  0]LogConfig: Setting CVar [[foliage.DensityScale:1.0]]
[2020.06.26-04.39.36:965][  0]LogConfig: Setting CVar [[grass.DensityScale:1.0]]
[2020.06.26-04.39.36:965][  0]LogConfig: Applying CVar settings from Section [ShadingQuality@3] File [C:/Users/TheK-B1000/Desktop/The K-B Folder/Unreal/repos/TankGame/ToonTanks/Saved/Config/Windows/Scalability.ini]
[2020.06.26-04.39.36:965][  0]LogConfig: Setting CVar [[r.HairStrands.SkyLighting.SampleCount:16]]
[2020.06.26-04.39.36:965][  0]LogConfig: Setting CVar [[r.HairStrands.SkyLighting.JitterIntegration:0]]
[2020.06.26-04.39.36:965][  0]LogConfig: Setting CVar [[r.HairStrands.SkyAO.SampleCount:16]]
[2020.06.26-04.39.36:965][  0]LogConfig: Setting CVar [[r.HairStrands.DeepShadow.SuperSampling:0]]
[2020.06.26-04.39.36:965][  0]LogConfig: Setting CVar [[r.HairStrands.VisibilityPPLL:0]]
[2020.06.26-04.39.36:965][  0]LogConfig: Setting CVar [[r.HairStrands.RasterizationScale:0.5]]
[2020.06.26-04.39.36:965][  0]LogConfig: Setting CVar [[r.HairStrands.VelocityRasterizationScale:1]]
[2020.06.26-04.39.36:965][  0]LogInit: Selected Device Profile: [Windows]
[2020.06.26-04.39.36:965][  0]LogInit: Applying CVar settings loaded from the selected device profile: [Windows]
[2020.06.26-04.39.36:965][  0]LogHAL: Display: Platform has ~ 8 GB [8462237696 / 8589934592 / 8], which maps to Default [LargestMinGB=32, LargerMinGB=12, DefaultMinGB=8, SmallerMinGB=6, SmallestMinGB=0)
[2020.06.26-04.39.36:965][  0]LogInit: Going up to parent DeviceProfile []
[2020.06.26-04.39.36:965][  0]LogConfig: Applying CVar settings from Section [ViewDistanceQuality@3] File [C:/Users/TheK-B1000/Desktop/The K-B Folder/Unreal/repos/TankGame/ToonTanks/Saved/Config/Windows/Scalability.ini]
[2020.06.26-04.39.36:965][  0]LogConfig: Setting CVar [[r.SkeletalMeshLODBias:0]]
[2020.06.26-04.39.36:965][  0]LogConfig: Setting CVar [[r.ViewDistanceScale:1.0]]
[2020.06.26-04.39.36:965][  0]LogConfig: Applying CVar settings from Section [AntiAliasingQuality@3] File [C:/Users/TheK-B1000/Desktop/The K-B Folder/Unreal/repos/TankGame/ToonTanks/Saved/Config/Windows/Scalability.ini]
[2020.06.26-04.39.36:966][  0]LogConfig: Setting CVar [[r.PostProcessAAQuality:4]]
[2020.06.26-04.39.36:966][  0]LogConfig: Applying CVar settings from Section [ShadowQuality@3] File [C:/Users/TheK-B1000/Desktop/The K-B Folder/Unreal/repos/TankGame/ToonTanks/Saved/Config/Windows/Scalability.ini]
[2020.06.26-04.39.36:966][  0]LogConfig: Setting CVar [[r.LightFunctionQuality:1]]
[2020.06.26-04.39.36:966][  0]LogConfig: Setting CVar [[r.ShadowQuality:5]]
[2020.06.26-04.39.36:966][  0]LogConfig: Setting CVar [[r.Shadow.CSM.MaxCascades:10]]
[2020.06.26-04.39.36:966][  0]LogConfig: Setting CVar [[r.Shadow.MaxResolution:2048]]
[2020.06.26-04.39.36:966][  0]LogConfig: Setting CVar [[r.Shadow.MaxCSMResolution:2048]]
[2020.06.26-04.39.36:966][  0]LogConfig: Setting CVar [[r.Shadow.RadiusThreshold:0.01]]
[2020.06.26-04.39.36:966][  0]LogConfig: Setting CVar [[r.Shadow.DistanceScale:1.0]]
[2020.06.26-04.39.36:966][  0]LogConfig: Setting CVar [[r.Shadow.CSM.TransitionScale:1.0]]
[2020.06.26-04.39.36:966][  0]LogConfig: Setting CVar [[r.Shadow.PreShadowResolutionFactor:1.0]]
[2020.06.26-04.39.36:966][  0]LogConfig: Setting CVar [[r.DistanceFieldShadowing:1]]
[2020.06.26-04.39.36:966][  0]LogConfig: Setting CVar [[r.DistanceFieldAO:1]]
[2020.06.26-04.39.36:966][  0]LogConfig: Setting CVar [[r.AOQuality:2]]
[2020.06.26-04.39.36:966][  0]LogConfig: Setting CVar [[r.VolumetricFog:1]]
[2020.06.26-04.39.36:966][  0]LogConfig: Setting CVar [[r.VolumetricFog.GridPixelSize:8]]
[2020.06.26-04.39.36:966][  0]LogConfig: Setting CVar [[r.VolumetricFog.GridSizeZ:128]]
[2020.06.26-04.39.36:966][  0]LogConfig: Setting CVar [[r.VolumetricFog.HistoryMissSupersampleCount:4]]
[2020.06.26-04.39.36:966][  0]LogConfig: Setting CVar [[r.LightMaxDrawDistanceScale:1]]
[2020.06.26-04.39.36:966][  0]LogConfig: Setting CVar [[r.CapsuleShadows:1]]
[2020.06.26-04.39.36:966][  0]LogConfig: Applying CVar settings from Section [PostProcessQuality@3] File [C:/Users/TheK-B1000/Desktop/The K-B Folder/Unreal/repos/TankGame/ToonTanks/Saved/Config/Windows/Scalability.ini]
[2020.06.26-04.39.36:966][  0]LogConfig: Setting CVar [[r.MotionBlurQuality:4]]
[2020.06.26-04.39.36:966][  0]LogConfig: Setting CVar [[r.AmbientOcclusionMipLevelFactor:0.4]]
[2020.06.26-04.39.36:966][  0]LogConfig: Setting CVar [[r.AmbientOcclusionMaxQuality:100]]
[2020.06.26-04.39.36:966][  0]LogConfig: Setting CVar [[r.AmbientOcclusionLevels:-1]]
[2020.06.26-04.39.36:966][  0]LogConfig: Setting CVar [[r.AmbientOcclusionRadiusScale:1.0]]
[2020.06.26-04.39.36:966][  0]LogConfig: Setting CVar [[r.DepthOfFieldQuality:2]]
[2020.06.26-04.39.36:966][  0]LogConfig: Setting CVar [[r.RenderTargetPoolMin:400]]
[2020.06.26-04.39.36:966][  0]LogConfig: Setting CVar [[r.LensFlareQuality:2]]
[2020.06.26-04.39.36:966][  0]LogConfig: Setting CVar [[r.SceneColorFringeQuality:1]]
[2020.06.26-04.39.36:966][  0]LogConfig: Setting CVar [[r.EyeAdaptationQuality:2]]
[2020.06.26-04.39.36:966][  0]LogConfig: Setting CVar [[r.BloomQuality:5]]
[2020.06.26-04.39.36:966][  0]LogConfig: Setting CVar [[r.FastBlurThreshold:100]]
[2020.06.26-04.39.36:966][  0]LogConfig: Setting CVar [[r.Upscale.Quality:3]]
[2020.06.26-04.39.36:966][  0]LogConfig: Setting CVar [[r.Tonemapper.GrainQuantization:1]]
[2020.06.26-04.39.36:966][  0]LogConfig: Setting CVar [[r.LightShaftQuality:1]]
[2020.06.26-04.39.36:966][  0]LogConfig: Setting CVar [[r.Filter.SizeScale:1]]
[2020.06.26-04.39.36:967][  0]LogConfig: Setting CVar [[r.Tonemapper.Quality:5]]
[2020.06.26-04.39.36:967][  0]LogConfig: Setting CVar [[r.DOF.Gather.AccumulatorQuality:1        ; higher gathering accumulator quality]]
[2020.06.26-04.39.36:967][  0]LogConfig: Setting CVar [[r.DOF.Gather.PostfilterMethod:1          ; Median3x3 postfilering method]]
[2020.06.26-04.39.36:967][  0]LogConfig: Setting CVar [[r.DOF.Gather.EnableBokehSettings:0       ; no bokeh simulation when gathering]]
[2020.06.26-04.39.36:967][  0]LogConfig: Setting CVar [[r.DOF.Gather.RingCount:4                 ; medium number of samples when gathering]]
[2020.06.26-04.39.36:967][  0]LogConfig: Setting CVar [[r.DOF.Scatter.ForegroundCompositing:1    ; additive foreground scattering]]
[2020.06.26-04.39.36:967][  0]LogConfig: Setting CVar [[r.DOF.Scatter.BackgroundCompositing:2    ; additive background scattering]]
[2020.06.26-04.39.36:967][  0]LogConfig: Setting CVar [[r.DOF.Scatter.EnableBokehSettings:1      ; bokeh simulation when scattering]]
[2020.06.26-04.39.36:967][  0]LogConfig: Setting CVar [[r.DOF.Scatter.MaxSpriteRatio:0.1         ; only a maximum of 10% of scattered bokeh]]
[2020.06.26-04.39.36:967][  0]LogConfig: Setting CVar [[r.DOF.Recombine.Quality:1                ; cheap slight out of focus]]
[2020.06.26-04.39.36:967][  0]LogConfig: Setting CVar [[r.DOF.Recombine.EnableBokehSettings:0    ; no bokeh simulation on slight out of focus]]
[2020.06.26-04.39.36:967][  0]LogConfig: Setting CVar [[r.DOF.TemporalAAQuality:1                ; more stable temporal accumulation]]
[2020.06.26-04.39.36:967][  0]LogConfig: Setting CVar [[r.DOF.Kernel.MaxForegroundRadius:0.025]]
[2020.06.26-04.39.36:967][  0]LogConfig: Setting CVar [[r.DOF.Kernel.MaxBackgroundRadius:0.025]]
[2020.06.26-04.39.36:967][  0]LogConfig: Applying CVar settings from Section [TextureQuality@3] File [C:/Users/TheK-B1000/Desktop/The K-B Folder/Unreal/repos/TankGame/ToonTanks/Saved/Config/Windows/Scalability.ini]
[2020.06.26-04.39.36:967][  0]LogConfig: Setting CVar [[r.Streaming.MipBias:0]]
[2020.06.26-04.39.36:967][  0]LogConfig: Setting CVar [[r.Streaming.AmortizeCPUToGPUCopy:0]]
[2020.06.26-04.39.36:967][  0]LogConfig: Setting CVar [[r.Streaming.MaxNumTexturesToStreamPerFrame:0]]
[2020.06.26-04.39.36:967][  0]LogConfig: Setting CVar [[r.Streaming.Boost:1]]
[2020.06.26-04.39.36:967][  0]LogConfig: Setting CVar [[r.MaxAnisotropy:8]]
[2020.06.26-04.39.36:967][  0]LogConfig: Setting CVar [[r.VT.MaxAnisotropy:8]]
[2020.06.26-04.39.36:967][  0]LogConfig: Setting CVar [[r.Streaming.LimitPoolSizeToVRAM:0]]
[2020.06.26-04.39.36:967][  0]LogConfig: Setting CVar [[r.Streaming.PoolSize:1000]]
[2020.06.26-04.39.36:967][  0]LogConfig: Setting CVar [[r.Streaming.MaxEffectiveScreenSize:0]]
[2020.06.26-04.39.36:967][  0]LogConfig: Applying CVar settings from Section [EffectsQuality@3] File [C:/Users/TheK-B1000/Desktop/The K-B Folder/Unreal/repos/TankGame/ToonTanks/Saved/Config/Windows/Scalability.ini]
[2020.06.26-04.39.36:967][  0]LogConfig: Setting CVar [[r.TranslucencyLightingVolumeDim:64]]
[2020.06.26-04.39.36:967][  0]LogConfig: Setting CVar [[r.RefractionQuality:2]]
[2020.06.26-04.39.36:967][  0]LogConfig: Setting CVar [[r.SSR.Quality:3]]
[2020.06.26-04.39.36:967][  0]LogConfig: Setting CVar [[r.SSR.HalfResSceneColor:0]]
[2020.06.26-04.39.36:967][  0]LogConfig: Setting CVar [[r.SceneColorFormat:4]]
[2020.06.26-04.39.36:968][  0]LogConfig: Setting CVar [[r.DetailMode:2]]
[2020.06.26-04.39.36:968][  0]LogConfig: Setting CVar [[r.TranslucencyVolumeBlur:1]]
[2020.06.26-04.39.36:968][  0]LogConfig: Setting CVar [[r.MaterialQualityLevel:1 ; High quality]]
[2020.06.26-04.39.36:968][  0]LogConfig: Setting CVar [[r.SSS.Scale:1]]
[2020.06.26-04.39.36:968][  0]LogConfig: Setting CVar [[r.SSS.SampleSet:2]]
[2020.06.26-04.39.36:968][  0]LogConfig: Setting CVar [[r.SSS.Quality:1]]
[2020.06.26-04.39.36:968][  0]LogConfig: Setting CVar [[r.SSS.HalfRes:0]]
[2020.06.26-04.39.36:968][  0]LogConfig: Setting CVar [[r.SSGI.Quality:3]]
[2020.06.26-04.39.36:968][  0]LogConfig: Setting CVar [[r.EmitterSpawnRateScale:1.0]]
[2020.06.26-04.39.36:968][  0]LogConfig: Setting CVar [[r.ParticleLightQuality:2]]
[2020.06.26-04.39.36:968][  0]LogConfig: Setting CVar [[r.SkyAtmosphere.AerialPerspectiveLUT.FastApplyOnOpaque:1 ; Always have FastSkyLUT 1 in this case to avoid wrong sky]]
[2020.06.26-04.39.36:968][  0]LogConfig: Setting CVar [[r.SkyAtmosphere.AerialPerspectiveLUT.SampleCountPerSlice:1]]
[2020.06.26-04.39.36:968][  0]LogConfig: Setting CVar [[r.SkyAtmosphere.AerialPerspectiveLUT.DepthResolution:16.0]]
[2020.06.26-04.39.36:968][  0]LogConfig: Setting CVar [[r.SkyAtmosphere.FastSkyLUT:1]]
[2020.06.26-04.39.36:968][  0]LogConfig: Setting CVar [[r.SkyAtmosphere.FastSkyLUT.SampleCountMin:4.0]]
[2020.06.26-04.39.36:968][  0]LogConfig: Setting CVar [[r.SkyAtmosphere.FastSkyLUT.SampleCountMax:32.0]]
[2020.06.26-04.39.36:968][  0]LogConfig: Setting CVar [[r.SkyAtmosphere.SampleCountMin:4.0]]
[2020.06.26-04.39.36:968][  0]LogConfig: Setting CVar [[r.SkyAtmosphere.SampleCountMax:32.0]]
[2020.06.26-04.39.36:968][  0]LogConfig: Setting CVar [[r.SkyAtmosphere.TransmittanceLUT.UseSmallFormat:0]]
[2020.06.26-04.39.36:968][  0]LogConfig: Setting CVar [[r.SkyAtmosphere.TransmittanceLUT.SampleCount:10.0]]
[2020.06.26-04.39.36:968][  0]LogConfig: Setting CVar [[r.SkyAtmosphere.MultiScatteringLUT.SampleCount:15.0]]
[2020.06.26-04.39.36:968][  0]LogConfig: Applying CVar settings from Section [FoliageQuality@3] File [C:/Users/TheK-B1000/Desktop/The K-B Folder/Unreal/repos/TankGame/ToonTanks/Saved/Config/Windows/Scalability.ini]
[2020.06.26-04.39.36:968][  0]LogConfig: Setting CVar [[foliage.DensityScale:1.0]]
[2020.06.26-04.39.36:968][  0]LogConfig: Setting CVar [[grass.DensityScale:1.0]]
[2020.06.26-04.39.36:968][  0]LogConfig: Applying CVar settings from Section [ShadingQuality@3] File [C:/Users/TheK-B1000/Desktop/The K-B Folder/Unreal/repos/TankGame/ToonTanks/Saved/Config/Windows/Scalability.ini]
[2020.06.26-04.39.36:968][  0]LogConfig: Setting CVar [[r.HairStrands.SkyLighting.SampleCount:16]]
[2020.06.26-04.39.36:969][  0]LogConfig: Setting CVar [[r.HairStrands.SkyLighting.JitterIntegration:0]]
[2020.06.26-04.39.36:969][  0]LogConfig: Setting CVar [[r.HairStrands.SkyAO.SampleCount:16]]
[2020.06.26-04.39.36:969][  0]LogConfig: Setting CVar [[r.HairStrands.DeepShadow.SuperSampling:0]]
[2020.06.26-04.39.36:969][  0]LogConfig: Setting CVar [[r.HairStrands.VisibilityPPLL:0]]
[2020.06.26-04.39.36:969][  0]LogConfig: Setting CVar [[r.HairStrands.RasterizationScale:0.5]]
[2020.06.26-04.39.36:969][  0]LogConfig: Setting CVar [[r.HairStrands.VelocityRasterizationScale:1]]
[2020.06.26-04.39.36:969][  0]LogConfig: Applying CVar settings from Section [Startup] File [../../../Engine/Config/ConsoleVariables.ini]
[2020.06.26-04.39.36:970][  0]LogConfig: Setting CVar [[net.UseAdaptiveNetUpdateFrequency:0]]
[2020.06.26-04.39.36:970][  0]LogConfig: Setting CVar [[p.chaos.AllowCreatePhysxBodies:1]]
[2020.06.26-04.39.36:970][  0]LogConfig: Setting CVar [[fx.SkipVectorVMBackendOptimizations:1]]
[2020.06.26-04.39.36:970][  0]LogConfig: Applying CVar settings from Section [ConsoleVariables] File [C:/Users/TheK-B1000/Desktop/The K-B Folder/Unreal/repos/TankGame/ToonTanks/Saved/Config/Windows/Engine.ini]
[2020.06.26-04.39.36:970][  0]LogInit: Computer: LAPTOP-7TARG8CR
[2020.06.26-04.39.36:970][  0]LogInit: User: TheKB1000
[2020.06.26-04.39.36:970][  0]LogInit: CPU Page size=4096, Cores=4
[2020.06.26-04.39.36:970][  0]LogInit: High frequency timer resolution =10.000000 MHz
[2020.06.26-04.39.36:970][  0]LogMemory: Memory total: Physical=7.9GB (8GB approx)
[2020.06.26-04.39.36:970][  0]LogMemory: Platform Memory Stats for Windows
[2020.06.26-04.39.36:970][  0]LogMemory: Process Physical Memory: 117.77 MB used, 117.77 MB peak
[2020.06.26-04.39.36:970][  0]LogMemory: Process Virtual Memory: 96.07 MB used, 96.07 MB peak
[2020.06.26-04.39.36:970][  0]LogMemory: Physical Memory: 5139.89 MB used,  2930.32 MB free, 8070.22 MB total
[2020.06.26-04.39.36:970][  0]LogMemory: Virtual Memory: 5177.79 MB used,  134212552.00 MB free, 134217728.00 MB total
[2020.06.26-04.39.36:984][  0]LogWindows: WindowsPlatformFeatures enabled
[2020.06.26-04.39.37:135][  0]LogInit: Physics initialised using underlying interface: PhysX
[2020.06.26-04.39.37:137][  0]LogInit: Using OS detected language (en-US).
[2020.06.26-04.39.37:137][  0]LogInit: Using OS detected locale (en-US).
[2020.06.26-04.39.37:191][  0]LogTextLocalizationManager: No specific localization for 'en-US' exists, so the 'en' localization will be used.
[2020.06.26-04.39.37:710][  0]LogInit: Setting process to per monitor DPI aware
[2020.06.26-04.39.37:787][  0]LogSlate: New Slate User Created.  User Index 0, Is Virtual User: 0
[2020.06.26-04.39.37:787][  0]LogSlate: Slate User Registered.  User Index 0, Is Virtual User: 0
[2020.06.26-04.39.38:280][  0]LogHMD: Failed to initialize OpenVR with code 110
[2020.06.26-04.39.38:280][  0]LogD3D11RHI: D3D11 min allowed feature level: 11_0
[2020.06.26-04.39.38:280][  0]LogD3D11RHI: D3D11 max allowed feature level: 11_0
[2020.06.26-04.39.38:280][  0]LogD3D11RHI: D3D11 adapters:
[2020.06.26-04.39.38:446][  0]LogD3D11RHI:    0. 'NVIDIA GeForce GTX 960M' (Feature Level 11_0)
[2020.06.26-04.39.38:446][  0]LogD3D11RHI:       4055/0/4035 MB DedicatedVideo/DedicatedSystem/SharedSystem, Outputs:1, VendorId:0x10de
[2020.06.26-04.39.38:471][  0]LogD3D11RHI:    1. 'Intel(R) HD Graphics 530' (Feature Level 11_0)
[2020.06.26-04.39.38:471][  0]LogD3D11RHI:       128/0/4035 MB DedicatedVideo/DedicatedSystem/SharedSystem, Outputs:0, VendorId:0x8086
[2020.06.26-04.39.38:485][  0]LogD3D11RHI:    2. 'Microsoft Basic Render Driver' (Feature Level 11_0)
[2020.06.26-04.39.38:485][  0]LogD3D11RHI:       0/0/4035 MB DedicatedVideo/DedicatedSystem/SharedSystem, Outputs:0, VendorId:0x1414
[2020.06.26-04.39.38:485][  0]LogD3D11RHI: Chosen D3D11 Adapter: 0
[2020.06.26-04.39.38:580][  0]LogD3D11RHI: Creating new Direct3DDevice
[2020.06.26-04.39.38:580][  0]LogD3D11RHI:     GPU DeviceId: 0x139b (for the marketing name, search the web for "GPU Device Id")
[2020.06.26-04.39.38:580][  0]LogWindows: EnumDisplayDevices:
[2020.06.26-04.39.38:580][  0]LogWindows:    0. 'Intel(R) HD Graphics 530' (P:1 D:1)
[2020.06.26-04.39.38:581][  0]LogWindows:    1. 'Intel(R) HD Graphics 530' (P:0 D:0)
[2020.06.26-04.39.38:581][  0]LogWindows:    2. 'Intel(R) HD Graphics 530' (P:0 D:0)
[2020.06.26-04.39.38:582][  0]LogWindows: DebugString: PrimaryIsNotTheChoosenAdapter PrimaryIsNotTheChoosenAdapter PrimaryIsNotTheChoosenAdapter FoundDriverCount:0 
[2020.06.26-04.39.38:582][  0]LogD3D11RHI:     Adapter Name: NVIDIA GeForce GTX 960M
[2020.06.26-04.39.38:582][  0]LogD3D11RHI:   Driver Version: Unknown (internal:Unknown, unified:Unknown)
[2020.06.26-04.39.38:582][  0]LogD3D11RHI:      Driver Date: Unknown
[2020.06.26-04.39.38:582][  0]LogRHI: Texture pool is 2839 MB (70% of 4055 MB)
[2020.06.26-04.39.38:649][  0]LogD3D11RHI: RHI has support for 64 bit atomics
[2020.06.26-04.39.38:653][  0]LogD3D11RHI: [Aftermath] Enabled and primed
[2020.06.26-04.39.38:653][  0]LogD3D11RHI: Async texture creation enabled
[2020.06.26-04.39.38:686][  0]LogD3D11RHI: GPU Timing Frequency: 1000.000000 (Debug: 2 2)
[2020.06.26-04.39.39:320][  0]LogTargetPlatformManager: Display: Loaded TargetPlatform 'AllDesktop'
[2020.06.26-04.39.39:364][  0]LogTargetPlatformManager: Display: Loaded TargetPlatform 'Android'
[2020.06.26-04.39.39:364][  0]LogTargetPlatformManager: Display: Loaded TargetPlatform 'Android_ASTC'
[2020.06.26-04.39.39:364][  0]LogTargetPlatformManager: Display: Loaded TargetPlatform 'Android_DXT'
[2020.06.26-04.39.39:364][  0]LogTargetPlatformManager: Display: Loaded TargetPlatform 'Android_ETC2'
[2020.06.26-04.39.39:364][  0]LogTargetPlatformManager: Display: Loaded TargetPlatform 'AndroidClient'
[2020.06.26-04.39.39:364][  0]LogTargetPlatformManager: Display: Loaded TargetPlatform 'Android_ASTCClient'
[2020.06.26-04.39.39:364][  0]LogTargetPlatformManager: Display: Loaded TargetPlatform 'Android_DXTClient'
[2020.06.26-04.39.39:365][  0]LogTargetPlatformManager: Display: Loaded TargetPlatform 'Android_ETC2Client'
[2020.06.26-04.39.39:365][  0]LogTargetPlatformManager: Display: Loaded TargetPlatform 'Android_Multi'
[2020.06.26-04.39.39:365][  0]LogTargetPlatformManager: Display: Loaded TargetPlatform 'Android_MultiClient'
[2020.06.26-04.39.39:418][  0]LogTargetPlatformManager: Display: Loaded TargetPlatform 'IOSClient'
[2020.06.26-04.39.39:418][  0]LogTargetPlatformManager: Display: Loaded TargetPlatform 'IOS'
[2020.06.26-04.39.39:445][  0]LogTargetPlatformManager: Display: Loaded TargetPlatform 'Linux'
[2020.06.26-04.39.39:464][  0]LogTargetPlatformManager: Display: Loaded TargetPlatform 'LinuxNoEditor'
[2020.06.26-04.39.39:484][  0]LogTargetPlatformManager: Display: Loaded TargetPlatform 'LinuxClient'
[2020.06.26-04.39.39:503][  0]LogTargetPlatformManager: Display: Loaded TargetPlatform 'LinuxServer'
[2020.06.26-04.39.39:524][  0]LogTargetPlatformManager: Display: Loaded TargetPlatform 'LinuxAArch64NoEditor'
[2020.06.26-04.39.39:543][  0]LogTargetPlatformManager: Display: Loaded TargetPlatform 'LinuxAArch64Client'
[2020.06.26-04.39.39:562][  0]LogTargetPlatformManager: Display: Loaded TargetPlatform 'LinuxAArch64Server'
[2020.06.26-04.39.39:610][  0]LogTargetPlatformManager: Display: Loaded TargetPlatform 'Lumin'
[2020.06.26-04.39.39:610][  0]LogTargetPlatformManager: Display: Loaded TargetPlatform 'LuminClient'
[2020.06.26-04.39.39:637][  0]LogTargetPlatformManager: Display: Loaded TargetPlatform 'TVOSClient'
[2020.06.26-04.39.39:638][  0]LogTargetPlatformManager: Display: Loaded TargetPlatform 'TVOS'
[2020.06.26-04.39.39:659][  0]LogTargetPlatformManager: Display: Loaded TargetPlatform 'WindowsNoEditor'
[2020.06.26-04.39.39:680][  0]LogTargetPlatformManager: Display: Loaded TargetPlatform 'Windows'
[2020.06.26-04.39.39:700][  0]LogTargetPlatformManager: Display: Loaded TargetPlatform 'WindowsClient'
[2020.06.26-04.39.39:720][  0]LogTargetPlatformManager: Display: Loaded TargetPlatform 'WindowsServer'
[2020.06.26-04.39.39:720][  0]LogTargetPlatformManager: Display: Building Assets For Windows
[2020.06.26-04.39.39:840][  0]LogAudioDebug: Display: Lib vorbis DLL was dynamically loaded.
[2020.06.26-04.39.40:068][  0]LogShaderCompilers: Guid format shader working directory is -39 characters bigger than the processId version (../../../../../../Users/TheK-B1000/Desktop/The K-B Folder/Unreal/repos/TankGame/ToonTanks/Intermediate/Shaders/WorkingDirectory/23768/).
[2020.06.26-04.39.40:068][  0]LogShaderCompilers: Cleaned the shader compiler working directory 'C:/Users/TheK-B1000/AppData/Local/Temp/UnrealShaderWorkingDir/3C657385473D36EC7DA8B8B26F2B5F9A/'.
[2020.06.26-04.39.40:069][  0]LogXGEController: Cannot use XGE Controller as Incredibuild is not installed on this machine.
[2020.06.26-04.39.40:070][  0]LogShaderCompilers: Cannot use XGE Shader Compiler as Incredibuild is not installed on this machine.
[2020.06.26-04.39.40:070][  0]LogShaderCompilers: Display: Using Local Shader Compiler.
[2020.06.26-04.39.41:588][  0]LogDerivedDataCache: Display: Max Cache Size: 512 MB
[2020.06.26-04.39.42:287][  0]LogDerivedDataCache: Loaded boot cache 0.70s 104MB C:/Users/TheK-B1000/AppData/Local/UnrealEngine/4.25/DerivedDataCache/Boot.ddc.
[2020.06.26-04.39.42:287][  0]LogDerivedDataCache: Display: Loaded Boot cache: C:/Users/TheK-B1000/AppData/Local/UnrealEngine/4.25/DerivedDataCache/Boot.ddc
[2020.06.26-04.39.42:290][  0]LogDerivedDataCache: FDerivedDataBackendGraph:  Pak pak cache file ../../../../../../Users/TheK-B1000/Desktop/The K-B Folder/Unreal/repos/TankGame/ToonTanks/DerivedDataCache/DDC.ddp not found, will not use a pak cache.
[2020.06.26-04.39.42:290][  0]LogDerivedDataCache: Unable to find inner node Pak for hierarchical cache Hierarchy.
[2020.06.26-04.39.42:290][  0]LogDerivedDataCache: FDerivedDataBackendGraph:  CompressedPak pak cache file ../../../../../../Users/TheK-B1000/Desktop/The K-B Folder/Unreal/repos/TankGame/ToonTanks/DerivedDataCache/Compressed.ddp not found, will not use a pak cache.
[2020.06.26-04.39.42:290][  0]LogDerivedDataCache: Unable to find inner node CompressedPak for hierarchical cache Hierarchy.
[2020.06.26-04.39.42:308][  0]LogDerivedDataCache: Display: Pak cache opened for reading ../../../Engine/DerivedDataCache/Compressed.ddp.
[2020.06.26-04.39.42:309][  0]LogDerivedDataCache: FDerivedDataBackendGraph:  EnterprisePak pak cache file ../../../Enterprise/DerivedDataCache/Compressed.ddp not found, will not use a pak cache.
[2020.06.26-04.39.42:309][  0]LogDerivedDataCache: Unable to find inner node EnterprisePak for hierarchical cache Hierarchy.
[2020.06.26-04.39.42:310][  0]LogDerivedDataCache: Using Local data cache path C:/Users/TheK-B1000/AppData/Local/UnrealEngine/Common/DerivedDataCache: Writable
[2020.06.26-04.39.42:310][  0]LogDerivedDataCache: Shared data cache path not found in *engine.ini, will not use an Shared cache.
[2020.06.26-04.39.42:310][  0]LogDerivedDataCache: Unable to find inner node Shared for hierarchical cache Hierarchy.
[2020.06.26-04.39.42:417][  0]LogSlate: Using FreeType 2.10.0
[2020.06.26-04.39.42:425][  0]LogSlate: SlateFontServices - WITH_FREETYPE: 1, WITH_HARFBUZZ: 1
[2020.06.26-04.39.42:501][  0]LogAssetRegistry: FAssetRegistry took 0.0031 seconds to start up
[2020.06.26-04.39.42:944][  0]LogInit: Selected Device Profile: [Windows]
[2020.06.26-04.39.43:230][  0]LogMeshReduction: Using QuadricMeshReduction for automatic static mesh reduction
[2020.06.26-04.39.43:230][  0]LogMeshReduction: Using SimplygonMeshReduction for automatic skeletal mesh reduction
[2020.06.26-04.39.43:230][  0]LogMeshReduction: Using ProxyLODMeshReduction for automatic mesh merging
[2020.06.26-04.39.43:230][  0]LogMeshReduction: No distributed automatic mesh merging module available
[2020.06.26-04.39.43:230][  0]LogMeshMerging: No distributed automatic mesh merging module available
[2020.06.26-04.39.43:264][  0]LogNetVersion: ToonTanks 1.0.0, NetCL: 13144385, EngineNetVer: 14, GameNetVer: 0 (Checksum: 281104731)
[2020.06.26-04.39.44:398][  0]LogAISub: UAISubsystem::UAISubsystem AISubsystem (000002C19809A940), frame # 0
[2020.06.26-04.39.44:398][  0]LogAISub: UAISubsystem::UAISubsystem AIPerceptionSystem (000002C197EF60C0), frame # 0
[2020.06.26-04.39.44:400][  0]LogAISub: UAISubsystem::UAISubsystem EnvQueryManager (000002C198096000), frame # 0
[2020.06.26-04.39.44:492][  0]LogPackageLocalizationCache: Processed 19 localized package path(s) for 1 prioritized culture(s) in 0.081376 seconds
[2020.06.26-04.39.44:500][  0]LogUObjectArray: 15917 objects as part of root set at end of initial load.
[2020.06.26-04.39.44:500][  0]LogUObjectAllocator: 3965568 out of 0 bytes used by permanent object pool.
[2020.06.26-04.39.44:500][  0]LogUObjectArray: CloseDisregardForGC: 0/0 objects in disregard for GC pool
[2020.06.26-04.39.45:640][  0]LogTcpMessaging: Initializing TcpMessaging bridge
[2020.06.26-04.39.45:691][  0]LogUdpMessaging: Initializing bridge on interface 0.0.0.0:0 to multicast group 230.0.0.1:6666.
[2020.06.26-04.39.46:817][  0]SourceControl: Source control is disabled
[2020.06.26-04.39.46:817][  0]SourceControl: Source control is disabled
[2020.06.26-04.39.46:831][  0]SourceControl: Source control is disabled
[2020.06.26-04.39.46:842][  0]SourceControl: Source control is disabled
[2020.06.26-04.39.46:867][  0]SourceControl: Source control is disabled
[2020.06.26-04.39.47:711][  0]LogAndroidPermission: UAndroidPermissionCallbackProxy::GetInstance
[2020.06.26-04.39.47:779][  0]LogAudioCaptureCore: Display: No Audio Capture implementations found. Audio input will be silent.
[2020.06.26-04.39.47:779][  0]LogAudioCaptureCore: Display: No Audio Capture implementations found. Audio input will be silent.
[2020.06.26-04.39.47:923][  0]LogOcInput: OculusInput pre-init called
[2020.06.26-04.39.47:952][  0]LogWindows: Failed to load 'OVRPlugin.dll' (GetLastError=126)
[2020.06.26-04.39.47:953][  0]LogWindows: File 'OVRPlugin.dll' does not exist
[2020.06.26-04.39.48:104][  0]LogEngine: Initializing Engine...
[2020.06.26-04.39.48:108][  0]LogHMD: Failed to initialize OpenVR with code 110
[2020.06.26-04.39.48:108][  0]LogMagicLeap: Warning: VR disabled because ZI is not enabled.  To enable, in the editor, Edit -> Project Settings -> Plugins -> Magic Leap Plugin -> Enable Zero Iteration
[2020.06.26-04.39.48:110][  0]LogStats: UGameplayTagsManager::InitializeManager -  0.000 s
[2020.06.26-04.39.48:366][  0]LogInit: Initializing FReadOnlyCVARCache
[2020.06.26-04.39.48:389][  0]LogAIModule: Creating AISystem for world Untitled
[2020.06.26-04.39.48:389][  0]LogAISub: UAISubsystem::UAISubsystem EnvQueryManager (000002C1A170D200), frame # 0
[2020.06.26-04.39.48:389][  0]LogAISub: UAISubsystem::UAISubsystem AIPerceptionSystem (000002C1A169BB00), frame # 0
[2020.06.26-04.39.48:443][  0]LogAudioMixer: Display: Audio Mixer Platform Settings:
[2020.06.26-04.39.48:443][  0]LogAudioMixer: Display: 	Sample Rate:						  48000
[2020.06.26-04.39.48:443][  0]LogAudioMixer: Display: 	Callback Buffer Frame Size Requested: 1024
[2020.06.26-04.39.48:443][  0]LogAudioMixer: Display: 	Callback Buffer Frame Size To Use:	  1024
[2020.06.26-04.39.48:443][  0]LogAudioMixer: Display: 	Number of buffers to queue:			  2
[2020.06.26-04.39.48:443][  0]LogAudioMixer: Display: 	Max Channels (voices):				  32
[2020.06.26-04.39.48:443][  0]LogAudioMixer: Display: 	Number of Async Source Workers:		  0
[2020.06.26-04.39.48:443][  0]LogAudio: Display: AudioDevice MaxSources: 32
[2020.06.26-04.39.48:444][  0]LogAudio: Display: Using built-in audio occlusion.
[2020.06.26-04.39.48:444][  0]LogAudioMixer: Display: Initializing audio mixer.
[2020.06.26-04.39.48:498][  0]LogAudioMixer: Display: 0: FrontLeft
[2020.06.26-04.39.48:498][  0]LogAudioMixer: Display: 1: FrontRight
[2020.06.26-04.39.49:315][  0]LogAudioMixer: Display: Using Audio Device Speakers (Realtek High Definition Audio)
[2020.06.26-04.39.49:323][  0]LogAudioMixer: Display: Initializing Sound Submixes...
[2020.06.26-04.39.49:329][  0]LogAudioMixer: Display: Creating Master Submix 'MasterSubmixDefault'
[2020.06.26-04.39.49:329][  0]LogAudioMixer: Display: Creating Master Submix 'MasterReverbSubmixDefault'
[2020.06.26-04.39.49:330][  0]LogAudioMixer: Display: Creating Master Submix 'MasterEQSubmixDefault'
[2020.06.26-04.39.49:331][  0]LogInit: FAudioDevice initialized.
[2020.06.26-04.39.49:331][  0]LogNetVersion: Set ProjectVersion to 1.0.0.0. Version Checksum will be recalculated on next use.
[2020.06.26-04.39.49:649][  0]LogDerivedDataCache: Saved boot cache 0.32s 104MB C:/Users/TheK-B1000/AppData/Local/UnrealEngine/4.25/DerivedDataCache/Boot.ddc.
[2020.06.26-04.39.49:657][  0]LogInit: Texture streaming: Enabled
[2020.06.26-04.39.49:711][  0]LogEngineSessionManager: EngineSessionManager initialized
[2020.06.26-04.39.49:711][  0]LogEditorSessionSummary: Verbose: Initializing EditorSessionSummaryWriter for editor session tracking
[2020.06.26-04.39.49:722][  0]LogEditorSessionSummary: EditorSessionSummaryWriter initialized
[2020.06.26-04.39.49:859][  0]LogInit: Transaction tracking system initialized
[2020.06.26-04.39.50:068][  0]BlueprintLog: New page: Editor Load
[2020.06.26-04.39.50:349][  0]LocalizationService: Localization service is disabled
[2020.06.26-04.39.50:783][  0]LogCook: Display: Max memory allowance for cook 16384mb min free memory 0mb
[2020.06.26-04.39.50:783][  0]LogCook: Display: Mobile HDR setting 1
[2020.06.26-04.39.51:199][  0]LogFileCache: Scanning file cache for directory 'C:/Users/TheK-B1000/Desktop/The K-B Folder/Unreal/repos/TankGame/ToonTanks/Content/' took 0.01s
[2020.06.26-04.39.51:605][  0]SourceControl: Source control is disabled
[2020.06.26-04.39.51:605][  0]LogUnrealEdMisc: Loading editor; pre map load, took 149.063
[2020.06.26-04.39.51:605][  0]Cmd: MAP LOAD FILE="../../../Engine/Content/Maps/Templates/Template_Default.umap" TEMPLATE=1 SHOWPROGRESS=1 FEATURELEVEL=3
[2020.06.26-04.39.51:606][  0]LightingResults: New page: Lighting Build
[2020.06.26-04.39.51:608][  0]LogWorld: UWorld::CleanupWorld for Untitled, bSessionEnded=true, bCleanupResources=true
[2020.06.26-04.39.51:608][  0]LogSlate: InvalidateAllWidgets triggered.  All widgets were invalidated
[2020.06.26-04.39.51:608][  0]MapCheck: New page: Map Check
[2020.06.26-04.39.51:608][  0]LightingResults: New page: Lighting Build
[2020.06.26-04.39.51:622][  0]LogAISub: UAISubsystem::~UAISubsystem EnvQueryManager (000002C1A170D200), frame # 0
[2020.06.26-04.39.51:623][  0]LogAISub: UAISubsystem::~UAISubsystem AIPerceptionSystem (000002C1A169BB00), frame # 0
[2020.06.26-04.39.51:624][  0]LogUObjectHash: Compacting FUObjectHashTables data took   1.24ms
[2020.06.26-04.39.51:739][  0]LogAIModule: Creating AISystem for world Untitled_1
[2020.06.26-04.39.51:739][  0]LogAISub: UAISubsystem::UAISubsystem EnvQueryManager (000002C1914B7E00), frame # 0
[2020.06.26-04.39.51:739][  0]LogAISub: UAISubsystem::UAISubsystem AIPerceptionSystem (000002C189E45BC0), frame # 0
[2020.06.26-04.39.51:745][  0]LogEditorServer: Finished looking for orphan Actors (0.000 secs)
[2020.06.26-04.39.51:761][  0]LogUObjectHash: Compacting FUObjectHashTables data took   1.56ms
[2020.06.26-04.39.51:761][  0]Cmd: MAP CHECKDEP NOCLEARLOG
[2020.06.26-04.39.51:761][  0]MapCheck: Map check complete: 0 Error(s), 0 Warning(s), took 0.334ms to complete.
[2020.06.26-04.39.51:761][  0]LogFileHelpers: Loading map 'Template_Default' took 0.157
[2020.06.26-04.39.51:765][  0]LogUnrealEdMisc: Total Editor Startup Time, took 149.223
[2020.06.26-04.39.52:036][  0]LogSlate: Updating window title bar state: overlay mode, drag disabled, window buttons hidden, title bar hidden
[2020.06.26-04.39.52:053][  0]LogSlate: Updating window title bar state: overlay mode, drag disabled, window buttons hidden, title bar hidden
[2020.06.26-04.39.52:063][  0]LogSlate: Updating window title bar state: overlay mode, drag disabled, window buttons hidden, title bar hidden
[2020.06.26-04.39.52:077][  0]LogSlate: Updating window title bar state: overlay mode, drag disabled, window buttons hidden, title bar hidden
[2020.06.26-04.39.52:118][  0]LogCollectionManager: Loaded 0 collections in 0.003226 seconds
[2020.06.26-04.39.52:187][  0]LogFileCache: Scanning file cache for directory 'C:/Users/TheK-B1000/Desktop/The K-B Folder/Unreal/repos/TankGame/ToonTanks/Saved/Collections/' took 0.00s
[2020.06.26-04.39.52:187][  0]LogFileCache: Scanning file cache for directory 'C:/Users/TheK-B1000/Desktop/The K-B Folder/Unreal/repos/TankGame/ToonTanks/Content/Developers/TheKB1000/Collections/' took 0.00s
[2020.06.26-04.39.52:187][  0]LogFileCache: Scanning file cache for directory 'C:/Users/TheK-B1000/Desktop/The K-B Folder/Unreal/repos/TankGame/ToonTanks/Content/Collections/' took 0.00s
[2020.06.26-04.39.52:187][  0]LogContentBrowser: Native class hierarchy populated in 0.0221 seconds. Added 3431 classes and 825 folders.
[2020.06.26-04.39.52:206][  0]LogContentBrowser: Native class hierarchy updated for 'WidgetCarousel' in 0.0006 seconds. Added 0 classes and 0 folders.
[2020.06.26-04.39.52:476][  0]LogContentBrowser: Native class hierarchy updated for 'AddContentDialog' in 0.0010 seconds. Added 0 classes and 0 folders.
[2020.06.26-04.39.52:486][  0]LogContentBrowser: Native class hierarchy updated for 'SceneOutliner' in 0.0007 seconds. Added 2 classes and 0 folders.
[2020.06.26-04.39.52:655][  0]LogSlate: Took 0.004821 seconds to synchronously load lazily loaded font '../../../Engine/Content/Slate/Fonts/Roboto-Regular.ttf' (155K)
[2020.06.26-04.39.52:660][  0]LogSlate: Took 0.001064 seconds to synchronously load lazily loaded font '../../../Engine/Content/Slate/Fonts/Roboto-Bold.ttf' (160K)
[2020.06.26-04.39.52:676][  0]LogSlate: Took 0.001050 seconds to synchronously load lazily loaded font '../../../Engine/Content/Editor/Slate/Fonts/FontAwesome.ttf' (139K)
[2020.06.26-04.39.52:832][  0]LogRenderer: Reallocating scene render targets to support 960x452 Format 10 NumSamples 1 (Frame:1).
[2020.06.26-04.39.53:176][  0]LogContentBrowser: Native class hierarchy updated for 'HierarchicalLODOutliner' in 0.0009 seconds. Added 0 classes and 0 folders.
[2020.06.26-04.39.53:176][  0]LogLoad: (Engine Initialization) Total time: 150.63 seconds
[2020.06.26-04.39.53:176][  0]LogLoad: (Engine Initialization) Total Blueprint compile time: 0.00 seconds
[2020.06.26-04.39.53:259][  0]LogContentStreaming: Texture pool size now 1000 MB
[2020.06.26-04.39.53:277][  0]LogSlate: Took 0.001445 seconds to synchronously load lazily loaded font '../../../Engine/Content/Slate/Fonts/Roboto-Light.ttf' (167K)
[2020.06.26-04.39.53:288][  1]LogAssetRegistry: Asset discovery search completed in 10.7888 seconds
[2020.06.26-04.39.53:298][  1]LogCollectionManager: Fixed up redirectors for 0 collections in 0.000005 seconds (updated 0 objects)
[2020.06.26-04.39.59:712][351]LogSlate: Took 0.000201 seconds to synchronously load lazily loaded font '../../../Engine/Content/Slate/Fonts/Roboto-Light.ttf' (167K)
[2020.06.26-04.39.59:897][351]LogAssetEditorSubsystem: Opening Asset editor for World /Game/Maps/Main.Main
[2020.06.26-04.39.59:917][351]LogUObjectHash: Compacting FUObjectHashTables data took   3.78ms
[2020.06.26-04.39.59:919][351]Cmd: MAP LOAD FILE="../../../../../../Users/TheK-B1000/Desktop/The K-B Folder/Unreal/repos/TankGame/ToonTanks/Content/Maps/Main.umap" TEMPLATE=0 SHOWPROGRESS=1 FEATURELEVEL=3
[2020.06.26-04.39.59:919][351]LightingResults: New page: Lighting Build
[2020.06.26-04.39.59:919][351]LoadErrors: New page: Loading map: Main.umap
[2020.06.26-04.39.59:920][351]LogWorld: UWorld::CleanupWorld for Untitled_1, bSessionEnded=true, bCleanupResources=true
[2020.06.26-04.39.59:920][351]LogSlate: InvalidateAllWidgets triggered.  All widgets were invalidated
[2020.06.26-04.39.59:920][351]MapCheck: New page: Map Check
[2020.06.26-04.39.59:921][351]LightingResults: New page: Lighting Build
[2020.06.26-04.39.59:935][351]LogAISub: UAISubsystem::~UAISubsystem EnvQueryManager (000002C1914B7E00), frame # 351
[2020.06.26-04.39.59:935][351]LogAISub: UAISubsystem::~UAISubsystem AIPerceptionSystem (000002C189E45BC0), frame # 351
[2020.06.26-04.39.59:936][351]LogUObjectHash: Compacting FUObjectHashTables data took   1.27ms
[2020.06.26-04.39.59:944][351]LogEditorServer: Finished looking for orphan Actors (0.000 secs)
[2020.06.26-04.39.59:945][351]LogAIModule: Creating AISystem for world Main
[2020.06.26-04.39.59:945][351]LogAISub: UAISubsystem::UAISubsystem EnvQueryManager (000002C1881D8600), frame # 351
[2020.06.26-04.39.59:945][351]LogAISub: UAISubsystem::UAISubsystem AIPerceptionSystem (000002C1DADA82C0), frame # 351
[2020.06.26-04.39.59:958][351]LogUObjectHash: Compacting FUObjectHashTables data took   0.95ms
[2020.06.26-04.39.59:972][351]Cmd: MAP CHECKDEP NOCLEARLOG
[2020.06.26-04.39.59:973][351]MapCheck: Map check complete: 0 Error(s), 0 Warning(s), took 0.264ms to complete.
[2020.06.26-04.39.59:973][351]LogFileHelpers: Loading map 'Main' took 0.054
[2020.06.26-04.40.09:133][681]LogSlate: Window 'Editor Preferences' being destroyed
[2020.06.26-04.41.37:753][498]LogSlate: WidgetSwitcher ('None') active index changed to -1
[2020.06.26-04.41.37:753][498]LogSlate: WidgetSwitcher ('None') active index changed to 0
[2020.06.26-04.41.37:825][498]LogSlate: Took 0.001072 seconds to synchronously load lazily loaded font '../../../Engine/Content/Slate/Fonts/Roboto-BoldCondensed.ttf' (158K)
[2020.06.26-04.41.40:169][585]LogSlate: WidgetSwitcher ('None') active index changed to 1
[2020.06.26-04.41.54:803][309]Running C:/Program Files/Epic Games/UE_4.25/Engine/Binaries/DotNET/UnrealBuildTool.exe  -projectfiles -project="C:/Users/TheK-B1000/Desktop/The K-B Folder/Unreal/repos/TankGame/ToonTanks/ToonTanks.uproject" -game -rocket -progress
[2020.06.26-04.41.55:525][309]Discovering modules, targets and source code for project...
[2020.06.26-04.41.59:351][309]Binding IntelliSense data...
[2020.06.26-04.42.04:304][309]Binding IntelliSense data... 100%
[2020.06.26-04.42.04:304][309]Writing project files...
[2020.06.26-04.42.13:573][309]Writing project files... 100%
[2020.06.26-04.42.13:681][309]LogVSAccessor: Warning: Couldn't access Visual Studio
[2020.06.26-04.42.13:707][309]Candidate modules for hot reload:
[2020.06.26-04.42.13:707][309]  ToonTanks
[2020.06.26-04.42.13:708][309]Launching UnrealBuildTool... [C:/Program Files/Epic Games/UE_4.25/Engine/Binaries/DotNET/UnrealBuildTool.exe  -ModuleWithSuffix=ToonTanks,6288 ToonTanksEditor Win64 Development -Project="C:/Users/TheK-B1000/Desktop/The K-B Folder/Unreal/repos/TankGame/ToonTanks/ToonTanks.uproject" "C:/Users/TheK-B1000/Desktop/The K-B Folder/Unreal/repos/TankGame/ToonTanks/ToonTanks.uproject"  -IgnoreJunk]
[2020.06.26-04.42.53:231][309]CompilerResultsLog: New page: Compilation - Jun 25, 2020, 2:42:53 PM
[2020.06.26-04.42.53:232][309]CompilerResultsLog: Using 'git status' to determine working set for adaptive non-unity build (C:\Users\TheK-B1000\Desktop\The K-B Folder\Unreal\repos\TankGame).
[2020.06.26-04.42.53:232][309]CompilerResultsLog: Creating makefile for ToonTanksEditor (no existing makefile)
[2020.06.26-04.42.53:232][309]CompilerResultsLog: Parsing headers for ToonTanksEditor
[2020.06.26-04.42.53:232][309]CompilerResultsLog:   Running UnrealHeaderTool "C:\Users\TheK-B1000\Desktop\The K-B Folder\Unreal\repos\TankGame\ToonTanks\ToonTanks.uproject" "C:\Users\TheK-B1000\Desktop\The K-B Folder\Unreal\repos\TankGame\ToonTanks\Intermediate\Build\Win64\ToonTanksEditor\Development\ToonTanksEditor.uhtmanifest" -LogCmds="loginit warning, logexit warning, logdatabase error" -Unattended -WarningsAsErrors -abslog="C:\Users\TheK-B1000\AppData\Local\UnrealBuildTool\Log_UHT.txt" -installed
[2020.06.26-04.42.53:232][309]CompilerResultsLog: Reflection code generated for ToonTanksEditor in 12.9399004 seconds
[2020.06.26-04.42.53:232][309]CompilerResultsLog: Building ToonTanksEditor...
[2020.06.26-04.42.53:232][309]CompilerResultsLog: Using Visual Studio 2019 14.25.28614 toolchain (C:\Program Files (x86)\Microsoft Visual Studio\2019\Community\VC\Tools\MSVC\14.25.28610) and Windows 10.0.18362.0 SDK (C:\Program Files (x86)\Windows Kits\10).
[2020.06.26-04.42.53:232][309]CompilerResultsLog: Building 6 actions with 4 processes...
[2020.06.26-04.42.53:232][309]CompilerResultsLog:   [1/6] ToonTanks.init.gen.cpp
[2020.06.26-04.42.53:232][309]CompilerResultsLog:   [2/6] HealthComponent.cpp
[2020.06.26-04.42.53:232][309]CompilerResultsLog:   [3/6] HealthComponent.gen.cpp
[2020.06.26-04.42.53:232][309]CompilerResultsLog:   [4/6] UE4Editor-ToonTanks-6288.lib
[2020.06.26-04.42.53:232][309]CompilerResultsLog:      Creating library C:\Users\TheK-B1000\Desktop\The K-B Folder\Unreal\repos\TankGame\ToonTanks\Intermediate\Build\Win64\UE4Editor\Development\ToonTanks\UE4Editor-ToonTanks-6288.lib and object C:\Users\TheK-B1000\Desktop\The K-B Folder\Unreal\repos\TankGame\ToonTanks\Intermediate\Build\Win64\UE4Editor\Development\ToonTanks\UE4Editor-ToonTanks-6288.exp
[2020.06.26-04.42.53:232][309]CompilerResultsLog:   [5/6] UE4Editor-ToonTanks-6288.dll
[2020.06.26-04.42.53:232][309]CompilerResultsLog:      Creating library C:\Users\TheK-B1000\Desktop\The K-B Folder\Unreal\repos\TankGame\ToonTanks\Intermediate\Build\Win64\UE4Editor\Development\ToonTanks\UE4Editor-ToonTanks-6288.suppressed.lib and object C:\Users\TheK-B1000\Desktop\The K-B Folder\Unreal\repos\TankGame\ToonTanks\Intermediate\Build\Win64\UE4Editor\Development\ToonTanks\UE4Editor-ToonTanks-6288.suppressed.exp
[2020.06.26-04.42.53:232][309]CompilerResultsLog:   [6/6] ToonTanksEditor.target
[2020.06.26-04.42.53:232][309]CompilerResultsLog: Total time in Parallel executor: 21.67 seconds
[2020.06.26-04.42.53:232][309]CompilerResultsLog: Total execution time: 39.28 seconds
[2020.06.26-04.42.53:232][309]LogMainFrame: MainFrame: Module compiling took 39.551 seconds
[2020.06.26-04.42.54:058][309]LogClass: Could not find existing class HealthComponent in package /Script/ToonTanks for HotReload, assuming new class
[2020.06.26-04.42.54:070][309]LogContentBrowser: Native class hierarchy updated for 'ToonTanks' in 0.0007 seconds. Added 6 classes and 6 folders.
[2020.06.26-04.42.54:076][309]Display: HotReload successful (1 functions remapped  0 scriptstructs remapped)
[2020.06.26-04.42.54:158][309]LogContentBrowser: Native class hierarchy populated in 0.0203 seconds. Added 3432 classes and 826 folders.
[2020.06.26-04.42.54:166][309]Display: HotReload took 40.5s.
[2020.06.26-04.42.54:174][309]Warning: HotReload operation took 40.5s.
[2020.06.26-04.42.54:512][309]LogSlate: Window 'Add C++ Class' being destroyed
[2020.06.26-04.42.54:534][309]LogHotReload: New module detected: UE4Editor-ToonTanks-6288.dll
[2020.06.26-04.42.54:778][310]LogHotReload: Starting Hot-Reload from IDE
[2020.06.26-04.42.54:915][310]LogContentBrowser: Native class hierarchy updated for 'ToonTanks' in 0.0008 seconds. Added 6 classes and 6 folders.
[2020.06.26-04.42.54:917][310]Display: HotReload successful (0 functions remapped  0 scriptstructs remapped)
[2020.06.26-04.42.54:935][310]LogContentBrowser: Native class hierarchy populated in 0.0174 seconds. Added 3432 classes and 826 folders.
[2020.06.26-04.42.54:958][310]Display: HotReload took  0.2s.
[2020.06.26-04.44.00:894][340]LogTemp: IOS device listing is disabled (too many failed attempts)!
[2020.06.26-04.44.27:803][ 53]LogTemp: IOS device listing is disabled (too many failed attempts)!
[2020.06.26-04.45.34:916][  0]LogTemp: IOS device listing is disabled (too many failed attempts)!
[2020.06.26-04.56.20:076][524]LogTemp: IOS device listing is disabled (too many failed attempts)!
[2020.06.26-04.58.18:735][629]LogTemp: IOS device listing is disabled (too many failed attempts)!
[2020.06.26-05.19.52:578][434]LogAudioMixer: Warning: Changing default audio render device to new device: {0.0.0.00000000}.{aee8a793-5934-4b47-bf13-ba3c1945cd1d}.
[2020.06.26-05.19.52:578][434]LogTemp: Resetting audio stream to device id 
[2020.06.26-05.19.52:963][434]LogAudioMixer: Display: 0: FrontLeft
[2020.06.26-05.19.52:963][434]LogAudioMixer: Display: 1: FrontRight
[2020.06.26-05.19.53:143][435]LogTemp: Resetting audio stream to device id 
[2020.06.26-05.19.53:213][435]LogAudioMixer: Display: 0: FrontLeft
[2020.06.26-05.19.53:213][435]LogAudioMixer: Display: 1: FrontRight
[2020.06.26-05.21.08:531][281]LogTemp: IOS device listing is disabled (too many failed attempts)!
[2020.06.26-05.21.29:912][844]Candidate modules for hot reload:
[2020.06.26-05.21.29:912][844]  ToonTanks
[2020.06.26-05.21.29:913][844]Launching UnrealBuildTool... [C:/Program Files/Epic Games/UE_4.25/Engine/Binaries/DotNET/UnrealBuildTool.exe  -ModuleWithSuffix=ToonTanks,773 ToonTanksEditor Win64 Development -Project="C:/Users/TheK-B1000/Desktop/The K-B Folder/Unreal/repos/TankGame/ToonTanks/ToonTanks.uproject" "C:/Users/TheK-B1000/Desktop/The K-B Folder/Unreal/repos/TankGame/ToonTanks/ToonTanks.uproject"  -IgnoreJunk]
[2020.06.26-05.21.29:976][844]Warning: Starting HotReload took  0.3s.
[2020.06.26-05.23.25:349][163]CompilerResultsLog: New page: Compilation - Jun 25, 2020, 3:23:25 PM
[2020.06.26-05.23.25:360][163]CompilerResultsLog: Using 'git status' to determine working set for adaptive non-unity build (C:\Users\TheK-B1000\Desktop\The K-B Folder\Unreal\repos\TankGame).
[2020.06.26-05.23.25:360][163]CompilerResultsLog: Creating makefile for ToonTanksEditor (config setting changed)
[2020.06.26-05.23.25:361][163]CompilerResultsLog: Parsing headers for ToonTanksEditor
[2020.06.26-05.23.25:361][163]CompilerResultsLog:   Running UnrealHeaderTool "C:\Users\TheK-B1000\Desktop\The K-B Folder\Unreal\repos\TankGame\ToonTanks\ToonTanks.uproject" "C:\Users\TheK-B1000\Desktop\The K-B Folder\Unreal\repos\TankGame\ToonTanks\Intermediate\Build\Win64\ToonTanksEditor\Development\ToonTanksEditor.uhtmanifest" -LogCmds="loginit warning, logexit warning, logdatabase error" -Unattended -WarningsAsErrors -abslog="C:\Users\TheK-B1000\AppData\Local\UnrealBuildTool\Log_UHT.txt" -installed
[2020.06.26-05.23.25:361][163]CompilerResultsLog: Reflection code generated for ToonTanksEditor in 20.468812 seconds
[2020.06.26-05.23.25:361][163]CompilerResultsLog: Building ToonTanksEditor...
[2020.06.26-05.23.25:361][163]CompilerResultsLog: Using Visual Studio 2019 14.25.28614 toolchain (C:\Program Files (x86)\Microsoft Visual Studio\2019\Community\VC\Tools\MSVC\14.25.28610) and Windows 10.0.18362.0 SDK (C:\Program Files (x86)\Windows Kits\10).
[2020.06.26-05.23.25:361][163]CompilerResultsLog: Building 6 actions with 4 processes...
[2020.06.26-05.23.25:361][163]CompilerResultsLog:   [1/6] HealthComponent.cpp
[2020.06.26-05.23.25:361][163]CompilerResultsLog:   [2/6] ToonTanks.init.gen.cpp
[2020.06.26-05.23.25:361][163]CompilerResultsLog:   [3/6] HealthComponent.gen.cpp
[2020.06.26-05.23.25:361][163]CompilerResultsLog:   [4/6] UE4Editor-ToonTanks-0773.lib
[2020.06.26-05.23.25:361][163]CompilerResultsLog:      Creating library C:\Users\TheK-B1000\Desktop\The K-B Folder\Unreal\repos\TankGame\ToonTanks\Intermediate\Build\Win64\UE4Editor\Development\ToonTanks\UE4Editor-ToonTanks-0773.lib and object C:\Users\TheK-B1000\Desktop\The K-B Folder\Unreal\repos\TankGame\ToonTanks\Intermediate\Build\Win64\UE4Editor\Development\ToonTanks\UE4Editor-ToonTanks-0773.exp
[2020.06.26-05.23.25:361][163]CompilerResultsLog:   [5/6] UE4Editor-ToonTanks-0773.dll
[2020.06.26-05.23.25:361][163]CompilerResultsLog:      Creating library C:\Users\TheK-B1000\Desktop\The K-B Folder\Unreal\repos\TankGame\ToonTanks\Intermediate\Build\Win64\UE4Editor\Development\ToonTanks\UE4Editor-ToonTanks-0773.suppressed.lib and object C:\Users\TheK-B1000\Desktop\The K-B Folder\Unreal\repos\TankGame\ToonTanks\Intermediate\Build\Win64\UE4Editor\Development\ToonTanks\UE4Editor-ToonTanks-0773.suppressed.exp
[2020.06.26-05.23.25:361][163]CompilerResultsLog:   [6/6] ToonTanksEditor.target
[2020.06.26-05.23.25:361][163]CompilerResultsLog: Total time in Parallel executor: 82.90 seconds
[2020.06.26-05.23.25:361][163]CompilerResultsLog: Total execution time: 114.46 seconds
[2020.06.26-05.23.25:362][163]LogMainFrame: MainFrame: Module compiling took 115.470 seconds
[2020.06.26-05.23.25:641][163]LogContentBrowser: Native class hierarchy populated in 0.2646 seconds. Added 3432 classes and 826 folders.
[2020.06.26-05.23.25:751][163]Display: HotReload took 116.1s.
[2020.06.26-05.24.41:679][488]LogSlate: Took 0.004788 seconds to synchronously load lazily loaded font '../../../Engine/Content/Slate/Fonts/DroidSansMono.ttf' (77K)
